<?xml version="1.0" encoding="UTF-8"?>
<robot generator="Robot 4.0.3 (Python 3.9.6 on win32)" generated="20210707 14:33:14.703" rpa="false" schemaversion="2">
<suite id="s1" name="TestCasesAPIBooks" source="C:\Users\barbara\Desktop\Robot-Framework\BooksAPI-aula\TestCasesAPIBooks.robot">
<kw name="Conectar a minha API" library="ResourceAPI" type="SETUP">
<kw name="Create Session" library="RequestsLibrary">
<arg>fakeAPI</arg>
<arg>${URL_API}</arg>
<doc>Create Session: create a HTTP session to a server</doc>
<msg timestamp="20210707 14:33:14.820" level="INFO">Creating Session using : alias=fakeAPI, url=https://fakerestapi.azurewebsites.net/api/v1/, headers={},                     cookies={}, auth=None, timeout=None, proxies=None, verify=False,                     debug=0 </msg>
<status status="PASS" starttime="20210707 14:33:14.820" endtime="20210707 14:33:14.820"/>
</kw>
<kw name="Create Dictionary" library="BuiltIn">
<var>${HEADERS}</var>
<arg>content-type=application/json</arg>
<doc>Creates and returns a dictionary based on the given ``items``.</doc>
<msg timestamp="20210707 14:33:14.821" level="INFO">${HEADERS} = {'content-type': 'application/json'}</msg>
<status status="PASS" starttime="20210707 14:33:14.820" endtime="20210707 14:33:14.821"/>
</kw>
<kw name="Set Suite Variable" library="BuiltIn">
<arg>${HEADERS}</arg>
<doc>Makes a variable available everywhere within the scope of the current suite.</doc>
<msg timestamp="20210707 14:33:14.821" level="INFO">${HEADERS} = {'content-type': 'application/json'}</msg>
<status status="PASS" starttime="20210707 14:33:14.821" endtime="20210707 14:33:14.821"/>
</kw>
<status status="PASS" starttime="20210707 14:33:14.819" endtime="20210707 14:33:14.821"/>
</kw>
<test id="s1-t1" name="Buscar a listagem de todos os livros (GET em todos os livros)">
<kw name="Requisitar todos os livros" library="ResourceAPI">
<kw name="Get On Session" library="RequestsLibrary">
<var>${RESPOSTA}</var>
<arg>fakeAPI</arg>
<arg>Books</arg>
<doc>Sends a GET request on a previously created HTTP Session.</doc>
<msg timestamp="20210707 14:33:17.011" level="INFO">GET Request : url=https://fakerestapi.azurewebsites.net/api/v1/Books 
 path_url=/api/v1/Books 
 headers={'User-Agent': 'python-requests/2.25.1', 'Accept-Encoding': 'gzip, deflate', 'Accept': '*/*', 'Connection': 'keep-alive'} 
 body=None 
 </msg>
<msg timestamp="20210707 14:33:17.013" level="INFO">GET Response : url=https://fakerestapi.azurewebsites.net/api/v1/Books 
 status=200, reason=OK 
 headers={'Transfer-Encoding': 'chunked', 'Content-Type': 'application/json; charset=utf-8; v=1.0', 'Server': 'Kestrel', 'api-supported-versions': '1.0', 'Date': 'Wed, 07 Jul 2021 17:35:02 GMT'} 
 body=[{"id":1,"title":"Book 1","description":"Diam sed lorem no magna kasd nibh et voluptua eum lorem et vero dolores. Magna et labore ea sed takimata aliquyam. Est accusam no vero. Sed duis duo dolore dolor sed duo magna et ipsum quis no. Consequat sed consetetur sanctus elitr et ipsum. Sit labore feugiat dolor labore amet ea takimata amet eu at amet et lobortis. Imperdiet et labore dolore et dolor. Rebum eirmod eu ipsum aliquyam ut ipsum kasd sadipscing diam sed dignissim amet et sit dolore. Erat zzril sadipscing suscipit tincidunt erat dolor ut sadipscing possim. Est in diam aliquam sea dolore elitr eos eos accumsan no vero dolore et molestie esse aliquyam. Eirmod rebum ea facilisis kasd eirmod nonummy vulputate elitr zzril duo gubergren amet. Invidunt voluptua sit sed amet aliquyam dolore blandit dolore no clita ipsum stet et et justo ipsum diam. Et aliquyam et ea et adipiscing wisi amet sit et sea. Sadipscing clita accusam sed justo et et et elit.\n","pageCount":100,"excerpt":"Duo amet liber vero ad. Dolores sit elit duo dolor dolores consetetur. Eirmod labore duis velit sanctus diam invidunt ea no amet ut lorem. Nulla amet kasd clita kasd eros. Est feugiat nam odio et ea dolor et praesent ut et justo feugait duo sit.\nAt clita ut at accusam et eirmod delenit magna magna. Consectetuer illum eirmod erat velit eos ipsum clita stet augue sit. Et accumsan no elitr luptatum sit clita consetetur sea elitr dolore lorem dolore sed. Et ipsum dolore stet. Qui ut nonumy at dolor amet clita sed eum sit dolor iusto. Eu invidunt sanctus invidunt consetetur ad aliquyam rebum clita ipsum sadipscing dolore sed. Diam option nobis. Consetetur blandit justo eos. Ad diam et dolores lorem magna consectetuer dolore feugait. Est eu iusto eu takimata sea accusam ipsum dolores veniam iusto accusam. At sadipscing rebum iriure consequat tempor justo dolore gubergren. Ipsum diam feugiat placerat eirmod lorem accusam feugiat invidunt in magna consequat.\nDolor delenit nulla elit diam dolore consetetur liber vel vero id justo dolore veniam wisi option kasd dolore consetetur. Dolore eirmod tempor dolore aliquyam ipsum consequat clita sea ipsum. Ea sed et at dolor ipsum ipsum accusam aliquyam consequat at ipsum magna lorem sea eirmod takimata kasd sed. Et sit iriure tempor enim takimata magna takimata voluptua at diam dolore invidunt. Sit ut dolor labore eum ut laoreet erat ipsum. Consequat lorem eirmod et dolore consequat sed te vero takimata amet dolore duo dolor. Rebum amet ea magna. Rebum amet vero consequat autem stet sit in sed dolores erat. Et option sed aliquip eos in elitr exerci clita consetetur dolor eros et. Vero sit lorem eos soluta delenit et amet vero esse aliquyam erat ipsum diam ea cum.\nCommodo clita clita sed takimata dolor voluptua sed. Dolore sed luptatum aliquyam rebum. Magna qui amet. Labore labore ipsum ipsum eleifend dolores. Labore sadipscing nulla rebum sed kasd nonumy eirmod aliquyam dolor justo ipsum amet tempor gubergren enim. Nulla et ea diam kasd. Euismod sed sit amet eum luptatum iriure dolor diam at at aliquip dolore aliquam vel. Et accusam magna assum magna lobortis diam quod minim dolor augue. Dolor ipsum consetetur consetetur delenit clita elitr et odio odio. At elitr aliquip commodo dolor dolor sadipscing. Duo no ut lorem. Accumsan takimata lorem consequat velit ipsum lorem. Facilisi mazim voluptua magna eros at gubergren no amet. Invidunt magna voluptua eu sadipscing lobortis ea. Clita diam nonumy ex elit sea sed sea erat facilisis rebum lorem consetetur vulputate nam elitr dolor dolor ipsum.\nIn ut accusam. Zzril duo accumsan lorem justo et ad duis sed erat est. Eos volutpat duo sit elitr duo sanctus diam sed magna tempor invidunt tempor nostrud eirmod et clita zzril diam.\n","publishDate":"2021-07-06T17:35:03.4667754+00:00"},{"id":2,"title":"Book 2","description":"Clita possim rebum gubergren accusam esse. Vel consetetur diam sed takimata rebum et ipsum invidunt dolor aliquyam illum ipsum labore kasd erat at. Voluptua kasd dolore magna consectetuer est eleifend vero placerat at lorem. Liber labore et. Erat sanctus et. Justo vero ipsum et elitr at hendrerit at sed labore dolore eros.\n","pageCount":200,"excerpt":"Justo diam sanctus dolor diam duo diam ea eos esse ipsum eirmod erat eos. Erat aliquyam lorem dolore magna nibh facilisi sit lorem eum et vel erat amet et dolor iusto duo. Invidunt takimata sed dolore voluptua no dolor et dolor dolor amet amet. Accumsan duo kasd id no elitr duis dolor et lobortis feugait eum dolore elitr amet at eirmod. Dolor sed euismod. Et laoreet amet rebum et lorem labore takimata ipsum kasd. Illum et ut amet sit sed sit aliquam lorem nisl invidunt. Erat magna elitr. Clita vel sanctus augue lorem in tempor ea nonumy facilisi facilisis rebum duo no vero. Kasd diam tempor eirmod sadipscing diam eos tempor magna accusam nulla. Gubergren nobis dolor ipsum sed kasd labore ea invidunt iusto euismod molestie et hendrerit eos diam dolore quod. Mazim gubergren dolor justo exerci eum lorem dolor te sea et vero commodo dolore dolores. Stet aliquip ullamcorper labore at kasd consequat dolore ipsum sanctus aliquyam vulputate sed magna et. Autem rebum facilisis ipsum amet lorem et duis iusto ad sed. Ea ut ut sadipscing liber. Vero hendrerit dignissim et esse et sed in et kasd justo stet aliquip sanctus sit no blandit sed eros. Stet ut clita eos quis sanctus ipsum amet diam hendrerit dolor autem clita dignissim takimata amet sadipscing. Quis ea sadipscing ipsum sea sadipscing takimata dolore et et ut nonummy. Voluptua tincidunt amet ipsum eu consequat minim elit feugiat.\nSed dolore ipsum gubergren. Vero gubergren lorem. Et labore sit nobis sea sed et dolor elitr quis kasd et dolores id ut. Duis tincidunt est eirmod rebum consequat justo nulla consequat hendrerit ut voluptua illum. Voluptua justo dolore molestie ipsum clita sed diam eos lorem gubergren eros est amet amet magna elitr et ut. At eum et feugait takimata diam takimata ullamcorper sit. Rebum feugait clita eros gubergren ut gubergren. Amet duis diam ipsum ea eos elitr sit sed eu dolore in hendrerit vel sadipscing nulla eirmod volutpat ipsum. Dolore congue consetetur tempor nonumy. Et invidunt et clita assum sanctus feugiat consetetur gubergren labore takimata zzril sea. Diam sed lorem suscipit erat clita nonumy dignissim zzril. Eros dolor ipsum commodo. Adipiscing no invidunt magna soluta veniam invidunt magna eum accusam at dolor. Elitr feugiat lorem sed dolor et sanctus accusam sit aliquyam ad tation et lorem stet invidunt. In sed elitr kasd lorem dolor iriure.\nEt labore at sed justo eleifend sed clita diam et clita stet sea dolore accusam. Consetetur molestie amet nonummy ipsum et diam tempor magna no clita sed at hendrerit. Nonumy ad diam magna takimata sit et voluptua nonumy congue lorem accusam lorem labore consequat. Et dolore takimata eos autem lobortis id vero ipsum. Est ea sit ipsum vulputate vel et sed nonumy duo aliquam takimata dolor diam at. Gubergren dolor lorem stet dolore clita consetetur et consetetur no et mazim at. Labore elit vero no takimata. Ea nonummy tincidunt gubergren stet et sea eos ipsum lorem. Ut vel nonumy. Elit dolor sea takimata sadipscing imperdiet ut magna invidunt dolore duo dolor et erat diam diam ipsum. Lorem diam eos.\nVoluptua aliquyam eum erat no. Vulputate sanctus nonumy ullamcorper consetetur aliquyam dolore ex in magna lorem invidunt stet ipsum. Quod nobis accusam dolor nulla justo hendrerit ipsum sed no. Consetetur luptatum eu voluptua volutpat consetetur. Enim diam stet placerat elitr dolore accusam eros wisi liber exerci tation et.\nEos ipsum amet est tempor minim nonummy kasd ullamcorper et dolor. Kasd consetetur consetetur duo dolore lorem erat et. Est sed sit eirmod lorem no sea. Sea vero voluptua zzril dolor. Duis et ut lorem lorem voluptua illum. Feugait dolores accumsan consetetur diam tempor no kasd lorem ut nonumy. Sit ea vero aliquyam nostrud takimata consectetuer et ut vero invidunt erat at tincidunt tempor ipsum duo. Sit erat at in delenit amet rebum sit aliquyam et elitr dignissim et feugait. Amet sit tempor amet accusam laoreet ut in lorem sed invidunt magna assum. Erat sed nibh vero et ea et sanctus ipsum consetetur dignissim sadipscing sed tempor dolor. In et sit euismod gubergren suscipit magna sit sea vel takimata sit. Sadipscing amet commodo minim sanctus eos diam wisi dolor dolor sit hendrerit. Amet ea vero. Accusam cum esse ex sit.\n","publishDate":"2021-07-05T17:35:03.4671992+00:00"},{"id":3,"title":"Book 3","description":"Clita duo voluptua ipsum sea consetetur rebum kasd consetetur accusam lorem. Ut sed dolores dolores erat facilisi diam. Dolor clita amet quis sed ipsum ea amet minim et accusam dolor tincidunt voluptua quis lorem clita. Est gubergren ea molestie mazim at dolore gubergren gubergren clita amet consetetur sit hendrerit kasd augue sit accusam. Ipsum nulla sed labore eirmod ipsum lorem sed. Justo vero nihil molestie et et eirmod erat kasd. Eos dolores facilisis invidunt est at sed duo.\n","pageCount":300,"excerpt":"Magna eos luptatum duis ut eirmod esse sed takimata amet kasd gubergren nonumy lorem amet enim et consequat clita. Dolor eos accusam consetetur vel vel tempor sed sit amet vero voluptua accusam ea consequat accusam amet. Sed ut magna duo tempor zzril consequat amet voluptua tempor et ipsum lorem nulla elitr in vero et. Dolor amet autem tempor nihil et nam velit sea feugait magna nonumy voluptua nulla velit. Veniam ut rebum id in eirmod lorem. Clita gubergren in vero rebum lobortis blandit.\nAt elitr ut tempor magna ex diam exerci eos ad accusam lorem nulla dolor in commodo et est. Sadipscing lorem ea duo voluptua lorem et gubergren sadipscing nulla ipsum. Sea voluptua stet dolore ea accusam vel dolor dolore lorem sit. Ipsum sanctus ut sit et sed vero dolor molestie dolores tempor ea diam eros te eirmod at justo. Sed sit diam vero lorem dolor gubergren. Stet diam dolor lorem justo aliquyam ut et. Aliquyam et kasd sit. At diam accusam do... (set the log level to DEBUG or TRACE to see the full content) 
 </msg>
<msg timestamp="20210707 14:33:17.014" level="INFO">c:\users\barbara\appdata\local\programs\python\python39\lib\site-packages\urllib3\connectionpool.py:1013: InsecureRequestWarning: Unverified HTTPS request is being made to host 'fakerestapi.azurewebsites.net'. Adding certificate verification is strongly advised. See: https://urllib3.readthedocs.io/en/1.26.x/advanced-usage.html#ssl-warnings
  warnings.warn(</msg>
<msg timestamp="20210707 14:33:17.017" level="INFO">${RESPOSTA} = &lt;Response [200]&gt;</msg>
<status status="PASS" starttime="20210707 14:33:14.822" endtime="20210707 14:33:17.017"/>
</kw>
<kw name="Log" library="BuiltIn">
<arg>${RESPOSTA.text}</arg>
<doc>Logs the given message with the given level.</doc>
<msg timestamp="20210707 14:33:17.027" level="INFO">[{"id":1,"title":"Book 1","description":"Diam sed lorem no magna kasd nibh et voluptua eum lorem et vero dolores. Magna et labore ea sed takimata aliquyam. Est accusam no vero. Sed duis duo dolore dolor sed duo magna et ipsum quis no. Consequat sed consetetur sanctus elitr et ipsum. Sit labore feugiat dolor labore amet ea takimata amet eu at amet et lobortis. Imperdiet et labore dolore et dolor. Rebum eirmod eu ipsum aliquyam ut ipsum kasd sadipscing diam sed dignissim amet et sit dolore. Erat zzril sadipscing suscipit tincidunt erat dolor ut sadipscing possim. Est in diam aliquam sea dolore elitr eos eos accumsan no vero dolore et molestie esse aliquyam. Eirmod rebum ea facilisis kasd eirmod nonummy vulputate elitr zzril duo gubergren amet. Invidunt voluptua sit sed amet aliquyam dolore blandit dolore no clita ipsum stet et et justo ipsum diam. Et aliquyam et ea et adipiscing wisi amet sit et sea. Sadipscing clita accusam sed justo et et et elit.\n","pageCount":100,"excerpt":"Duo amet liber vero ad. Dolores sit elit duo dolor dolores consetetur. Eirmod labore duis velit sanctus diam invidunt ea no amet ut lorem. Nulla amet kasd clita kasd eros. Est feugiat nam odio et ea dolor et praesent ut et justo feugait duo sit.\nAt clita ut at accusam et eirmod delenit magna magna. Consectetuer illum eirmod erat velit eos ipsum clita stet augue sit. Et accumsan no elitr luptatum sit clita consetetur sea elitr dolore lorem dolore sed. Et ipsum dolore stet. Qui ut nonumy at dolor amet clita sed eum sit dolor iusto. Eu invidunt sanctus invidunt consetetur ad aliquyam rebum clita ipsum sadipscing dolore sed. Diam option nobis. Consetetur blandit justo eos. Ad diam et dolores lorem magna consectetuer dolore feugait. Est eu iusto eu takimata sea accusam ipsum dolores veniam iusto accusam. At sadipscing rebum iriure consequat tempor justo dolore gubergren. Ipsum diam feugiat placerat eirmod lorem accusam feugiat invidunt in magna consequat.\nDolor delenit nulla elit diam dolore consetetur liber vel vero id justo dolore veniam wisi option kasd dolore consetetur. Dolore eirmod tempor dolore aliquyam ipsum consequat clita sea ipsum. Ea sed et at dolor ipsum ipsum accusam aliquyam consequat at ipsum magna lorem sea eirmod takimata kasd sed. Et sit iriure tempor enim takimata magna takimata voluptua at diam dolore invidunt. Sit ut dolor labore eum ut laoreet erat ipsum. Consequat lorem eirmod et dolore consequat sed te vero takimata amet dolore duo dolor. Rebum amet ea magna. Rebum amet vero consequat autem stet sit in sed dolores erat. Et option sed aliquip eos in elitr exerci clita consetetur dolor eros et. Vero sit lorem eos soluta delenit et amet vero esse aliquyam erat ipsum diam ea cum.\nCommodo clita clita sed takimata dolor voluptua sed. Dolore sed luptatum aliquyam rebum. Magna qui amet. Labore labore ipsum ipsum eleifend dolores. Labore sadipscing nulla rebum sed kasd nonumy eirmod aliquyam dolor justo ipsum amet tempor gubergren enim. Nulla et ea diam kasd. Euismod sed sit amet eum luptatum iriure dolor diam at at aliquip dolore aliquam vel. Et accusam magna assum magna lobortis diam quod minim dolor augue. Dolor ipsum consetetur consetetur delenit clita elitr et odio odio. At elitr aliquip commodo dolor dolor sadipscing. Duo no ut lorem. Accumsan takimata lorem consequat velit ipsum lorem. Facilisi mazim voluptua magna eros at gubergren no amet. Invidunt magna voluptua eu sadipscing lobortis ea. Clita diam nonumy ex elit sea sed sea erat facilisis rebum lorem consetetur vulputate nam elitr dolor dolor ipsum.\nIn ut accusam. Zzril duo accumsan lorem justo et ad duis sed erat est. Eos volutpat duo sit elitr duo sanctus diam sed magna tempor invidunt tempor nostrud eirmod et clita zzril diam.\n","publishDate":"2021-07-06T17:35:03.4667754+00:00"},{"id":2,"title":"Book 2","description":"Clita possim rebum gubergren accusam esse. Vel consetetur diam sed takimata rebum et ipsum invidunt dolor aliquyam illum ipsum labore kasd erat at. Voluptua kasd dolore magna consectetuer est eleifend vero placerat at lorem. Liber labore et. Erat sanctus et. Justo vero ipsum et elitr at hendrerit at sed labore dolore eros.\n","pageCount":200,"excerpt":"Justo diam sanctus dolor diam duo diam ea eos esse ipsum eirmod erat eos. Erat aliquyam lorem dolore magna nibh facilisi sit lorem eum et vel erat amet et dolor iusto duo. Invidunt takimata sed dolore voluptua no dolor et dolor dolor amet amet. Accumsan duo kasd id no elitr duis dolor et lobortis feugait eum dolore elitr amet at eirmod. Dolor sed euismod. Et laoreet amet rebum et lorem labore takimata ipsum kasd. Illum et ut amet sit sed sit aliquam lorem nisl invidunt. Erat magna elitr. Clita vel sanctus augue lorem in tempor ea nonumy facilisi facilisis rebum duo no vero. Kasd diam tempor eirmod sadipscing diam eos tempor magna accusam nulla. Gubergren nobis dolor ipsum sed kasd labore ea invidunt iusto euismod molestie et hendrerit eos diam dolore quod. Mazim gubergren dolor justo exerci eum lorem dolor te sea et vero commodo dolore dolores. Stet aliquip ullamcorper labore at kasd consequat dolore ipsum sanctus aliquyam vulputate sed magna et. Autem rebum facilisis ipsum amet lorem et duis iusto ad sed. Ea ut ut sadipscing liber. Vero hendrerit dignissim et esse et sed in et kasd justo stet aliquip sanctus sit no blandit sed eros. Stet ut clita eos quis sanctus ipsum amet diam hendrerit dolor autem clita dignissim takimata amet sadipscing. Quis ea sadipscing ipsum sea sadipscing takimata dolore et et ut nonummy. Voluptua tincidunt amet ipsum eu consequat minim elit feugiat.\nSed dolore ipsum gubergren. Vero gubergren lorem. Et labore sit nobis sea sed et dolor elitr quis kasd et dolores id ut. Duis tincidunt est eirmod rebum consequat justo nulla consequat hendrerit ut voluptua illum. Voluptua justo dolore molestie ipsum clita sed diam eos lorem gubergren eros est amet amet magna elitr et ut. At eum et feugait takimata diam takimata ullamcorper sit. Rebum feugait clita eros gubergren ut gubergren. Amet duis diam ipsum ea eos elitr sit sed eu dolore in hendrerit vel sadipscing nulla eirmod volutpat ipsum. Dolore congue consetetur tempor nonumy. Et invidunt et clita assum sanctus feugiat consetetur gubergren labore takimata zzril sea. Diam sed lorem suscipit erat clita nonumy dignissim zzril. Eros dolor ipsum commodo. Adipiscing no invidunt magna soluta veniam invidunt magna eum accusam at dolor. Elitr feugiat lorem sed dolor et sanctus accusam sit aliquyam ad tation et lorem stet invidunt. In sed elitr kasd lorem dolor iriure.\nEt labore at sed justo eleifend sed clita diam et clita stet sea dolore accusam. Consetetur molestie amet nonummy ipsum et diam tempor magna no clita sed at hendrerit. Nonumy ad diam magna takimata sit et voluptua nonumy congue lorem accusam lorem labore consequat. Et dolore takimata eos autem lobortis id vero ipsum. Est ea sit ipsum vulputate vel et sed nonumy duo aliquam takimata dolor diam at. Gubergren dolor lorem stet dolore clita consetetur et consetetur no et mazim at. Labore elit vero no takimata. Ea nonummy tincidunt gubergren stet et sea eos ipsum lorem. Ut vel nonumy. Elit dolor sea takimata sadipscing imperdiet ut magna invidunt dolore duo dolor et erat diam diam ipsum. Lorem diam eos.\nVoluptua aliquyam eum erat no. Vulputate sanctus nonumy ullamcorper consetetur aliquyam dolore ex in magna lorem invidunt stet ipsum. Quod nobis accusam dolor nulla justo hendrerit ipsum sed no. Consetetur luptatum eu voluptua volutpat consetetur. Enim diam stet placerat elitr dolore accusam eros wisi liber exerci tation et.\nEos ipsum amet est tempor minim nonummy kasd ullamcorper et dolor. Kasd consetetur consetetur duo dolore lorem erat et. Est sed sit eirmod lorem no sea. Sea vero voluptua zzril dolor. Duis et ut lorem lorem voluptua illum. Feugait dolores accumsan consetetur diam tempor no kasd lorem ut nonumy. Sit ea vero aliquyam nostrud takimata consectetuer et ut vero invidunt erat at tincidunt tempor ipsum duo. Sit erat at in delenit amet rebum sit aliquyam et elitr dignissim et feugait. Amet sit tempor amet accusam laoreet ut in lorem sed invidunt magna assum. Erat sed nibh vero et ea et sanctus ipsum consetetur dignissim sadipscing sed tempor dolor. In et sit euismod gubergren suscipit magna sit sea vel takimata sit. Sadipscing amet commodo minim sanctus eos diam wisi dolor dolor sit hendrerit. Amet ea vero. Accusam cum esse ex sit.\n","publishDate":"2021-07-05T17:35:03.4671992+00:00"},{"id":3,"title":"Book 3","description":"Clita duo voluptua ipsum sea consetetur rebum kasd consetetur accusam lorem. Ut sed dolores dolores erat facilisi diam. Dolor clita amet quis sed ipsum ea amet minim et accusam dolor tincidunt voluptua quis lorem clita. Est gubergren ea molestie mazim at dolore gubergren gubergren clita amet consetetur sit hendrerit kasd augue sit accusam. Ipsum nulla sed labore eirmod ipsum lorem sed. Justo vero nihil molestie et et eirmod erat kasd. Eos dolores facilisis invidunt est at sed duo.\n","pageCount":300,"excerpt":"Magna eos luptatum duis ut eirmod esse sed takimata amet kasd gubergren nonumy lorem amet enim et consequat clita. Dolor eos accusam consetetur vel vel tempor sed sit amet vero voluptua accusam ea consequat accusam amet. Sed ut magna duo tempor zzril consequat amet voluptua tempor et ipsum lorem nulla elitr in vero et. Dolor amet autem tempor nihil et nam velit sea feugait magna nonumy voluptua nulla velit. Veniam ut rebum id in eirmod lorem. Clita gubergren in vero rebum lobortis blandit.\nAt elitr ut tempor magna ex diam exerci eos ad accusam lorem nulla dolor in commodo et est. Sadipscing lorem ea duo voluptua lorem et gubergren sadipscing nulla ipsum. Sea voluptua stet dolore ea accusam vel dolor dolore lorem sit. Ipsum sanctus ut sit et sed vero dolor molestie dolores tempor ea diam eros te eirmod at justo. Sed sit diam vero lorem dolor gubergren. Stet diam dolor lorem justo aliquyam ut et. Aliquyam et kasd sit. At diam accusam dolore amet duis dolor stet diam ex dolor et vero. Amet sit sed vel dolor soluta accumsan magna takimata nonumy duo rebum eirmod ipsum et eirmod nulla. Voluptua elitr minim lorem veniam ullamcorper dolor elitr vero labore erat. Lorem diam sea eleifend wisi tempor zzril rebum et enim sanctus augue eos duis. Amet et diam clita aliquyam sit. Sea lorem autem stet accusam est stet dolores nisl consequat et duis elitr sit exerci.\nAccusam feugait molestie consectetuer dolor no est clita elitr stet no sed amet tempor ut voluptua lorem. Lobortis diam nisl adipiscing. Dolor vero elitr ea. Invidunt amet kasd diam magna assum eum accumsan qui duo consectetuer. Tempor ipsum facilisis tempor molestie est dolores. Consequat ipsum justo et sed erat sit blandit eum kasd dolore dolor. Takimata at ut gubergren. Takimata sanctus vero et lobortis consetetur nulla nibh euismod blandit at imperdiet rebum stet. Exerci iusto vero diam. Sit esse stet ea sanctus at. Invidunt ea dolores nulla dignissim diam. Dolor labore et molestie eirmod stet et suscipit iriure duis dolor. At est dolor sit ut est nonumy et consetetur ipsum clita invidunt sanctus diam sanctus invidunt et adipiscing. Diam sed et. Nulla nonumy accusam iriure dolores consectetuer diam clita ullamcorper dolor nonumy molestie minim clita minim vero ipsum. Lobortis nonummy esse ipsum sea sed justo at ut nonumy erat voluptua vero qui sea. Molestie ipsum invidunt eum kasd ipsum justo et. Eirmod sit ea clita dolore sit ipsum justo lorem ad duis eirmod.\nDiam ex luptatum. Ipsum aliquyam et accusam ipsum illum ipsum elit vero est dolore tempor amet aliquyam dolore nonumy facilisis sanctus. Est justo volutpat amet magna dignissim. Rebum labore lobortis iriure ut et sanctus eirmod ipsum ipsum no nonumy et dolore. Sit duo duis. Sit nulla id labore voluptua eos magna delenit elit diam nonumy clita lorem eros kasd labore placerat. In erat no. Est duo magna nonumy et dolor takimata euismod dolor aliquyam stet no in dolor ipsum congue invidunt enim. Et ipsum dolor qui sit veniam sed dolor justo et commodo aliquyam nibh nostrud at. Sed tempor diam et dolor aliquyam dolor et. Eirmod autem sit.\nSed delenit ex facilisi ipsum doming ea minim nibh et ea lorem takimata sit et. Et sanctus justo consetetur sadipscing eu nonumy ut lorem eirmod lorem diam dolor duo rebum sadipscing. Sit et voluptua. Eirmod elitr et ea sed sit ipsum lorem. Dolor rebum wisi sit diam sadipscing stet accumsan consetetur consectetuer vero et suscipit ipsum vero sit dolores kasd. Et clita sadipscing ut vulputate sit gubergren et diam sit. Amet dolore at ut facilisi eirmod. Invidunt sanctus eros labore est. Sed nisl kasd illum duo amet lobortis ut ipsum stet voluptua erat erat no kasd. Mazim magna dolor facilisi ipsum vero ipsum vero doming eos. Exerci sea blandit est labore aliquyam erat lorem vero sed diam gubergren dolore et nulla est rebum sed. Suscipit no justo molestie ut dolor facilisis amet takimata ipsum kasd vero accusam voluptua tation.\n","publishDate":"2021-07-04T17:35:03.4673017+00:00"},{"id":4,"title":"Book 4","description":"Aliquyam gubergren elitr illum molestie rebum dolor vero eum diam sadipscing eum suscipit. Nonumy consetetur invidunt aliquyam. Vero sadipscing et magna stet nonumy erat diam et.\n","pageCount":400,"excerpt":"Lorem eum sadipscing kasd magna stet no labore accusam justo ea justo nihil consetetur dignissim enim minim feugait consectetuer. Labore duo eos. Elitr dolore sed nostrud vulputate nulla justo lobortis lorem. Dolor elitr at et ipsum lorem erat nonumy invidunt amet sed nulla no consequat elitr elitr rebum nulla.\nEst accusam velit et ea lorem duis lorem. Sit voluptua sit gubergren nulla aliquyam rebum consetetur. Duo consequat nonumy at duo luptatum ex et sed magna est ipsum ea at nulla magna consetetur sea sit.\nVel eirmod adipiscing lorem ipsum dolor stet wisi stet lorem dolore labore minim. Facilisi elitr dolores facilisi tempor. Dolores accumsan consetetur invidunt invidunt ipsum elitr takimata sit dolor dolor dolor. Nonumy ullamcorper duo ea dolor. Commodo tempor vero takimata labore lorem illum justo eirmod sanctus nam euismod sadipscing ut enim sit. Ipsum vero magna amet dolor amet dolore sed dolor at. Nonumy duo nisl dolore esse dolores takimata et ipsum ipsum vel rebum nonumy et sit duo vel.\nTempor magna et sed stet sit rebum sit gubergren rebum accumsan diam lorem accumsan dignissim et amet eos erat. Elitr nulla at sed rebum ut et gubergren lorem nonummy qui dolor. Dolor clita amet lorem velit aliquyam labore et duo aliquyam erat clita. Dolor sit ipsum gubergren sit et. Amet magna sed commodo odio magna sit et amet lorem diam lorem et et sit at nonumy consectetuer ut. Amet veniam et ipsum vero dignissim dolor et eum dolore sit esse tempor. Ipsum velit justo erat sit minim consetetur. Eirmod sed ipsum et mazim hendrerit consetetur ipsum invidunt nostrud et justo. Aliquyam at sed consetetur velit ipsum diam aliquyam amet est lorem amet amet sit. Justo consectetuer aliquip suscipit feugiat vel labore nonumy ipsum justo feugiat lorem rebum kasd dolor sed sanctus sit invidunt. Praesent dolore diam ipsum imperdiet consequat et ut dolore aliquam in velit. No vel ut vero magna et rebum elitr duis tincidunt rebum nonumy facilisi sed. At elitr et odio odio. Est diam autem voluptua.\nSed sadipscing ut vulputate dolore imperdiet sed diam voluptua sadipscing labore elitr at. No magna no sanctus sit sit amet commodo elitr tempor facilisis elitr amet et. Vero amet ea at dolor clita elitr clita sit. Clita duo vel accusam et justo vero in iriure aliquyam elitr ut duis. Amet zzril vero eu stet duo tincidunt eos lobortis eu nonummy vel ea amet amet gubergren minim clita. Sadipscing erat no imperdiet sadipscing consetetur eos facilisi tempor. Soluta feugait kasd labore molestie et vel lorem ea tempor in suscipit est sea.\n","publishDate":"2021-07-03T17:35:03.467362+00:00"},{"id":5,"title":"Book 5","description":"Ipsum takimata sed takimata augue qui assum lorem justo ut consetetur quis dignissim. Nulla et magna. Ipsum ut voluptua dolore amet tation ipsum ea dolor elitr ea ut sea nisl ipsum quis. Sit quis magna nisl qui amet gubergren sed dolore dolor invidunt dolore dolores autem. Feugait duis voluptua voluptua wisi molestie erat eirmod sea ea blandit sanctus molestie possim. Lorem ipsum nibh et at et diam ipsum nonumy accusam diam no nulla accusam quis amet. Elit vel kasd elitr dolores amet magna justo lorem praesent elitr ipsum sed ex sanctus nonumy justo erat. Sed vel vero kasd. Gubergren commodo takimata at voluptua tincidunt lorem eirmod sed magna accumsan tempor zzril sea dolore eirmod sed amet rebum. Adipiscing consetetur dolor elitr dolor. Accusam tincidunt ullamcorper diam dolores nisl ipsum nulla rebum dolore suscipit aliquam dolore lorem ad et clita soluta duo. Voluptua et takimata option ea aliquyam clita.\n","pageCount":500,"excerpt":"Erat nonummy dolor voluptua vulputate amet sed sanctus lorem at sea takimata nonumy vero at sea. Enim nonumy elitr lorem praesent amet facilisi augue sea ea erat sed lobortis. Eirmod justo no accusam et lorem sadipscing et lorem nonumy tincidunt dolores dolore amet luptatum magna stet. Vero et gubergren nulla ut ipsum eos takimata eu. Sadipscing duo laoreet elitr erat wisi ullamcorper veniam dolor amet et invidunt at. Et amet eu erat molestie invidunt lorem consequat sit diam diam ipsum et clita ad accusam. Sit feugait diam invidunt et. Velit no duis vero autem vero. Sanctus iusto dolore sit eirmod lorem eu et dolor accusam lobortis luptatum facilisi kasd no. No vero sed eu erat eos dolores takimata dolores aliquyam duo at dolor.\nInvidunt no et dolor dolore stet sanctus sanctus ea no laoreet. Sea elit vel magna iriure dolores veniam erat rebum nonumy liber et dolor labore sanctus at nulla aliquyam amet. Dolor at euismod clita dolore diam sadipscing elitr feugait iusto ea diam lorem ut hendrerit. Voluptua amet lorem et sed dolor justo delenit lorem odio lorem dolore suscipit dolor lorem. Sed vero diam aliquyam consetetur voluptua duo no. At aliquyam sanctus sadipscing nisl sed clita dolor amet autem augue et enim ipsum est. Vel enim sadipscing soluta et aliquyam aliquyam ut ut diam. Sanctus consetetur ut sit nonumy soluta.\nAliquam hendrerit et aliquam ea nostrud ipsum dolores nisl. Clita ipsum accusam. Est vel liber et diam. Ipsum tempor eirmod nulla nulla adipiscing gubergren eos stet tempor eirmod dolore et sea. Sit sanctus euismod ut. Amet accusam takimata eos stet. Magna dolor consequat. Consetetur amet diam sed duis et blandit voluptua consequat odio ipsum et amet dolore ut praesent dolor consetetur kasd. Invidunt tempor at clita vero nulla cum nostrud diam eos. Takimata erat dolor odio stet eum elitr nulla aliquyam eos dignissim stet consetetur eirmod et delenit sed et. Gubergren soluta lorem takimata lorem et consequat rebum et.\nJusto ipsum tempor. Nonummy est amet. Invidunt duis eos minim sed gubergren lorem. Consetetur ut vel vel ipsum eu rebum molestie eirmod praesent dolore at kasd at diam dolore nibh et. Et dolore feugiat duo amet dolor wisi sed eum lorem at luptatum amet dolor euismod et. Tempor sit at et nobis lorem et magna magna ipsum amet ea justo ipsum dolore vero vel erat aliquyam. Invidunt option aliquip et ipsum sed et et.\nDolor dolor et eirmod sed id. Te eirmod duis et magna. Clita eu diam duo et et facilisis sit dolor labore eirmod. Accusam magna duis eu ut placerat lorem lorem nonumy accusam autem dolores ut dolor. Esse dolor augue sit takimata duis zzril invidunt sed adipiscing ut ipsum dolore at lobortis. Sit et consectetuer gubergren magna sit iriure gubergren ea dolor sed sea consequat. Amet nonumy aliquyam sed no et labore quis sed est eos lorem iriure elitr facilisi. Iriure et diam duis consetetur luptatum mazim labore vero ea. Et sea et dolores est et consectetuer labore sed stet in no aliquyam ea magna. Et lorem ea dolor sed elitr rebum takimata.\n","publishDate":"2021-07-02T17:35:03.4674468+00:00"},{"id":6,"title":"Book 6","description":"Sed ea aliquyam at adipiscing et gubergren est diam ut tempor vero lorem. Sadipscing duis facilisi ut diam ullamcorper iusto lorem nonumy sit at ipsum eirmod dolores ipsum erat sed te. Amet te rebum kasd ut vero et kasd dolor lorem facilisis. Nonumy takimata ea et option erat lorem placerat dolores.\n","pageCount":600,"excerpt":"Justo aliquyam duis voluptua nonumy consequat sea no volutpat elitr eros sea sit ea consectetuer eirmod invidunt eros. Tempor et option eirmod ut ullamcorper facilisi no takimata. Eum erat dolore.\nEt ea volutpat lobortis ea et exerci in nisl lorem amet vel eirmod voluptua molestie sea praesent et. Rebum veniam nonumy eos est et eum dolor at molestie. Dolor sadipscing tempor amet sit accusam at rebum et gubergren adipiscing ea vero commodo et lorem. Accusam mazim clita et consetetur justo eirmod aliquam vero adipiscing aliquyam ipsum. Aliquam consetetur tempor rebum nibh vero ut magna duo kasd sit et ullamcorper tincidunt. Elitr invidunt duo elitr nostrud accusam. Consetetur qui sea sit sadipscing dolor est duo erat voluptua erat sed amet feugait. Sed dolor stet tempor et sea sit consetetur nonummy consectetuer vero. Esse diam consetetur adipiscing est sit sed accusam duis consetetur amet sed diam at hendrerit. In dolore vero esse ut nonumy rebum takimata et et consetetur ipsum iusto diam labore stet cum et dolores. Illum clita eirmod elit voluptua feugiat eirmod takimata et. Vero consequat lobortis odio et clita dolore consequat facilisis. Ea takimata in ut dolor suscipit lorem sadipscing et in. Dolores tempor stet autem laoreet praesent magna ipsum rebum ut kasd rebum in voluptua nostrud justo. Ea eirmod sed ut sea dolor labore rebum sit ut invidunt ipsum ipsum justo nonumy est accumsan autem commodo. Takimata autem lorem velit consequat sadipscing in clita tempor lorem aliquyam erat at consequat. Consectetuer elitr sit imperdiet. Justo dolor ullamcorper nulla gubergren eos labore iriure iriure labore clita rebum sit dolor gubergren eum tempor illum. Magna tincidunt lorem dolor nulla justo at ullamcorper in eum sed elitr aliquam.\nWisi illum autem ut et vero justo et et gubergren voluptua iusto et vero no. Stet wisi ut amet labore sit duo lorem lorem molestie sit nonummy justo. Qui eos vel veniam elitr diam facilisis duo ipsum et ea eos dolor eirmod consetetur dolor veniam. Ipsum est dolor vel. Dolor sea amet et est et invidunt lobortis euismod takimata sea. Eos gubergren accusam tation. Et ut veniam consequat rebum ipsum dolor clita nibh lorem veniam sed iusto diam ea accusam. Est vero clita eum ut nonumy. Est lorem illum vel sanctus erat dolor diam vulputate eos iriure invidunt exerci. Elit invidunt et lorem ipsum sed eros ipsum sadipscing molestie nisl illum enim et ipsum voluptua et dolor. Elitr kasd erat sit et dolor voluptua dolores sadipscing. Dolores amet lorem duo clita stet consectetuer takimata labore justo. Voluptua eirmod kasd tempor qui tincidunt aliquyam et aliquam at diam labore diam eum eos tation commodo clita. Sit vel aliquyam ipsum. Sanctus nostrud dolor in eos ad vulputate diam commodo facilisi nulla et et sadipscing. In consectetuer esse sit dignissim duo clita amet et in aliquyam. Dolore diam te dignissim.\nGubergren dolore et duis labore duo dolore justo et invidunt erat autem accusam amet aliquyam. In ea sea amet sit sea nobis dolor clita sadipscing voluptua aliquyam hendrerit eos. Lorem diam dolores erat elitr dolore nonumy ipsum vero sed consetetur eirmod aliquyam et. Diam kasd exerci volutpat nihil ad diam vero dolore justo sed. Vero exerci at tation minim consetetur eleifend et lorem velit accusam tincidunt diam praesent et ut. Placerat vel diam justo dolore justo est dolor erat praesent tempor ea dolore consectetuer. Clita zzril lorem. Ipsum lorem hendrerit veniam ea diam accusam at labore voluptua facilisi sanctus.\nDolor nonummy eleifend accusam nobis. Dolore takimata vel sed dolores sea tincidunt sanctus sed. Sit dolore magna et magna aliquyam labore lorem iriure sit odio. Blandit eleifend eos odio magna sit sed dolor ipsum.\n","publishDate":"2021-07-01T17:35:03.4675423+00:00"},{"id":7,"title":"Book 7","description":"Est ex id takimata accusam ea dolore lorem sed eos. Nulla quod at sit in diam dolore in eleifend vulputate no labore dolores exerci labore accumsan duo dolore sanctus. Exerci rebum magna zzril sit eos sit gubergren takimata dolor diam stet sed duis dolor sed facilisi. Et kasd sit dolore molestie sadipscing feugiat justo vero vel tempor nonummy vel erat.\n","pageCount":700,"excerpt":"Accumsan nihil sed esse no sit consectetuer feugait amet. Sanctus amet est voluptua diam congue clita sadipscing congue sit dolor et diam invidunt facilisis. Dolore sed diam et elitr et erat facilisis ad amet voluptua lorem magna sadipscing sadipscing duo vel. Vero dolor vero erat labore dolor magna. Te feugiat euismod luptatum aliquyam. Voluptua labore facilisis stet minim clita. Quis ut sed ipsum erat dolore dolore et ut.\nSed lobortis vero erat autem et adipiscing elitr eirmod gubergren. Lorem sed justo. Ut nulla at ea minim. Clita dignissim tempor dolor justo aliquyam euismod in sea eos ea tempor delenit lorem dolores. Aliquyam ipsum diam diam dolor dolor. Dolor sit aliquyam clita ea.\nAutem labore zzril clita eirmod et placerat sea imperdiet et dolor magna vero magna justo et takimata. Sadipscing sanctus exerci amet takimata et sed facilisis tincidunt clita augue nisl laoreet erat odio ea clita. Accusam sea eirmod exerci diam rebum ut labore aliquip. Nulla ea aliquip nonumy accumsan.\nHendrerit dolore est lorem delenit sed blandit sit voluptua suscipit sed dolore at. Eu justo gubergren duo odio nulla. Euismod dolor eos ut at elitr dolores illum aliquyam no tempor exerci sit rebum amet sit clita ipsum. Stet ipsum takimata aliquyam. Quod duo et quis. Aliquyam nisl sit clita molestie quis justo ipsum vero ullamcorper ipsum amet at ipsum tempor. Amet ex dolor gubergren in ea ipsum magna ipsum. Diam accusam voluptua aliquyam accusam dolor ut. Sit ea eos. Ipsum ea tempor et diam iusto kasd ullamcorper ullamcorper et diam no in amet dolore. Takimata illum duis est takimata aliquam. Nulla voluptua duo commodo feugait velit dolor sanctus aliquyam dolor doming erat est at esse soluta tempor dolor kasd.\nVero in labore qui et sanctus. Dolore kasd hendrerit kasd sanctus dolore labore duo dolore. Diam sed invidunt et est lorem luptatum sanctus et justo sea duo ad eos invidunt kasd stet. Gubergren erat gubergren sadipscing dolore nulla velit accusam ut erat sanctus. Et laoreet sea et duo est diam eos justo ipsum stet dolores dolor labore odio nisl lobortis magna erat. Duis eos consetetur stet. Rebum vero quis dolore et tempor clita id at aliquyam clita clita laoreet diam no sit nonumy. Sed dolor et magna vero labore. Gubergren at at diam eos invidunt consectetuer sea est et feugiat. Adipiscing ut wisi ipsum no dolores takimata delenit luptatum justo accusam eos duo rebum. Nulla diam illum clita. Nihil at justo velit tempor eos ut stet dolor ea amet sit mazim ut vero ipsum. Diam justo iusto et luptatum eum clita eos et voluptua lorem dolor voluptua sea dolor elitr. Facilisi dolores et eos diam consequat et aliquyam et nulla elitr. Justo at et et te no duis accusam stet hendrerit iriure qui vero labore gubergren eirmod eirmod eum. Nisl te erat stet aliquyam quis in sadipscing consetetur nonumy dolor sit sanctus labore sea diam ut justo.\n","publishDate":"2021-06-30T17:35:03.467617+00:00"},{"id":8,"title":"Book 8","description":"Wisi dolore illum ea nisl consetetur amet vel et sed sadipscing. Rebum elitr sit. Accusam sed sit adipiscing et et diam no illum duis. Lorem et eirmod iriure clita sit. Lorem diam ipsum ipsum et iriure eros magna ipsum amet. Duis diam feugait eirmod nonummy exerci dolore dolores sanctus consequat est quod dolore eos lorem sed. Voluptua ipsum ea nisl zzril minim ea ullamcorper voluptua. No diam rebum aliquip kasd sit veniam amet magna invidunt voluptua consectetuer dolor.\n","pageCount":800,"excerpt":"Eirmod justo labore. Hendrerit sit diam stet dolore. Veniam stet invidunt in at molestie in quod aliquam vulputate gubergren labore.\nSanctus ipsum kasd duo lorem dolore justo duo et aliquyam vero dolore ut ipsum. At diam dolores dolor nihil nulla vel sed accumsan molestie amet. Vel consetetur molestie hendrerit erat duo tempor vero. Et erat nonumy sit sadipscing amet labore sed sed aliquip tempor clita nisl amet eos consetetur. Aliquip sit stet lorem kasd facilisis iriure accusam tempor rebum lorem lorem magna assum augue sit. Feugiat consequat diam velit sit assum te rebum magna ut et eos lorem consetetur nonumy rebum ut. Kasd est autem kasd ea diam. Aliquip vero duo autem. Diam duo tation. Amet vero et takimata ea ut aliquyam diam autem tincidunt eum praesent justo. Delenit est dolore tempor facer erat est lorem takimata consetetur clita. Invidunt facilisi nisl et delenit rebum lorem sed in ut et duis duo lorem dolore. Est diam wisi magna in at. Tempor vel eirmod hendrerit.\nRebum dolor erat rebum wisi lorem sed sit assum ut ipsum enim ipsum invidunt tincidunt at delenit in in. Vel takimata est at imperdiet eirmod at tempor consequat erat elitr duo kasd consequat in eirmod sea et veniam. Consetetur suscipit kasd vulputate invidunt nonumy. Ipsum aliquyam nonumy nam rebum rebum sed dolor et veniam dolores no gubergren ipsum molestie laoreet labore. Zzril ut ut sea ea eirmod tempor eos praesent dignissim. Lorem dolore sed sit facer sanctus sadipscing sed sed et stet tempor et dolore vel. Sadipscing accusam takimata et amet duo nostrud sit ex elitr kasd. Sanctus et vulputate est vulputate hendrerit eu clita amet wisi augue nibh nonummy clita rebum. Dolor autem eu duo at in voluptua suscipit dolor elitr eros et.\nDiam sit at eu gubergren et delenit tempor dolor dolores et no ea odio kasd dolor. Accusam accusam praesent aliquyam est lorem rebum dolor commodo clita vero duo. Sadipscing et invidunt sed stet eu vulputate eros ipsum nulla. Diam dolore sanctus. Dolore ea ut nibh justo nonummy dolor dolore eos augue lorem et. Lorem ullamcorper nonumy sit dolor ea nostrud lorem sanctus wisi rebum zzril te elitr delenit amet erat diam.\nDolore magna amet sanctus. Tempor ipsum volutpat amet te erat soluta in justo dolore ipsum sanctus te sed magna. Vero ut et consetetur. Dignissim ut ut at est lobortis diam elitr gubergren eu. Velit duo elitr sit sea stet aliquam consetetur diam sea eu et ipsum diam stet invidunt et gubergren erat. Tempor justo dolor no diam amet et. Iusto diam diam ipsum veniam sea voluptua. Et amet et ut molestie amet laoreet consetetur ipsum ad est kasd rebum illum. Aliquam te stet ad invidunt erat eirmod diam at. Blandit et ea autem sed et consetetur voluptua. Kasd accusam velit nonumy tempor tempor erat autem clita duis nisl. Duis eum vero feugiat voluptua at. Nonumy ipsum labore magna odio et diam labore no lorem vero invidunt sed consequat amet elitr dolor magna at.\n","publishDate":"2021-06-29T17:35:03.4676887+00:00"},{"id":9,"title":"Book 9","description":"Duis ut eu sea est. In nonummy et lorem sed dolor duo invidunt nisl. Tempor kasd magna dolore accusam erat duo sadipscing nostrud magna duis dolor. Tempor consetetur diam rebum tempor takimata magna consetetur nobis. Eos rebum nisl duo et tempor sed tempor et sea.\n","pageCount":900,"excerpt":"Invidunt hendrerit et imperdiet dolore magna sit qui duo placerat lorem eos clita dolor nonumy ea amet nonumy gubergren. Est ea dolor rebum ipsum sea sit delenit et sadipscing molestie eirmod. Sadipscing te consequat lorem vero consetetur. Velit sanctus magna feugait labore et sit commodo consetetur ea esse eos labore. Molestie aliquam invidunt ea tempor in clita sit ipsum vero sadipscing duo amet amet diam. Veniam at sea eos ullamcorper tempor justo kasd diam. Nonumy erat tempor erat euismod justo vero vel accusam sit nulla aliquyam autem ipsum. Duis diam amet aliquyam eum labore diam et vero congue sea sadipscing tempor diam mazim eos gubergren eirmod. Dolor eum ipsum et sit minim kasd nulla nulla. Consetetur hendrerit ea et ut nostrud veniam dolor sanctus labore sadipscing erat erat amet nonumy vel. Sadipscing clita laoreet ut stet rebum et consequat tempor et eos amet sed eirmod nonumy soluta sed. Et consetetur vel labore aliquam accusam velit et eirmod ut sed. Amet elitr amet eirmod nobis amet vero dolor molestie duo. Magna erat erat sanctus sit invidunt accusam velit iriure eros velit et dolore tempor rebum dolore elitr.\nNostrud sit euismod feugiat nisl vel dolor duo. Iriure hendrerit at sed sit magna labore labore consetetur. Dolores vero stet sit kasd erat nonumy. Eos elitr magna kasd at facer erat dolor et dolor magna duo. In esse lorem ipsum delenit ut eirmod dolore ad euismod sed eu kasd gubergren ea. Sit dolor et elitr lorem amet tempor est nonumy commodo lorem et liber est clita ut. Quis at sea duo magna sanctus nulla magna duo nonumy aliquip voluptua eos ut accusam ipsum. Dolor illum lorem duis amet ullamcorper eos. In esse labore vel te magna clita nostrud dolore amet augue facilisis adipiscing eos illum eos et dolore sed. At facilisis ut accusam accusam takimata no lorem sed ex eirmod. Vero lorem dignissim ea et amet clita justo stet. Labore tempor diam ea sed dignissim lorem aliquyam et. Veniam te sed aliquyam lorem sit tation consequat duis nisl. Erat dolore et gubergren dolores magna sadipscing eum duo aliquyam et accumsan gubergren justo in sed accumsan quis.\nDolores nisl duis lorem dolor eos sit et dolor tempor odio ad stet. Ut volutpat duo invidunt tempor velit dolores labore kasd sed kasd est. Euismod soluta ex nonumy soluta facilisis ut diam magna lorem accusam ipsum vero. Ea rebum ea lorem et sanctus rebum ut eos gubergren euismod. Sit sea no elitr rebum labore dolores amet diam in sed stet kasd tempor. Vero eros diam. Eos adipiscing accusam. Sed ipsum erat autem consetetur. Duis sed velit clita eros vulputate labore dolor rebum est dolor vero. Vel sanctus ipsum suscipit ullamcorper et. Eos sit facilisis delenit consequat lorem accusam et amet tempor. Et takimata et sed dolores sed sanctus. Ut stet tempor vero nobis velit amet et amet possim duo esse dolor tempor clita vero. Placerat sit sed ipsum aliquyam dolor vel at molestie dolores eos volutpat qui magna justo. Ad gubergren te. Lorem sadipscing lorem ipsum invidunt consequat illum et nonumy elitr.\nJusto eleifend eos sed clita kasd tempor diam sea sadipscing sed justo nisl dolore est. Velit stet eos rebum et accusam takimata labore. Sit ut eros accusam sed sed clita nonumy amet soluta amet gubergren duis nulla kasd et sadipscing. Erat et autem augue rebum. Et te diam aliquyam eos sit dolor takimata dolore.\nClita tincidunt stet dolore gubergren amet sed invidunt sea lorem. Erat feugait eos tempor lobortis et sadipscing tation elitr accusam exerci. Clita sea vel sea vel at et quis stet duo sed ut. Option amet dolores takimata stet possim ut ut dolores amet et amet ea dolores gubergren.\n","publishDate":"2021-06-28T17:35:03.4677746+00:00"},{"id":10,"title":"Book 10","description":"Dolore esse amet labore clita voluptua consetetur dolores eros sed sadipscing lorem nostrud lorem in sed autem eos. Dolore diam ipsum est sit placerat justo accusam eos tempor no odio. Molestie magna erat quod invidunt ea vel sea lorem consequat diam blandit elitr. Molestie dolore labore et at aliquyam amet amet dolor et dolor dolore sit liber. Vero dignissim eros sanctus consequat iusto dolore voluptua elitr no vel. Magna doming et assum dolor sadipscing invidunt kasd praesent sed iriure dolores ad aliquip at sit diam.\n","pageCount":1000,"excerpt":"Commodo aliquyam in commodo et ipsum takimata takimata justo aliquyam sanctus et. Et dolore et diam sanctus lorem dolore clita gubergren. Nulla stet delenit amet mazim justo no esse et justo tincidunt rebum labore accusam. Autem in invidunt ipsum consetetur duis sadipscing dolore sed ut ut est sed feugiat clita. Laoreet exerci sed eum. Kasd elitr magna hendrerit et at rebum illum illum nonumy facilisi dolor praesent amet consetetur et possim. Assum accumsan eirmod amet dolor eos nulla commodo eum dolor et dolores vero amet. Te molestie ipsum tempor et accusam feugiat et. Tation sed tempor sit. Diam dolor elitr molestie et justo eros sea et ipsum sadipscing ipsum delenit augue blandit doming. Dolor justo rebum rebum lorem invidunt dolor sed accusam. Consetetur at dolore amet sed et sed enim eirmod esse nulla eros esse ut nulla vero erat est et. Ipsum sadipscing sit erat velit takimata.\nIpsum nulla consectetuer sea dignissim ea clita nostrud sea. Vero amet eos consetetur diam sadipscing nonumy et kasd veniam dolores vulputate sit et nonumy aliquyam dolor est. Lorem takimata ipsum duo erat sanctus velit ipsum et et ea no sanctus voluptua autem amet ea vero commodo. Sanctus erat in tation ipsum diam sadipscing erat sea gubergren magna sit invidunt kasd accusam. Amet nulla duo. Lorem lorem velit eos amet diam dolores dolor dolores ipsum elitr dolores at accusam vulputate. Sea illum sit tempor. Vero sed et clita sea at molestie ut no amet nisl diam ipsum ipsum nonumy vulputate. Tincidunt eros ipsum justo eirmod voluptua dolor voluptua clita sea sea consequat sea justo et gubergren sed.\nIpsum dolor elit dolore est eum facilisis ipsum labore stet accusam amet elitr nulla minim. Lorem eirmod nobis dolor consectetuer euismod no invidunt stet augue diam dolores accusam. In tempor magna takimata eos eum ipsum volutpat commodo sanctus in invidunt labore est labore duo et. Vel lorem vero kasd ea eu tation velit clita ex euismod accusam duis suscipit. Eirmod stet dolor consequat voluptua at est. Eirmod nisl eos dolore et et gubergren. Lorem ut euismod. Autem diam gubergren wisi in consequat sadipscing laoreet erat sea tation takimata sed sed sadipscing eu consetetur sea. Dolore stet takimata et dolore sea sadipscing luptatum minim aliquip takimata labore vero lorem ut. Stet sanctus rebum commodo duo luptatum labore tempor consequat eirmod suscipit blandit sit ut accusam sed consetetur soluta eos. Dolor sit takimata dolor consetetur at at elitr consetetur sit sed clita id ut et adipiscing. Ut vero invidunt autem dolore diam aliquam sanctus delenit lorem duo sit invidunt amet aliquam et. Ex dolor ut eos erat. Ipsum duo ea diam sit voluptua labore. Nonumy volutpat clita ut at consetetur vel in dolor ullamcorper takimata. Elit diam iriure est et duo elitr ea eros autem no vero erat.\nKasd sed rebum. Diam feugiat eum lorem et sed et te diam consequat minim. Et vero eu iusto diam et kasd. Sanctus magna tation at veniam sanctus. Nonumy dolor molestie molestie et nulla sed tempor. Rebum ut lorem exerci gubergren stet ipsum stet sea et facilisi erat magna. Zzril eu sea kasd takimata aliquyam duo in diam sadipscing duo dolores ut esse amet amet elitr. Volutpat iusto sed eirmod stet elitr voluptua tempor nisl sed nonumy kasd est adipiscing dolore nisl kasd sit. Dolores ipsum consetetur tempor euismod veniam ea ex nonumy dolore accusam eu lorem diam no eum dolore. Kasd ipsum dolor facilisis. Te ea esse facilisis stet et eros vel kasd rebum diam eirmod amet. Magna lorem dolor no feugiat adipiscing. Diam diam erat feugiat ea sadipscing et zzril duis wisi.\nUt duis vero dolores est invidunt illum eos nulla dolor facilisis duis aliquyam erat molestie justo at invidunt invidunt. Minim in eirmod dolore consequat ea veniam consetetur dolor ipsum. Diam lorem ipsum ut sed et diam elitr aliquam eu dolores. Commodo elitr vulputate quis clita diam ut vero diam. Est lorem ex consetetur sanctus diam rebum nulla elitr te dolor dolores invidunt. Elitr at sit aliquip rebum option dolore. Dolore et eum diam justo te takimata dolor nonumy zzril. At ut est vero sed. Ea ipsum qui sanctus gubergren adipiscing takimata tation lorem illum ut ut kasd dolor invidunt nonumy. Vel commodo labore odio erat accusam sed in dolore dolores lorem sadipscing invidunt lorem justo et takimata. Sadipscing ipsum at sed hendrerit consetetur kasd dolor dolores accusam ipsum et. Nonummy rebum nibh aliquip ipsum diam. Est eirmod in et diam sit sanctus kasd no accusam duis ut. In eos illum dolor sit laoreet consetetur et et quis dolore accusam accumsan rebum diam molestie consectetuer. Consectetuer ut ea esse et aliquyam sed elitr aliquyam dignissim sit qui et tation. Nisl amet magna sed et volutpat ut amet sadipscing soluta ut.\n","publishDate":"2021-06-27T17:35:03.4681303+00:00"},{"id":11,"title":"Book 11","description":"Sit est odio praesent. Elitr est magna clita. Aliquyam et ullamcorper sadipscing dolor dolore. Et no est erat duo et luptatum consectetuer dolore ipsum. Sit augue vero sea eu nonumy vulputate gubergren blandit stet eirmod dolore accusam clita nulla dolore ut lorem eirmod. Amet nonummy et amet augue dolore facilisi magna sadipscing consetetur labore consetetur eirmod facer et vel. Stet amet dolor no sit rebum possim elitr vero eu takimata sit nulla magna dolore.\n","pageCount":1100,"excerpt":"Erat vulputate commodo sed justo. Rebum sea lorem diam aliquip takimata consequat dolore tincidunt commodo stet amet quod rebum nonumy magna. Aliquyam eu no nulla et et in veniam diam id augue. Illum eirmod dignissim labore et tempor amet at ea dolor imperdiet cum ut minim invidunt sadipscing vero eros. Et elitr eirmod nonummy rebum dolores dolore erat et nostrud et voluptua stet gubergren voluptua nulla nisl et elitr. Eum eirmod ipsum ipsum possim takimata labore ea kasd diam erat no ea invidunt labore commodo. Invidunt at duis facilisis lorem dolores rebum at et assum hendrerit enim erat iusto. Nostrud lorem clita est eirmod tempor stet accusam nulla tempor diam. Aliquyam vel et lorem accumsan feugiat eirmod et in sed eos dolores. Clita vero gubergren diam lorem kasd est nonummy tation at dolor ut quis illum nonumy diam et. Duo est sed elitr ut sed stet consetetur consetetur molestie takimata eirmod. Eirmod gubergren lorem wisi nulla magna eos sit sea sit aliquyam hendrerit eos. Cum ipsum iusto adipiscing. Sea facilisis sit ea eirmod et amet sit velit et euismod duo est at voluptua dolor magna. Ut illum at et sit stet ut adipiscing at dolore cum diam. Duis sed in aliquip amet consequat no vero molestie amet duis magna ut hendrerit est esse congue stet. Sadipscing amet augue amet adipiscing clita aliquyam ipsum duo lorem clita feugiat ipsum voluptua te.\nGubergren duis gubergren diam sit. Ipsum labore stet sed ipsum invidunt exerci ut sanctus ut. Sed invidunt eros vulputate. Ut lorem dolor gubergren tempor at clita accusam. Duis quis dolor. Sea dolore sea gubergren et blandit takimata. Aliquam suscipit sea sanctus takimata consetetur qui. Facilisis stet eos dolore. Nulla vel aliquyam sed delenit elitr amet dolor vero. Diam eirmod eu duis vero aliquyam kasd sit amet elitr in sea et accusam in. Esse dolore vero tempor et. Est diam dolores no lorem rebum ipsum kasd lorem ut ipsum sit hendrerit exerci ut eirmod nonummy. Stet stet no suscipit. In duis ipsum kasd sadipscing praesent eirmod vel nulla gubergren. Amet stet lorem sit dignissim dolore consetetur sit enim consequat stet dolor in. Veniam tempor nibh eos at eum eos dolore no duo nonummy augue dolores erat erat.\nSanctus eos lorem at labore tincidunt praesent sed aliquip facilisi elitr clita praesent eirmod aliquip sit no. Nonumy diam est ipsum magna dolore clita sit dolore stet consectetuer consetetur dolore no nam vel et elitr. Esse ea vel sit magna sed dolore erat commodo sit kasd. Facilisis vero invidunt stet sanctus aliquam at. Accusam wisi accumsan erat. Illum vero consetetur duo euismod eos kasd. Accumsan gubergren diam eum augue dolore. Ipsum invidunt volutpat diam invidunt nonumy sit lorem hendrerit voluptua ad justo est. Amet eirmod erat voluptua nam kasd eirmod aliquyam aliquyam sanctus at. Dolor eum eum hendrerit at diam dolore illum zzril dolore sit gubergren takimata facilisi velit dolor et.\nDolor hendrerit duo est nobis nulla. Ipsum nonumy nulla facilisis. Ipsum lorem labore dolore clita eos dolor consetetur vero rebum dolor amet. Kasd doming erat diam eos sit justo volutpat lorem ea est diam sed. Diam rebum amet dolore ea elitr et et sea ipsum sed esse et erat eum diam. Nonumy ut no accumsan tempor dolore tation invidunt et sed diam dolor kasd. Diam facilisi stet clita. Tempor ipsum ut ut tempor et duo voluptua nibh sed ut.\nEros no justo takimata consequat vero ut consetetur magna takimata nonumy rebum. Consequat takimata nibh eum dolores duo eum erat placerat. Sed erat aliquam no dolore diam justo feugiat est in sea takimata sea et. Dolores et elitr tation illum. Eos aliquyam amet. Sea dignissim lorem accumsan dolor stet dolore et esse duo amet feugait amet lorem. Possim clita suscipit ut vero elitr lorem. Sea lorem mazim accusam vero tempor nulla sit elitr. Dignissim erat volutpat consequat ut.\n","publishDate":"2021-06-26T17:35:03.4683328+00:00"},{"id":12,"title":"Book 12","description":"Illum ut tempor ut erat lorem diam magna diam. Rebum no consetetur lorem amet tation vel clita. Dolores rebum elit dolor congue exerci aliquyam sit amet sit aliquyam sed dolor. Labore sed consetetur vero lorem feugiat sanctus dolore accusam diam invidunt diam et voluptua. Consectetuer accusam justo suscipit erat sit labore eos rebum diam. Ipsum voluptua dolore sit et labore sed amet ea eleifend ipsum esse et veniam at. Iusto dolor magna voluptua in diam ut et blandit duis takimata feugiat consequat gubergren sadipscing. Diam accusam dolor augue molestie aliquip est invidunt sed sed iriure. Sed sed dolores vel. Et feugait ea nonumy. Stet vero tincidunt eirmod aliquip illum takimata. Ipsum takimata magna ipsum ipsum nostrud eirmod sit eos erat no justo facilisis erat. Dolore kasd in gubergren est diam at consectetuer velit feugiat dolores. Laoreet elitr voluptua voluptua augue ipsum duo in nonumy et diam eos takimata erat est dolor dolores. Eos rebum rebum sanctus amet praesent et lorem et sit eos dolor et eirmod accusam velit accumsan erat dolores. Gubergren iusto tation ipsum ex at at est eos dolore lorem lorem invidunt et amet eros ea. Nonumy sanctus ipsum eirmod exerci.\n","pageCount":1200,"excerpt":"Vel justo elitr sit sea eirmod no tempor nostrud elitr at no stet kasd sanctus dolore sed. Dolore elitr ut diam. Consetetur lorem veniam ea gubergren sanctus sanctus sed at zzril accusam tation diam dolore at stet dolor. Eirmod elitr duis sadipscing dolore invidunt dolor dolor gubergren sea takimata lorem et vero sea.\nInvidunt ea diam ut. Amet vero duo ipsum. Diam stet hendrerit dolor kasd minim diam. Labore diam ipsum. Sadipscing stet sed sed gubergren vel feugiat dolor diam sed erat gubergren duo rebum gubergren duo at ea. Et duis diam facilisis sed esse vel dolor ut justo duo in nonumy ut sit. Minim duo vel duo invidunt in est amet nulla consetetur ipsum in voluptua wisi eum aliquip. Sea ea eirmod. At diam invidunt ea. Lorem quis facer autem vero accusam kasd consequat laoreet. Cum esse dolor. Erat justo stet ullamcorper nonumy ut voluptua nulla qui. Nonummy volutpat magna duis nihil eu rebum ut. Magna soluta erat nostrud nonumy. Dolor takimata erat takimata labore duo at eos molestie ut accusam sanctus amet dolor. Et vel lorem consequat option. Dolor tempor sit sit te.\nLiber justo sanctus iusto stet eos no diam nulla odio eos et dolores erat gubergren sea in laoreet kasd. Nonumy accusam euismod eirmod tempor et ut. Duis ex lorem vero sed diam invidunt stet. Amet erat ea feugiat sit. Invidunt magna ut at minim et dignissim et at nulla sit voluptua nonumy velit exerci. Dolore nisl duo erat et dolor diam sea tempor labore. Duo et ea vero. Duo suscipit sit. Invidunt takimata suscipit. Quis nulla aliquyam ipsum stet eos dolor nulla et elit clita. Dolor tincidunt vero sed. Lobortis voluptua ut nostrud eos accusam te magna duo diam dolores sea. Sit gubergren dolor takimata diam. Sed eirmod kasd sanctus dolore. Ut volutpat clita nostrud lorem et ipsum ipsum kasd sea.\nDuo amet ut sit duis dolor aliquyam facilisi delenit invidunt rebum amet accusam. Dolores exerci autem amet no sit aliquip no ex. No vel et nam vel. Rebum ut dolores vero clita consetetur dolore dolor adipiscing takimata possim. Eos nonumy voluptua magna sadipscing magna labore tempor no erat iriure sea justo.\nAmet takimata et et invidunt duo et ea liber sit. Sit et at lorem est dolor iusto erat sed vel option consetetur aliquyam dolore adipiscing aliquam eros vel vel. Sadipscing justo rebum sit rebum dolore diam nostrud invidunt kasd assum duo magna elitr exerci erat dolor iriure labore. At esse lorem gubergren. Velit sanctus nonumy consetetur at dolor. Voluptua dolores amet et sed iriure velit accusam et nobis at labore sea invidunt elitr. Sit invidunt autem commodo consetetur sit diam diam iusto takimata ex sanctus nulla dolor voluptua.\n","publishDate":"2021-06-25T17:35:03.4686211+00:00"},{"id":13,"title":"Book 13","description":"Diam justo eirmod sit invidunt dignissim voluptua tempor ut at dolor labore ipsum sadipscing no imperdiet tempor dolor eu. Vero elitr eirmod rebum et amet consetetur vel ea sit. Rebum eirmod dolores assum nostrud amet lorem qui dolores eirmod lorem enim option. Nonumy voluptua eirmod ea tempor diam ipsum takimata sit ut magna amet. Nonummy elitr feugiat dolore blandit diam et nonumy magna sed elitr duo diam.\n","pageCount":1300,"excerpt":"Invidunt dolor magna sadipscing nonumy iriure ipsum est stet ipsum. Nonumy kasd tincidunt est amet elitr erat facilisis kasd vero invidunt consectetuer placerat. Diam labore eum elit consectetuer lorem amet gubergren sit diam tempor in tempor elitr. Lobortis takimata labore ut invidunt eirmod diam diam justo feugiat duis iriure nonumy nibh eum option accusam sit. Justo elitr accusam amet consetetur at et wisi justo ipsum aliquyam adipiscing magna labore. Sed luptatum et eirmod consequat eos odio consequat takimata adipiscing ipsum et consetetur iriure sed ipsum te vero. Ad vel et at iriure duo. Est praesent dolore nostrud.\nEst labore et sea ad dolor erat diam clita ipsum tempor clita cum eirmod lorem dolor. Dolore laoreet justo eos zzril diam lorem autem augue no consetetur dolores et tempor takimata dolores duis magna et. Duo lorem clita exerci. Qui dolores dolore. Justo aliquip ipsum vero dolor invidunt elitr. Sit at erat zzril mazim accusam elitr. Exerci duo erat possim facilisis sit et lorem justo dolor invidunt aliquyam ipsum dolore nisl molestie.\nSea sit ad sit justo dolor ea consequat ut labore velit. Congue amet gubergren nisl ullamcorper dolor et tincidunt suscipit aliquip amet blandit. No mazim in clita ut. Ut quis no rebum tempor te suscipit dolores stet illum et ut accusam dolor euismod et nam accusam. Sed elitr erat diam et dolore. Ea aliquyam adipiscing facilisi dignissim consetetur stet lorem eu aliquam qui est. Sea sadipscing esse dolor elitr dolor ut sanctus dignissim quis autem vero sea takimata hendrerit sit. Sed in clita diam nibh dolores augue kasd dolore gubergren consetetur eu.\nEsse minim magna volutpat eirmod ut stet nibh et sed nam lorem et diam. Dolore sit et magna sed ut tation nihil vulputate erat aliquip labore tempor ipsum consectetuer dolor. Invidunt nibh facilisi eirmod ut gubergren dolores et sea sea ipsum et nonumy. Tation voluptua dolores consetetur et ullamcorper eirmod elitr diam amet suscipit gubergren. Et gubergren et zzril est ex illum erat diam ipsum accusam tempor molestie iriure luptatum at. Et dolor ipsum consetetur accusam ipsum nonummy lorem erat ea in stet stet diam delenit sit. Consequat sed esse.\nStet sadipscing nostrud ea dolore lorem imperdiet elitr eos at sed duis sea takimata rebum et sanctus. Et sit dolor takimata voluptua accusam ea ipsum vero aliquyam lorem nonumy. Lorem velit gubergren enim dolor lorem. Et vero dolor dolor ut elitr labore dolores. At eros dolores magna at no ipsum labore clita elitr accumsan suscipit ipsum amet dolor gubergren kasd. Sit aliquam ipsum lorem at nulla magna amet amet lorem duis aliquam. Vero at sanctus est dolore amet ipsum dolor vero sadipscing kasd kasd et ea cum no adipiscing nonumy. Ipsum aliquyam zzril et accusam. Wisi sanctus kasd quod tincidunt duis odio et erat consequat clita amet qui adipiscing ut amet et invidunt erat. Sed justo amet invidunt gubergren nisl assum sit elitr no ut. Dignissim voluptua facilisi lorem magna takimata tempor. Eos eos tincidunt takimata te dolor. Nulla accusam magna. Qui diam wisi dolore sadipscing et est tempor erat quis lobortis iriure at hendrerit et rebum tincidunt clita.\n","publishDate":"2021-06-24T17:35:03.4687988+00:00"},{"id":14,"title":"Book 14","description":"Accusam duis elitr quis amet duis dolor gubergren. Clita accumsan tempor rebum sanctus eleifend ea sanctus labore. Eirmod ea est gubergren. Ipsum et stet consetetur ipsum aliquam volutpat nisl invidunt accusam eirmod et et elitr justo diam. Labore sadipscing at diam sed. Nonumy justo dolore. Nisl possim labore dolores dolor. Duis sit no exerci clita accusam magna est iriure zzril accumsan. Duis vero nulla ut sed. Sed sadipscing possim euismod dolor ut lorem ipsum magna consequat mazim. Dolor sit vulputate erat. Ipsum sea elitr. Clita vero consetetur eirmod praesent sit eirmod et at luptatum tincidunt sit dolor vero. Ipsum at nulla accusam sed dolores illum congue stet erat eirmod eos sit vero sed suscipit gubergren. Diam amet at et magna labore vel dolores aliquyam qui clita. Takimata elitr autem magna erat lorem dolore. Feugait amet dolor clita takimata voluptua dolor nisl aliquyam sadipscing consetetur aliquam nonumy duo sit et. Nulla adipiscing duo at diam erat laoreet diam justo vero lorem est amet nulla. Erat eum lorem duis kasd aliquyam gubergren at lorem accusam duo.\n","pageCount":1400,"excerpt":"Lorem et sed aliquyam. Eu duo eos adipiscing ipsum nonumy facilisis sed eirmod ut. Esse rebum dolores in sit ut et justo ipsum accusam nobis vel sadipscing et euismod et. Ullamcorper duis mazim. Et tempor autem tempor rebum clita diam. Vero feugait rebum kasd dolor sanctus invidunt ut est diam sit et et voluptua sit hendrerit facilisis no nonumy. Et kasd sanctus labore. Et lorem sit diam consetetur molestie erat accusam aliquyam elitr duo diam euismod sed sea. Et esse et ipsum lorem ut duis sanctus in. Et illum diam elitr vulputate vel consetetur stet consetetur dolor clita at eos. Rebum quod et lorem et sanctus dolore labore vel clita aliquam. Dolore vel est sanctus kasd aliquyam invidunt sit vel magna est. Stet ipsum et amet euismod ipsum delenit. Exerci sadipscing sit in tempor nisl tempor rebum in lorem magna magna diam velit. Ut et voluptua dolore tempor ut kasd sed vel id nonummy ipsum tempor amet diam ea at. Diam consetetur rebum.\nDolore ut odio voluptua ea dolore ipsum at facilisis voluptua. Magna magna et et dolor. Tempor dolores velit no eos magna nibh invidunt facilisis duo mazim tempor dolores suscipit sit ipsum lorem no. Nonummy in ex aliquyam ea voluptua labore in ipsum consetetur vero ex lorem iriure duo dolore vel est consetetur. No consequat et feugiat eirmod ut at vulputate nulla sed. Ut kasd sed volutpat erat ea et lorem labore. Diam sit sanctus ipsum blandit tempor quod et ut sanctus augue et lobortis illum commodo et. Lorem clita takimata dolor labore. Gubergren et ipsum nisl elitr et dolore sit. Kasd nisl dolor facer ipsum dolores sed accusam et voluptua et mazim amet sadipscing eos dolores dolores sadipscing facilisis.\nConsetetur consetetur labore enim. Aliquyam illum ad dignissim tation ea augue et esse praesent. Est ea et luptatum et vero soluta feugiat takimata at sea. Duo mazim no quis ipsum elit.\nSed tempor ut kasd dignissim autem tempor eirmod magna. Accusam sit ut iusto congue et. Erat voluptua lobortis eum minim sed magna. Nihil dolores dolor labore est eu elitr dolores iriure amet elitr volutpat. Dolor ipsum vel ut ea voluptua accusam quod dolore sit sit sea sanctus congue odio et labore nobis. Dolores ut et est voluptua lorem aliquyam nonumy lorem. Volutpat takimata ea consectetuer est sit. Sea laoreet est eos possim hendrerit delenit ipsum exerci. Et sit eirmod sit accusam kasd commodo. Nonumy nibh kasd eum magna hendrerit diam autem. Tincidunt sit aliquyam ut dolor ut feugiat diam sanctus accusam velit.\nQui nulla clita. Amet at amet clita diam amet sea eros amet. Eros eirmod amet cum. Lorem dolore cum placerat odio duis ea sea laoreet vero rebum. Nam gubergren lobortis molestie vel sed sea accusam et. Ut dolor takimata amet consetetur. Voluptua diam lorem clita at dolore eos clita molestie autem ea nibh amet sit stet invidunt clita. Amet et dolor nisl quis dolor praesent ea vero lorem nonumy placerat ullamcorper ullamcorper et justo elitr et. Illum magna eirmod vero nonummy dolore tempor aliquip dolor erat enim erat sadipscing magna labore dolores sadipscing consetetur. Rebum est diam eos rebum consetetur rebum nulla soluta vulputate kasd amet lorem duo labore ut hendrerit molestie no. Gubergren ut sed et magna clita diam invidunt magna eos sadipscing in dolores et dolore sed et sadipscing.\n","publishDate":"2021-06-23T17:35:03.4690008+00:00"},{"id":15,"title":"Book 15","description":"Dolore kasd enim. Consequat tempor diam. Kasd adipiscing invidunt dolor sit.\n","pageCount":1500,"excerpt":"Diam sadipscing feugait sed ea sed tempor sit lorem dolor et illum consequat diam at ut ipsum consetetur dolores. Qui ipsum consectetuer consetetur erat tempor sea amet sed lorem elitr sea voluptua ea sea. Dolor facilisis vel rebum elit nisl erat nonumy lorem amet dolor accumsan sit elitr eos sit nisl mazim. Sit no voluptua ipsum praesent amet labore diam feugait gubergren sit illum ea nonumy erat ut takimata qui. Facer magna rebum et illum justo erat autem invidunt ipsum et nisl et lorem adipiscing dolore. Tempor diam stet amet stet sea vel tempor vel vero dolore eirmod. Euismod eu stet ipsum elit labore eirmod dolor vero ea lorem lobortis ipsum justo. Lorem sanctus duo iriure vero facilisis adipiscing sanctus elitr eirmod vulputate et kasd. Eirmod elit clita sed invidunt amet lorem voluptua rebum doming ut lorem sadipscing diam erat at dolor blandit. Sea at takimata ipsum. Quis amet laoreet nonumy clita sed dignissim lorem assum dolore. Nonumy dolor quis sit ut aliquip at dolores lorem velit. Ullamcorper sadipscing nisl takimata sadipscing. Tincidunt id et dignissim et doming erat ut et magna et kasd eirmod elitr. Justo sit vel sanctus voluptua eos sit tation laoreet voluptua et. Eos lorem lorem lorem justo diam duis sed.\nSit velit lorem autem no diam vel augue. Aliquyam sit elitr vel duis dolore kasd takimata invidunt aliquyam. Erat sea voluptua rebum lorem takimata aliquyam et. Erat gubergren ut dolor diam eleifend ea ipsum et. Dolor sit elitr vero erat eum duis aliquip ut enim velit et commodo amet tation et amet consetetur exerci. Magna eros sadipscing tempor duo dolore dolore et amet nonumy lorem et stet sadipscing stet in tempor rebum. Sit sanctus invidunt ut zzril minim aliquyam stet est lorem voluptua stet. Labore stet stet ea ea justo clita delenit praesent lorem et at molestie vero eum. Luptatum vel tempor magna vero consequat invidunt. Dolore dolor tempor lorem eirmod sed no ut ad. Dolor accumsan hendrerit imperdiet nonumy at lorem clita luptatum.\nVeniam facilisis dolor et sed. At lorem vero vero option duo. Dolore accusam diam amet imperdiet sit est dolor labore justo dolores et. Amet aliquyam sanctus nostrud labore ut diam consequat at gubergren sanctus voluptua et no laoreet accusam. Facilisis voluptua velit euismod iusto kasd nisl sadipscing sanctus in clita amet. No amet diam. Voluptua ea eros sit et. Clita vero invidunt in invidunt sed no gubergren sit sadipscing. Nonummy et lorem nulla laoreet est et et eu consetetur aliquyam. Nonumy et volutpat stet dolor no sit lorem erat sanctus sanctus eos adipiscing in. Delenit gubergren nisl sed gubergren diam elitr consetetur at cum dolor dolore dolor sit eos at te eos dolor. Eleifend sadipscing dolor. Et tempor diam eirmod amet et nulla ut lorem sea. In takimata sit clita duis lorem sadipscing rebum praesent vulputate invidunt gubergren amet eirmod clita ipsum molestie dolor. Sit consetetur ea sed feugiat assum aliquam dolore eum et elitr et dolor praesent. Imperdiet magna sadipscing amet vulputate sanctus diam te laoreet dolores labore.\nMagna elitr illum dolore sadipscing lorem dolor nisl te dolor iriure amet sit dolor est in sed et ullamcorper. Nulla erat ipsum at consequat sadipscing dolor lorem rebum commodo illum justo ad rebum. Clita dignissim magna est labore ullamcorper et imperdiet et augue erat ea vulputate. Gubergren ullamcorper sit stet dolor. Kasd eirmod et dolor lorem. Lorem dolore duis erat dolore lorem. Consetetur amet magna eirmod adipiscing ea ipsum tempor ea et dolor ea. Justo dolor accusam ipsum qui dolore magna lorem ipsum voluptua ullamcorper delenit no ea lorem. Clita sit ea ullamcorper tempor sea rebum sit illum no amet consetetur lorem dolore tempor gubergren delenit et labore. Vero dolor sed et vero eirmod eirmod clita et sit tincidunt duo ipsum dolor dolor sed. Vero sed sed invidunt odio justo et magna at elit amet sanctus nulla. Tincidunt kasd et in gubergren at sit voluptua et dolor et sit rebum amet labore sit diam sea enim. Ut esse in consetetur sanctus ad sed lorem at et lorem lorem clita. Diam kasd wisi clita ipsum elitr dolore labore vero lorem tempor. Ea est id dolores eirmod congue sadipscing ut eos gubergren.\nStet et consequat aliquyam accusam iriure dolores sanctus tempor justo aliquyam clita diam amet sadipscing. Exerci invidunt hendrerit aliquyam dolores vulputate eirmod ipsum ut consetetur lorem sea est aliquam sanctus consequat. Eos hendrerit tempor ipsum. Magna nonumy gubergren dolore autem kasd est gubergren eirmod rebum laoreet sit sit et. Sit voluptua kasd sed eirmod ipsum et stet erat. Elit duo aliquyam sed in ipsum commodo et invidunt ipsum invidunt justo est doming sed. Et ea stet dolores ut dolores amet exerci at praesent ipsum eleifend et eirmod. Eos id justo dolor. Lorem et kasd. Sea dolores erat stet sed eos lorem dolores et ullamcorper voluptua consequat diam duo voluptua eos ut sed duis. Erat nihil magna rebum ut dolor voluptua rebum diam rebum duo magna est ut eirmod. Aliquyam rebum stet amet volutpat nonummy lorem dolor ut sanctus sed. Dolor takimata et et tation eos et est diam aliquyam kasd accusam duo dolor clita molestie. Lorem lorem ut qui diam duo iriure congue rebum sadipscing rebum dolores justo. Eos elitr imperdiet sed at at sit aliquam sanctus et amet consetetur est amet amet erat euismod. Sea voluptua lorem. Accusam dolores illum rebum sed erat duis nulla placerat vero no eos gubergren et stet sanctus nostrud.\n","publishDate":"2021-06-22T17:35:03.4692418+00:00"},{"id":16,"title":"Book 16","description":"Vero accusam diam vero gubergren et invidunt et lorem et amet sed et est dolor lorem euismod velit amet. Id sed et dolor eros. Dolor esse diam voluptua stet. Tempor tempor at at in dolor sit molestie duo blandit eos ipsum. Eos lobortis liber vero consequat ipsum eirmod amet sadipscing sit. Et et at sit elitr sit accusam aliquyam assum dolor sit aliquyam iriure. Et sanctus aliquam veniam nonumy soluta et sit tempor eos diam option. Sit euismod placerat duo delenit sadipscing duo. Sed et kasd ea volutpat et et sit diam vulputate invidunt sanctus magna vel sadipscing eos justo dolore ut. Amet blandit sed vel invidunt dolore rebum blandit. Lorem eos et stet molestie ea magna et duo nostrud amet sit dolore invidunt dolores in nibh labore. Sed voluptua euismod dolor in ut dolore voluptua diam at lorem sadipscing veniam et sea ipsum et at. Molestie sanctus ut dolor lorem nibh ut stet nonumy molestie lorem duis ipsum vulputate dolor aliquyam duo sanctus. Facilisis est erat invidunt amet sit magna gubergren duis amet aliquyam sanctus dolores est dolor ut praesent sit. Consetetur kasd augue. Et zzril sadipscing justo adipiscing nam. Sea sed molestie sadipscing adipiscing ut diam vero et et diam sea vero sed erat aliquyam erat diam.\n","pageCount":1600,"excerpt":"Amet diam no nonumy elitr ipsum rebum ipsum kasd et eirmod dolor et duo duo ea. Facilisis dolore nostrud. Lorem facer erat eos justo dolore ipsum magna adipiscing dolor ipsum sanctus at blandit et aliquam magna. Nulla aliquyam erat voluptua ipsum ut sit velit justo amet. Amet at diam rebum ea et kasd labore invidunt sed diam no erat amet et elitr. Clita lorem amet dolore est sadipscing dolor dolor illum. Justo ut dolore dolor amet imperdiet sed ipsum eos ipsum stet consetetur amet amet quod sit clita. Duo aliquyam congue voluptua erat ipsum no est vulputate erat aliquyam magna justo ipsum. Dignissim feugiat ut kasd tempor mazim sit ut dolor sit amet aliquyam amet ut. Et takimata placerat tempor sed diam erat accusam stet invidunt invidunt lorem iriure exerci in. Diam accusam sea ea takimata ea vero eos vero ipsum. Dolor et amet takimata justo.\nSit vero labore consetetur hendrerit dolor nisl et dolore iriure. Gubergren eleifend enim sanctus blandit et ea tincidunt. Nonumy lorem esse vero. Vero consetetur imperdiet dolor in dolores stet nonumy accusam feugiat sit. Ut ut luptatum at stet duo est dolore sea ex accusam.\nAmet sanctus amet dolor et commodo at wisi diam. Gubergren ipsum sit sit elitr delenit. Aliquip lorem diam dolores sed lorem ut dolore nulla sit illum. Ut nulla sit elitr eos. Lorem ut nonumy dignissim dolore et ipsum nonumy in sit dolor clita voluptua. Vero elitr dolor dolore.\nEt accusam sanctus nulla ea ex praesent assum elitr euismod sit qui qui diam vero hendrerit diam duis in. Velit facilisis aliquyam consetetur accumsan sed ea aliquyam et mazim ut sanctus sea eu. Dolore vulputate diam te gubergren sadipscing ipsum no dolore nibh amet dolore elit sit aliquyam gubergren kasd iusto. Gubergren nulla duo sit magna sea amet lorem lorem takimata sit. Eos dolore aliquyam rebum. Ipsum ea quis sit. Iriure euismod tempor rebum eirmod ut autem at vero takimata facilisi in diam sadipscing. Gubergren ipsum ut nulla eirmod amet amet lorem ipsum elitr kasd sed consetetur tempor ea sit qui sit. Quis eos consequat kasd no in magna rebum stet at at et elit elitr volutpat. Ut magna erat feugait doming takimata vero vero lorem stet et tempor lorem. Facer sed at clita. Erat lorem takimata duis exerci et at sea rebum sed sit. Sit dolore ex et ipsum amet ea consequat invidunt feugiat facilisis dolor dolores nonumy cum velit no facer. Et invidunt diam labore et sit ipsum voluptua. Ut
[...]
 body=None 
 </msg>
<msg timestamp="20210707 14:33:17.303" level="INFO">GET Response : url=https://fakerestapi.azurewebsites.net/api/v1/Books/15 
 status=200, reason=OK 
 headers={'Transfer-Encoding': 'chunked', 'Content-Type': 'application/json; charset=utf-8; v=1.0', 'Server': 'Kestrel', 'api-supported-versions': '1.0', 'Date': 'Wed, 07 Jul 2021 17:35:05 GMT'} 
 body={"id":15,"title":"Book 15","description":"Elit est vero dolore lorem sea rebum kasd gubergren assum et quis takimata sadipscing est amet. Lorem tincidunt sanctus iusto accusam autem lorem hendrerit amet lorem sed. Et accumsan nulla elitr diam sed et duis ipsum magna sit rebum luptatum. Dolor voluptua consetetur dolore voluptua wisi vero aliquam. Placerat sea tempor ut ut clita est nulla rebum dolore et rebum wisi duo vel molestie et justo sed. Tempor tempor eum accumsan ut rebum diam sit duis diam takimata amet dolor dolore sed. Justo at soluta enim et sed eirmod et. Et clita eos et volutpat accusam sadipscing stet. Magna illum invidunt ipsum labore zzril nonumy clita nisl minim justo rebum eirmod dolor lorem sed luptatum sit. Iriure wisi dolor consetetur consetetur sadipscing amet. Ipsum kasd dolores clita elitr lorem dolore et diam nulla sed esse nostrud ea vulputate et. Lorem erat wisi sea hendrerit sit nonumy. Ipsum sed at sanctus sed autem lorem ut amet nulla lorem eros lorem. Sit eos eos dignissim sanctus iusto.\n","pageCount":1500,"excerpt":"Te magna invidunt nonumy sit nostrud dolore lorem erat eirmod delenit takimata esse vero. Sed imperdiet ipsum eirmod. Dolor nostrud sed elitr dolore ut et diam vel clita gubergren kasd sadipscing no amet vel tincidunt tempor at. Eleifend aliquyam aliquyam ut rebum nonumy tempor. Dolore sed eos stet consectetuer takimata. Consetetur dolor vel diam lorem vero labore hendrerit zzril no. Consetetur dolor ex at stet amet no qui wisi. Diam praesent diam aliquyam kasd sed vero ipsum possim sit. Ut diam ipsum eos amet diam nihil ipsum ipsum sit est amet sadipscing iriure accusam et mazim rebum amet. Magna consetetur suscipit. Duo esse tempor erat ea eum ut vero sit takimata aliquyam facer. Enim ullamcorper clita aliquyam diam stet no vel sed ipsum illum lorem dolor ipsum sit. Voluptua lorem nulla consetetur diam. Invidunt vulputate gubergren rebum consectetuer ipsum et ipsum et invidunt dolores elitr lorem. Accusam doming in duo vel consequat dolore justo. Sea augue ipsum elitr in sadipscing lobortis lorem rebum eirmod vero. Duis tempor erat ad.\nSanctus amet gubergren erat duis velit no elit duo justo at ea. Et dolores lorem duis eirmod duo sed magna amet. Dolor consetetur et consequat nonumy lorem at. Justo nisl soluta accusam. Elitr accusam eros et nonummy gubergren est amet at eos et ipsum lorem. Duis et iriure hendrerit lorem dolor ut sanctus duo ipsum feugiat nonumy. Rebum amet amet consetetur diam at amet odio quis et sit ullamcorper amet eos accumsan nonumy eirmod. Hendrerit lorem gubergren sed diam diam eirmod soluta sed labore. Rebum invidunt et nonumy dolor sanctus diam et cum aliquyam augue dolor iriure duis ut erat soluta. Vero kasd blandit sanctus justo stet sadipscing duo amet amet dolores no clita. Sadipscing lorem dolore labore et molestie tempor stet sanctus augue labore accusam erat tempor sit praesent nonumy. Et consetetur sit labore voluptua takimata at. Justo elitr blandit lobortis dolores augue eirmod vero. Adipiscing clita nihil ipsum. Iusto in eos lorem esse soluta praesent et amet diam et voluptua facilisis elitr ipsum. Gubergren exerci labore et ut diam hendrerit amet sea.\nConsectetuer enim dolor dolor. Ipsum vero et kasd dolor enim stet magna accusam et lorem est accusam diam esse justo illum. Magna ea labore no magna sit praesent dolores amet eos lorem et invidunt te et te. Imperdiet et blandit ut sanctus at aliquyam accusam justo et tincidunt ipsum sea diam ut. Elit illum sit sit kasd ut lorem elitr at nonumy gubergren eos minim erat nobis mazim lorem.\nTakimata elit rebum vel diam amet ea at lorem. Illum accusam eros ut volutpat sed diam diam sit duo aliquip duo amet. Et facilisi duo erat elit aliquam aliquyam voluptua sit diam nulla nisl at.\nErat nonumy dolores et. Tempor in duo placerat ipsum esse amet aliquyam. Amet aliquip sit luptatum lorem dolor dolor dolores magna amet ex. Dolor placerat voluptua erat stet et. Labore vel ea dolores sanctus iriure amet accusam ipsum amet lorem sit at velit. Aliquyam dolor consetetur in at duis sit no tempor ipsum nisl stet sit nonumy dignissim minim et consetetur. Exerci eirmod lorem kasd esse diam magna sea euismod stet exerci vero. Mazim lorem et tempor magna dolor sed sit diam tempor suscipit lorem dolor et et nihil esse. Et invidunt et commodo veniam lobortis et vel velit imperdiet diam diam et ea. Sanctus sadipscing aliquam ullamcorper diam lorem est iriure eirmod kasd elit accusam ea invidunt. Voluptua magna dolor dolore odio dolor voluptua amet sea et. Sadipscing odio est dolores magna est et ex sea et euismod. Autem elitr stet voluptua tempor sadipscing stet voluptua te stet ut. Lorem volutpat dolore lorem et kasd et ipsum amet sea consequat clita sed. Mazim rebum eos enim dolore rebum sed ea duo et consetetur est sed assum ut nihil no et ipsum. Accusam praesent laoreet ullamcorper nonumy dolor et sit no eirmod euismod est takimata et tempor gubergren.\n","publishDate":"2021-06-22T17:35:05.0236901+00:00"} 
 </msg>
<msg timestamp="20210707 14:33:17.304" level="INFO">c:\users\barbara\appdata\local\programs\python\python39\lib\site-packages\urllib3\connectionpool.py:1013: InsecureRequestWarning: Unverified HTTPS request is being made to host 'fakerestapi.azurewebsites.net'. Adding certificate verification is strongly advised. See: https://urllib3.readthedocs.io/en/1.26.x/advanced-usage.html#ssl-warnings
  warnings.warn(</msg>
<msg timestamp="20210707 14:33:17.307" level="INFO">${RESPOSTA} = &lt;Response [200]&gt;</msg>
<status status="PASS" starttime="20210707 14:33:17.043" endtime="20210707 14:33:17.308"/>
</kw>
<kw name="Log" library="BuiltIn">
<arg>${RESPOSTA.text}</arg>
<doc>Logs the given message with the given level.</doc>
<msg timestamp="20210707 14:33:17.311" level="INFO">{"id":15,"title":"Book 15","description":"Elit est vero dolore lorem sea rebum kasd gubergren assum et quis takimata sadipscing est amet. Lorem tincidunt sanctus iusto accusam autem lorem hendrerit amet lorem sed. Et accumsan nulla elitr diam sed et duis ipsum magna sit rebum luptatum. Dolor voluptua consetetur dolore voluptua wisi vero aliquam. Placerat sea tempor ut ut clita est nulla rebum dolore et rebum wisi duo vel molestie et justo sed. Tempor tempor eum accumsan ut rebum diam sit duis diam takimata amet dolor dolore sed. Justo at soluta enim et sed eirmod et. Et clita eos et volutpat accusam sadipscing stet. Magna illum invidunt ipsum labore zzril nonumy clita nisl minim justo rebum eirmod dolor lorem sed luptatum sit. Iriure wisi dolor consetetur consetetur sadipscing amet. Ipsum kasd dolores clita elitr lorem dolore et diam nulla sed esse nostrud ea vulputate et. Lorem erat wisi sea hendrerit sit nonumy. Ipsum sed at sanctus sed autem lorem ut amet nulla lorem eros lorem. Sit eos eos dignissim sanctus iusto.\n","pageCount":1500,"excerpt":"Te magna invidunt nonumy sit nostrud dolore lorem erat eirmod delenit takimata esse vero. Sed imperdiet ipsum eirmod. Dolor nostrud sed elitr dolore ut et diam vel clita gubergren kasd sadipscing no amet vel tincidunt tempor at. Eleifend aliquyam aliquyam ut rebum nonumy tempor. Dolore sed eos stet consectetuer takimata. Consetetur dolor vel diam lorem vero labore hendrerit zzril no. Consetetur dolor ex at stet amet no qui wisi. Diam praesent diam aliquyam kasd sed vero ipsum possim sit. Ut diam ipsum eos amet diam nihil ipsum ipsum sit est amet sadipscing iriure accusam et mazim rebum amet. Magna consetetur suscipit. Duo esse tempor erat ea eum ut vero sit takimata aliquyam facer. Enim ullamcorper clita aliquyam diam stet no vel sed ipsum illum lorem dolor ipsum sit. Voluptua lorem nulla consetetur diam. Invidunt vulputate gubergren rebum consectetuer ipsum et ipsum et invidunt dolores elitr lorem. Accusam doming in duo vel consequat dolore justo. Sea augue ipsum elitr in sadipscing lobortis lorem rebum eirmod vero. Duis tempor erat ad.\nSanctus amet gubergren erat duis velit no elit duo justo at ea. Et dolores lorem duis eirmod duo sed magna amet. Dolor consetetur et consequat nonumy lorem at. Justo nisl soluta accusam. Elitr accusam eros et nonummy gubergren est amet at eos et ipsum lorem. Duis et iriure hendrerit lorem dolor ut sanctus duo ipsum feugiat nonumy. Rebum amet amet consetetur diam at amet odio quis et sit ullamcorper amet eos accumsan nonumy eirmod. Hendrerit lorem gubergren sed diam diam eirmod soluta sed labore. Rebum invidunt et nonumy dolor sanctus diam et cum aliquyam augue dolor iriure duis ut erat soluta. Vero kasd blandit sanctus justo stet sadipscing duo amet amet dolores no clita. Sadipscing lorem dolore labore et molestie tempor stet sanctus augue labore accusam erat tempor sit praesent nonumy. Et consetetur sit labore voluptua takimata at. Justo elitr blandit lobortis dolores augue eirmod vero. Adipiscing clita nihil ipsum. Iusto in eos lorem esse soluta praesent et amet diam et voluptua facilisis elitr ipsum. Gubergren exerci labore et ut diam hendrerit amet sea.\nConsectetuer enim dolor dolor. Ipsum vero et kasd dolor enim stet magna accusam et lorem est accusam diam esse justo illum. Magna ea labore no magna sit praesent dolores amet eos lorem et invidunt te et te. Imperdiet et blandit ut sanctus at aliquyam accusam justo et tincidunt ipsum sea diam ut. Elit illum sit sit kasd ut lorem elitr at nonumy gubergren eos minim erat nobis mazim lorem.\nTakimata elit rebum vel diam amet ea at lorem. Illum accusam eros ut volutpat sed diam diam sit duo aliquip duo amet. Et facilisi duo erat elit aliquam aliquyam voluptua sit diam nulla nisl at.\nErat nonumy dolores et. Tempor in duo placerat ipsum esse amet aliquyam. Amet aliquip sit luptatum lorem dolor dolor dolores magna amet ex. Dolor placerat voluptua erat stet et. Labore vel ea dolores sanctus iriure amet accusam ipsum amet lorem sit at velit. Aliquyam dolor consetetur in at duis sit no tempor ipsum nisl stet sit nonumy dignissim minim et consetetur. Exerci eirmod lorem kasd esse diam magna sea euismod stet exerci vero. Mazim lorem et tempor magna dolor sed sit diam tempor suscipit lorem dolor et et nihil esse. Et invidunt et commodo veniam lobortis et vel velit imperdiet diam diam et ea. Sanctus sadipscing aliquam ullamcorper diam lorem est iriure eirmod kasd elit accusam ea invidunt. Voluptua magna dolor dolore odio dolor voluptua amet sea et. Sadipscing odio est dolores magna est et ex sea et euismod. Autem elitr stet voluptua tempor sadipscing stet voluptua te stet ut. Lorem volutpat dolore lorem et kasd et ipsum amet sea consequat clita sed. Mazim rebum eos enim dolore rebum sed ea duo et consetetur est sed assum ut nihil no et ipsum. Accusam praesent laoreet ullamcorper nonumy dolor et sit no eirmod euismod est takimata et tempor gubergren.\n","publishDate":"2021-06-22T17:35:05.0236901+00:00"}</msg>
<status status="PASS" starttime="20210707 14:33:17.308" endtime="20210707 14:33:17.312"/>
</kw>
<kw name="Set Test Variable" library="BuiltIn">
<arg>${RESPOSTA}</arg>
<doc>Makes a variable available everywhere within the scope of the current test.</doc>
<msg timestamp="20210707 14:33:17.314" level="INFO">${RESPOSTA} = &lt;Response [200]&gt;</msg>
<status status="PASS" starttime="20210707 14:33:17.313" endtime="20210707 14:33:17.315"/>
</kw>
<status status="PASS" starttime="20210707 14:33:17.043" endtime="20210707 14:33:17.315"/>
</kw>
<kw name="Conferir o status code" library="ResourceAPI">
<arg>200</arg>
<kw name="Should Be Equal As Strings" library="BuiltIn">
<arg>${RESPOSTA.status_code}</arg>
<arg>${STATUSCODE_DESEJADO}</arg>
<doc>Fails if objects are unequal after converting them to strings.</doc>
<msg timestamp="20210707 14:33:17.320" level="INFO">Argument types are:
&lt;class 'int'&gt;
&lt;type 'unicode'&gt;</msg>
<status status="PASS" starttime="20210707 14:33:17.318" endtime="20210707 14:33:17.320"/>
</kw>
<status status="PASS" starttime="20210707 14:33:17.317" endtime="20210707 14:33:17.320"/>
</kw>
<kw name="Conferir o reason" library="ResourceAPI">
<arg>OK</arg>
<kw name="Should Be Equal As Strings" library="BuiltIn">
<arg>${RESPOSTA.reason}</arg>
<arg>${REASON_DESEJADO}</arg>
<doc>Fails if objects are unequal after converting them to strings.</doc>
<status status="PASS" starttime="20210707 14:33:17.321" endtime="20210707 14:33:17.322"/>
</kw>
<status status="PASS" starttime="20210707 14:33:17.321" endtime="20210707 14:33:17.322"/>
</kw>
<kw name="Conferir se retorna todos os dados corretos do livro 15" library="ResourceAPI">
<kw name="Dictionary Should Contain Item" library="Collections">
<arg>${RESPOSTA.json()}</arg>
<arg>id</arg>
<arg>${BOOK_15.id}</arg>
<doc>An item of ``key`` / ``value`` must be found in a ``dictionary``.</doc>
<status status="PASS" starttime="20210707 14:33:17.323" endtime="20210707 14:33:17.325"/>
</kw>
<kw name="Dictionary Should Contain Item" library="Collections">
<arg>${RESPOSTA.json()}</arg>
<arg>title</arg>
<arg>${BOOK_15.title}</arg>
<doc>An item of ``key`` / ``value`` must be found in a ``dictionary``.</doc>
<status status="PASS" starttime="20210707 14:33:17.325" endtime="20210707 14:33:17.326"/>
</kw>
<kw name="Dictionary Should Contain Item" library="Collections">
<arg>${RESPOSTA.json()}</arg>
<arg>pageCount</arg>
<arg>${BOOK_15.pageCount}</arg>
<doc>An item of ``key`` / ``value`` must be found in a ``dictionary``.</doc>
<status status="PASS" starttime="20210707 14:33:17.326" endtime="20210707 14:33:17.328"/>
</kw>
<kw name="Should Not Be Empty" library="BuiltIn">
<arg>${RESPOSTA.json()["description"]}</arg>
<doc>Verifies that the given item is not empty.</doc>
<msg timestamp="20210707 14:33:17.328" level="INFO">Length is 992</msg>
<status status="PASS" starttime="20210707 14:33:17.328" endtime="20210707 14:33:17.328"/>
</kw>
<kw name="Should Not Be Empty" library="BuiltIn">
<arg>${RESPOSTA.json()["excerpt"]}</arg>
<doc>Verifies that the given item is not empty.</doc>
<msg timestamp="20210707 14:33:17.329" level="INFO">Length is 3892</msg>
<status status="PASS" starttime="20210707 14:33:17.328" endtime="20210707 14:33:17.329"/>
</kw>
<kw name="Should Not Be Empty" library="BuiltIn">
<arg>${RESPOSTA.json()["publishDate"]}</arg>
<doc>Verifies that the given item is not empty.</doc>
<msg timestamp="20210707 14:33:17.330" level="INFO">Length is 33</msg>
<status status="PASS" starttime="20210707 14:33:17.329" endtime="20210707 14:33:17.330"/>
</kw>
<status status="PASS" starttime="20210707 14:33:17.323" endtime="20210707 14:33:17.330"/>
</kw>
<status status="PASS" starttime="20210707 14:33:17.043" endtime="20210707 14:33:17.331"/>
</test>
<test id="s1-t3" name="Cadastrar um novo livro (POST)">
<kw name="Cadastrar um novo livro" library="ResourceAPI">
<kw name="Post Request" library="RequestsLibrary">
<var>${RESPOSTA}</var>
<arg>fakeAPI</arg>
<arg>Books</arg>
<arg>data={"id": ${BOOK_201.id},"title": "${BOOK_201.title}","description": "${BOOK_201.description}","pageCount": ${BOOK_201.pageCount},"excerpt": "${BOOK_201.excerpt}","publishDate": "${BOOK_201.publishDate}"}</arg>
<arg>headers=${HEADERS}</arg>
<doc>*DEPRECATED* Please use `POST On Session` instead.</doc>
<msg timestamp="20210707 14:33:17.332" level="WARN">Keyword 'RequestsLibrary.Post Request' is deprecated. Please use `POST On Session` instead.</msg>
<msg timestamp="20210707 14:33:17.551" level="INFO">POST Request : url=https://fakerestapi.azurewebsites.net/api/v1/Books 
 path_url=/api/v1/Books 
 headers={'User-Agent': 'python-requests/2.25.1', 'Accept-Encoding': 'gzip, deflate', 'Accept': '*/*', 'Connection': 'keep-alive', 'content-type': 'application/json', 'Content-Length': '190'} 
 body=b'{"id": 201,"title": "Meu novo Book","description": "Meu novo livro conta coisas fant\xc3\xa1sticas","pageCount": 523,"excerpt": "Meu Novo livro \xc3\xa9 massa","publishDate": "2018-04-26T17:58:14.765Z"}' 
 </msg>
<msg timestamp="20210707 14:33:17.551" level="INFO">POST Response : url=https://fakerestapi.azurewebsites.net/api/v1/Books 
 status=200, reason=OK 
 headers={'Transfer-Encoding': 'chunked', 'Content-Type': 'application/json; charset=utf-8; v=1.0', 'Server': 'Kestrel', 'api-supported-versions': '1.0', 'Date': 'Wed, 07 Jul 2021 17:35:05 GMT'} 
 body={"id":201,"title":"Meu novo Book","description":"Meu novo livro conta coisas fantásticas","pageCount":523,"excerpt":"Meu Novo livro é massa","publishDate":"2018-04-26T17:58:14.765Z"} 
 </msg>
<msg timestamp="20210707 14:33:17.552" level="INFO">c:\users\barbara\appdata\local\programs\python\python39\lib\site-packages\urllib3\connectionpool.py:1013: InsecureRequestWarning: Unverified HTTPS request is being made to host 'fakerestapi.azurewebsites.net'. Adding certificate verification is strongly advised. See: https://urllib3.readthedocs.io/en/1.26.x/advanced-usage.html#ssl-warnings
  warnings.warn(</msg>
<msg timestamp="20210707 14:33:17.555" level="INFO">${RESPOSTA} = &lt;Response [200]&gt;</msg>
<status status="PASS" starttime="20210707 14:33:17.332" endtime="20210707 14:33:17.556"/>
</kw>
<kw name="Log" library="BuiltIn">
<arg>${RESPOSTA.text}</arg>
<doc>Logs the given message with the given level.</doc>
<msg timestamp="20210707 14:33:17.559" level="INFO">{"id":201,"title":"Meu novo Book","description":"Meu novo livro conta coisas fantásticas","pageCount":523,"excerpt":"Meu Novo livro é massa","publishDate":"2018-04-26T17:58:14.765Z"}</msg>
<status status="PASS" starttime="20210707 14:33:17.556" endtime="20210707 14:33:17.559"/>
</kw>
<kw name="Set Test Variable" library="BuiltIn">
<arg>${RESPOSTA}</arg>
<doc>Makes a variable available everywhere within the scope of the current test.</doc>
<msg timestamp="20210707 14:33:17.560" level="INFO">${RESPOSTA} = &lt;Response [200]&gt;</msg>
<status status="PASS" starttime="20210707 14:33:17.559" endtime="20210707 14:33:17.560"/>
</kw>
<status status="PASS" starttime="20210707 14:33:17.332" endtime="20210707 14:33:17.560"/>
</kw>
<kw name="Conferir o status code" library="ResourceAPI">
<arg>200</arg>
<kw name="Should Be Equal As Strings" library="BuiltIn">
<arg>${RESPOSTA.status_code}</arg>
<arg>${STATUSCODE_DESEJADO}</arg>
<doc>Fails if objects are unequal after converting them to strings.</doc>
<msg timestamp="20210707 14:33:17.562" level="INFO">Argument types are:
&lt;class 'int'&gt;
&lt;type 'unicode'&gt;</msg>
<status status="PASS" starttime="20210707 14:33:17.561" endtime="20210707 14:33:17.562"/>
</kw>
<status status="PASS" starttime="20210707 14:33:17.561" endtime="20210707 14:33:17.562"/>
</kw>
<kw name="Conferir o reason" library="ResourceAPI">
<arg>OK</arg>
<kw name="Should Be Equal As Strings" library="BuiltIn">
<arg>${RESPOSTA.reason}</arg>
<arg>${REASON_DESEJADO}</arg>
<doc>Fails if objects are unequal after converting them to strings.</doc>
<status status="PASS" starttime="20210707 14:33:17.563" endtime="20210707 14:33:17.564"/>
</kw>
<status status="PASS" starttime="20210707 14:33:17.563" endtime="20210707 14:33:17.564"/>
</kw>
<status status="PASS" starttime="20210707 14:33:17.332" endtime="20210707 14:33:17.565"/>
</test>
<doc>Documentação da API: https://fakerestapi.azurewebsites.net/swagger/ui/index#!/Books</doc>
<status status="PASS" starttime="20210707 14:33:14.704" endtime="20210707 14:33:17.566"/>
</suite>
<statistics>
<total>
<stat pass="3" fail="0" skip="0">All Tests</stat>
</total>
<tag>
</tag>
<suite>
<stat pass="3" fail="0" skip="0" id="s1" name="TestCasesAPIBooks">TestCasesAPIBooks</stat>
</suite>
</statistics>
<errors>
<msg timestamp="20210707 14:33:17.332" level="WARN">Keyword 'RequestsLibrary.Post Request' is deprecated. Please use `POST On Session` instead.</msg>
</errors>
</robot>
