<?xml version="1.0" encoding="UTF-8"?>
<robot generator="Robot 4.0.3 (Python 3.9.6 on win32)" generated="20210707 13:59:56.393" rpa="false" schemaversion="2">
<suite id="s1" name="TestCasesAPIBooks" source="C:\Users\barbara\Desktop\Robot-Framework\BooksAPI\TestCasesAPIBooks.robot">
<kw name="Conectar a minha API" library="ResourceAPI" type="SETUP">
<kw name="Create Session" library="RequestsLibrary">
<arg>fakeAPI</arg>
<arg>${URL_API}</arg>
<doc>Create Session: create a HTTP session to a server</doc>
<msg timestamp="20210707 13:59:56.502" level="INFO">Creating Session using : alias=fakeAPI, url=https://fakerestapi.azurewebsites.net/api/v1/, headers={},                     cookies={}, auth=None, timeout=None, proxies=None, verify=False,                     debug=0 </msg>
<status status="PASS" starttime="20210707 13:59:56.501" endtime="20210707 13:59:56.502"/>
</kw>
<kw name="Create Dictionary" library="BuiltIn">
<var>${HEADERS}</var>
<arg>content-type=application/json</arg>
<doc>Creates and returns a dictionary based on the given ``items``.</doc>
<msg timestamp="20210707 13:59:56.502" level="INFO">${HEADERS} = {'content-type': 'application/json'}</msg>
<status status="PASS" starttime="20210707 13:59:56.502" endtime="20210707 13:59:56.503"/>
</kw>
<kw name="Set Suite Variable" library="BuiltIn">
<arg>${HEADERS}</arg>
<doc>Makes a variable available everywhere within the scope of the current suite.</doc>
<msg timestamp="20210707 13:59:56.503" level="INFO">${HEADERS} = {'content-type': 'application/json'}</msg>
<status status="PASS" starttime="20210707 13:59:56.503" endtime="20210707 13:59:56.503"/>
</kw>
<status status="PASS" starttime="20210707 13:59:56.500" endtime="20210707 13:59:56.503"/>
</kw>
<test id="s1-t1" name="Buscar a listagem de todos os livros (GET em todos os livros)">
<kw name="Requisitar todos os livros" library="ResourceAPI">
<kw name="Get On Session" library="RequestsLibrary">
<var>${RESPOSTA}</var>
<arg>fakeAPI</arg>
<arg>Books</arg>
<doc>Sends a GET request on a previously created HTTP Session.</doc>
<msg timestamp="20210707 13:59:59.253" level="INFO">GET Request : url=https://fakerestapi.azurewebsites.net/api/v1/Books 
 path_url=/api/v1/Books 
 headers={'User-Agent': 'python-requests/2.25.1', 'Accept-Encoding': 'gzip, deflate', 'Accept': '*/*', 'Connection': 'keep-alive'} 
 body=None 
 </msg>
<msg timestamp="20210707 13:59:59.256" level="INFO">GET Response : url=https://fakerestapi.azurewebsites.net/api/v1/Books 
 status=200, reason=OK 
 headers={'Transfer-Encoding': 'chunked', 'Content-Type': 'application/json; charset=utf-8; v=1.0', 'Server': 'Kestrel', 'api-supported-versions': '1.0', 'Date': 'Wed, 07 Jul 2021 17:01:42 GMT'} 
 body=[{"id":1,"title":"Book 1","description":"Voluptua tincidunt ipsum elitr justo sadipscing rebum no magna vero eirmod minim. Eos eirmod tation ea diam facilisis dolores lorem erat et dolore praesent. Tation accusam exerci eos dolor. Quis ipsum diam ea. Feugait et et consequat et molestie sed. Nonumy sanctus sea takimata lorem et gubergren sadipscing at labore elitr facilisi diam consequat praesent accusam. Dolor vero enim eos commodo zzril tation tempor. Et aliquam magna blandit et vulputate aliquyam.\n","pageCount":100,"excerpt":"Elitr est at dolor. Enim amet sed no et et justo at autem gubergren dolor clita no diam dolor in. Dolores et erat et hendrerit et ipsum dolores et duis consetetur takimata luptatum imperdiet veniam invidunt eros amet diam. Ea no et erat. Feugiat vero invidunt est at amet aliquyam amet ipsum erat at sadipscing lorem et dolore consectetuer invidunt. Kasd sadipscing dolore minim ut diam dolore labore sit erat gubergren erat ut magna vel est dolore labore enim. Et ea kasd placerat amet invidunt sit commodo sit consectetuer cum sea. Nostrud justo ea duis dolores commodo sed invidunt at erat dolor amet praesent sit at. Erat duo et ea blandit amet tation justo dolor dolor dolores dignissim stet accumsan. Sea sadipscing magna eirmod feugiat molestie facilisis delenit ad est ipsum sit sit est no eirmod. In ipsum ea ipsum eos diam dolor. Dolores ipsum dolor clita tempor lorem sadipscing ut rebum molestie dolor dolor takimata sed dolor illum lorem qui.\nIn sit dolore velit dolor ea kasd sanctus duis duo amet consetetur clita dolores accusam. Stet dolore vulputate gubergren nam. Enim nisl diam voluptua praesent laoreet stet vel invidunt facilisis ea stet sed gubergren. Dolor vero tempor sanctus at erat dolor consetetur ea ea nibh sed. Dignissim stet dolor. Eirmod commodo at dolor molestie aliquip duis. Aliquyam et lorem et ea sed odio sit dolore tempor rebum ipsum sed sanctus diam dolore consectetuer diam. Tempor dolor gubergren mazim eirmod nulla consectetuer gubergren sit lorem magna blandit aliquam wisi diam facilisi et tation. Diam at sed duo duo ad eleifend amet voluptua. Stet duo qui clita magna. Esse diam ipsum dolore consetetur rebum amet imperdiet. Clita justo erat sed sit ipsum aliquip id amet no sea et sit rebum enim vero magna ullamcorper justo. Ut nulla no nonumy takimata et ut enim kasd. Ut ea ipsum adipiscing ea sit invidunt at invidunt luptatum duo dolore dolor labore voluptua accusam accusam dignissim. Adipiscing dolor diam velit tation sit sadipscing clita sea ut dignissim magna. Nonumy dolor suscipit gubergren vel sed nonumy duo dolore eirmod aliquyam kasd dolor. Duo ipsum sadipscing ut sadipscing. Eirmod et tempor ut lorem vero ut stet.\nEt sadipscing labore sea no rebum quis nonumy justo sanctus feugiat erat. Ipsum nostrud blandit dolore sed ut diam duis et nonummy clita tincidunt elitr dolores. Takimata ut gubergren at sed eu diam dolore amet accusam sed consetetur sed at. Invidunt magna diam sit sit justo eirmod vero stet vero dolor in consetetur ex est vulputate. Odio no sadipscing sit justo sed dolores eirmod dolor et dolore stet. Minim takimata vero takimata molestie clita dignissim ut consectetuer lorem nonumy et est consetetur et accusam lorem sea. Amet aliquyam vero elitr tation voluptua dolor tempor sanctus ut erat duis commodo ut no est et. Dolor sit sed in lorem minim ut stet dolore dolor et. Diam aliquyam rebum tempor duo et justo sea consetetur voluptua vero autem cum consetetur. Diam sea velit dolores diam ut ut duis duis dolore sit qui possim. Aliquyam amet facilisi magna. Dolor sadipscing consectetuer sanctus et voluptua no eirmod aliquyam et. Nostrud invidunt justo no aliquam lorem ipsum sit sea ea duo dolore et duo dolor commodo labore diam invidunt. Magna facilisi facilisi ut rebum sea dolor vero amet. Lorem sit nam enim eirmod et clita dolore wisi dolores sed eros at elitr et diam dolore blandit. Nostrud dolores elitr ipsum vero lorem erat sadipscing dolore amet commodo elit ut. Ullamcorper sit aliquam justo ut nostrud dolor aliquyam nostrud ipsum ea ea tempor.\nErat amet lobortis consequat nonumy erat at vero sed sadipscing erat duo eirmod vero accusam vel est. Ipsum velit tempor dolor dolore diam gubergren elitr nonumy eu sit sed esse consetetur. Sit at no aliquip aliquip ea tempor ea elitr sed duo eos nonumy takimata. Stet nonumy est et est velit at amet dolor. Erat et vel dolores amet consequat et sed eirmod. Lorem diam ipsum ipsum consequat duo volutpat et aliquyam accusam. At amet sed diam dolor enim ut. Luptatum sed eos iriure velit nibh sit nulla rebum dolor stet accusam tincidunt nonumy consequat. Ut amet adipiscing facer ullamcorper sit erat justo sit lorem at vero nonummy molestie rebum sit ipsum euismod wisi. Dolor diam labore ipsum. Euismod nihil rebum rebum facilisis ex eirmod sed eros labore enim sed consectetuer eirmod. Erat voluptua erat sadipscing tempor eirmod ut eos gubergren erat dolore ea lorem stet et. Vero dolor dolore sanctus delenit amet sit. Sed erat in diam et nihil diam erat gubergren et lobortis sit illum nonumy. Voluptua gubergren lorem justo sadipscing sed accusam. Magna facilisis ea voluptua duis vel autem nonumy. Et nonumy amet no amet lorem et et delenit rebum tempor nonumy dolores exerci. Dolor stet erat ipsum vel amet esse voluptua veniam aliquip odio sit est. Dolor facilisis dolor invidunt.\nDolor duo justo dolore tincidunt et nonumy aliquyam elitr et ut et in sadipscing tempor. Aliquyam diam tincidunt ut velit consectetuer nulla et. Duis elitr veniam nisl sed sed te sed tempor mazim stet vero. Zzril dolor dolor erat ea est gubergren ea. Dolor duis vero no et clita lorem eirmod consetetur eirmod nisl in rebum. Ipsum elitr sadipscing diam et rebum accusam. Sit ut sadipscing in eum ut eos ipsum assum diam ipsum erat diam. Clita diam nam ea ut at invidunt sed vero dolor te dolore vero dolor. Cum et sadipscing iusto erat sadipscing facilisi diam et nonumy. Suscipit accusam justo gubergren at rebum vero voluptua stet labore lobortis magna ut dolore nonumy amet rebum. Nonummy nam takimata dolore vero nibh accusam duis. Diam takimata dolore.\n","publishDate":"2021-07-06T17:01:42.6693746+00:00"},{"id":2,"title":"Book 2","description":"Gubergren laoreet duo aliquyam elitr dolor. Est et diam eros et laoreet dolor invidunt clita. Accumsan exerci magna amet erat no dolore dolor hendrerit exerci erat. Magna ipsum tation consetetur sadipscing qui dolor consectetuer aliquyam sadipscing. Amet justo ut consetetur quod dolor justo clita est dolor nulla vero ut eos molestie gubergren lobortis et dignissim. Dolore dignissim gubergren erat augue justo placerat dolor eu dolore dolor accusam lorem. Stet amet dolor adipiscing. Magna et accusam labore ipsum et sit vulputate laoreet invidunt odio. Illum nibh lorem eirmod. Ipsum sit elitr dolor dolor eleifend nulla et laoreet est diam. Eos duis labore. Et consequat et eu accusam dignissim no eos dolor rebum. Suscipit dolore lorem consequat eos. Vel enim voluptua ea esse no kasd dolore accusam zzril ut no. Duis facilisis vero lorem et zzril et aliquyam labore elitr aliquyam tation te elitr imperdiet no duis praesent magna. Sadipscing nulla duo amet ipsum dolor invidunt tincidunt et iriure tation rebum accusam. Diam in dolor aliquyam stet invidunt justo.\n","pageCount":200,"excerpt":"Elitr ipsum et accusam sit illum autem aliquip wisi kasd facilisi duo dolore et praesent. Aliquyam consetetur stet sea volutpat at eum elitr delenit cum euismod commodo dolor lorem sadipscing ipsum. Aliquyam euismod eu qui elitr consetetur voluptua eos rebum stet ut accusam sit erat nonumy. Justo possim amet sed stet ea et esse. Justo magna labore wisi rebum magna facilisi duo vulputate ipsum et stet sea consectetuer duo. Aliquyam duo no. Kasd elitr dolor sed amet et duis dolor aliquyam magna invidunt iriure et. Nulla labore ut suscipit nulla duo. At amet praesent sed.\nEos velit ipsum erat iriure amet magna sed. Ipsum dolores dolor accusam wisi amet amet dolor lorem sed nibh in. Iriure tempor diam dolores sea dolor ad aliquyam. Sed aliquyam wisi accusam nibh et consequat minim aliquam. Sit kasd aliquyam eos ea magna et sed takimata et sea sanctus justo sadipscing eos dolor hendrerit suscipit. Enim lorem justo ipsum rebum consetetur sadipscing et duis dolor et consetetur et amet. Voluptua accusam voluptua sanctus eum nonumy duis option dolores nulla eu labore lorem ipsum labore eleifend. Id consetetur esse kasd. Aliquyam laoreet amet et aliquyam dolores sea et sea lorem sed id eirmod clita dolor. Tempor consetetur sit justo nobis sed elitr tempor justo tempor dolor et kasd. Erat no at kasd dolor hendrerit kasd. Dolor kasd at duis amet.\nAt nonumy gubergren diam dolor dolor diam labore no no aliquip. Amet clita in sadipscing. Stet duo ipsum eros luptatum lobortis tempor iriure consetetur dolor sadipscing eos ipsum accumsan eos nihil justo justo erat.\nMazim dolor labore dolores. Eirmod laoreet et no et et sed erat amet dolores dolor. Sed et vero dolor consequat justo justo vero voluptua duo et sed illum autem labore. Amet vel et vero nulla stet. Kasd ut kasd duo. Accumsan rebum accusam sed sed ipsum amet aliquip. Dolor dolore at vero praesent sed. No kasd magna consequat aliquyam sit rebum labore ea kasd minim duo. Dolor esse nonumy takimata aliquam magna sit et et tincidunt cum aliquip iusto. Ipsum dolore sit dolore ut at eum.\nElitr sadipscing sanctus vero facilisis tempor takimata amet in. Ipsum ad nonumy dolor clita magna magna vel sea. Et takimata commodo diam. Dolore vulputate gubergren nulla amet invidunt consectetuer dolores no diam ea aliquyam. Vulputate lorem elitr labore in consequat accusam lorem lorem et et. Tempor consetetur et vero magna duo gubergren dolore et invidunt stet ipsum erat nulla consectetuer et et accusam. Rebum vel quis invidunt invidunt vel eos eos esse wisi. Nonummy justo eirmod lorem. Diam et vero sed iriure elitr facilisis accumsan voluptua ex. Luptatum aliquip luptatum est gubergren do... (set the log level to DEBUG or TRACE to see the full content) 
 </msg>
<msg timestamp="20210707 13:59:59.257" level="INFO">c:\users\barbara\appdata\local\programs\python\python39\lib\site-packages\urllib3\connectionpool.py:1013: InsecureRequestWarning: Unverified HTTPS request is being made to host 'fakerestapi.azurewebsites.net'. Adding certificate verification is strongly advised. See: https://urllib3.readthedocs.io/en/1.26.x/advanced-usage.html#ssl-warnings
  warnings.warn(</msg>
<msg timestamp="20210707 13:59:59.258" level="INFO">${RESPOSTA} = &lt;Response [200]&gt;</msg>
<status status="PASS" starttime="20210707 13:59:56.504" endtime="20210707 13:59:59.258"/>
</kw>
<kw name="Log" library="BuiltIn">
<arg>${RESPOSTA.text}</arg>
<doc>Logs the given message with the given level.</doc>
<msg timestamp="20210707 13:59:59.264" level="INFO">[{"id":1,"title":"Book 1","description":"Voluptua tincidunt ipsum elitr justo sadipscing rebum no magna vero eirmod minim. Eos eirmod tation ea diam facilisis dolores lorem erat et dolore praesent. Tation accusam exerci eos dolor. Quis ipsum diam ea. Feugait et et consequat et molestie sed. Nonumy sanctus sea takimata lorem et gubergren sadipscing at labore elitr facilisi diam consequat praesent accusam. Dolor vero enim eos commodo zzril tation tempor. Et aliquam magna blandit et vulputate aliquyam.\n","pageCount":100,"excerpt":"Elitr est at dolor. Enim amet sed no et et justo at autem gubergren dolor clita no diam dolor in. Dolores et erat et hendrerit et ipsum dolores et duis consetetur takimata luptatum imperdiet veniam invidunt eros amet diam. Ea no et erat. Feugiat vero invidunt est at amet aliquyam amet ipsum erat at sadipscing lorem et dolore consectetuer invidunt. Kasd sadipscing dolore minim ut diam dolore labore sit erat gubergren erat ut magna vel est dolore labore enim. Et ea kasd placerat amet invidunt sit commodo sit consectetuer cum sea. Nostrud justo ea duis dolores commodo sed invidunt at erat dolor amet praesent sit at. Erat duo et ea blandit amet tation justo dolor dolor dolores dignissim stet accumsan. Sea sadipscing magna eirmod feugiat molestie facilisis delenit ad est ipsum sit sit est no eirmod. In ipsum ea ipsum eos diam dolor. Dolores ipsum dolor clita tempor lorem sadipscing ut rebum molestie dolor dolor takimata sed dolor illum lorem qui.\nIn sit dolore velit dolor ea kasd sanctus duis duo amet consetetur clita dolores accusam. Stet dolore vulputate gubergren nam. Enim nisl diam voluptua praesent laoreet stet vel invidunt facilisis ea stet sed gubergren. Dolor vero tempor sanctus at erat dolor consetetur ea ea nibh sed. Dignissim stet dolor. Eirmod commodo at dolor molestie aliquip duis. Aliquyam et lorem et ea sed odio sit dolore tempor rebum ipsum sed sanctus diam dolore consectetuer diam. Tempor dolor gubergren mazim eirmod nulla consectetuer gubergren sit lorem magna blandit aliquam wisi diam facilisi et tation. Diam at sed duo duo ad eleifend amet voluptua. Stet duo qui clita magna. Esse diam ipsum dolore consetetur rebum amet imperdiet. Clita justo erat sed sit ipsum aliquip id amet no sea et sit rebum enim vero magna ullamcorper justo. Ut nulla no nonumy takimata et ut enim kasd. Ut ea ipsum adipiscing ea sit invidunt at invidunt luptatum duo dolore dolor labore voluptua accusam accusam dignissim. Adipiscing dolor diam velit tation sit sadipscing clita sea ut dignissim magna. Nonumy dolor suscipit gubergren vel sed nonumy duo dolore eirmod aliquyam kasd dolor. Duo ipsum sadipscing ut sadipscing. Eirmod et tempor ut lorem vero ut stet.\nEt sadipscing labore sea no rebum quis nonumy justo sanctus feugiat erat. Ipsum nostrud blandit dolore sed ut diam duis et nonummy clita tincidunt elitr dolores. Takimata ut gubergren at sed eu diam dolore amet accusam sed consetetur sed at. Invidunt magna diam sit sit justo eirmod vero stet vero dolor in consetetur ex est vulputate. Odio no sadipscing sit justo sed dolores eirmod dolor et dolore stet. Minim takimata vero takimata molestie clita dignissim ut consectetuer lorem nonumy et est consetetur et accusam lorem sea. Amet aliquyam vero elitr tation voluptua dolor tempor sanctus ut erat duis commodo ut no est et. Dolor sit sed in lorem minim ut stet dolore dolor et. Diam aliquyam rebum tempor duo et justo sea consetetur voluptua vero autem cum consetetur. Diam sea velit dolores diam ut ut duis duis dolore sit qui possim. Aliquyam amet facilisi magna. Dolor sadipscing consectetuer sanctus et voluptua no eirmod aliquyam et. Nostrud invidunt justo no aliquam lorem ipsum sit sea ea duo dolore et duo dolor commodo labore diam invidunt. Magna facilisi facilisi ut rebum sea dolor vero amet. Lorem sit nam enim eirmod et clita dolore wisi dolores sed eros at elitr et diam dolore blandit. Nostrud dolores elitr ipsum vero lorem erat sadipscing dolore amet commodo elit ut. Ullamcorper sit aliquam justo ut nostrud dolor aliquyam nostrud ipsum ea ea tempor.\nErat amet lobortis consequat nonumy erat at vero sed sadipscing erat duo eirmod vero accusam vel est. Ipsum velit tempor dolor dolore diam gubergren elitr nonumy eu sit sed esse consetetur. Sit at no aliquip aliquip ea tempor ea elitr sed duo eos nonumy takimata. Stet nonumy est et est velit at amet dolor. Erat et vel dolores amet consequat et sed eirmod. Lorem diam ipsum ipsum consequat duo volutpat et aliquyam accusam. At amet sed diam dolor enim ut. Luptatum sed eos iriure velit nibh sit nulla rebum dolor stet accusam tincidunt nonumy consequat. Ut amet adipiscing facer ullamcorper sit erat justo sit lorem at vero nonummy molestie rebum sit ipsum euismod wisi. Dolor diam labore ipsum. Euismod nihil rebum rebum facilisis ex eirmod sed eros labore enim sed consectetuer eirmod. Erat voluptua erat sadipscing tempor eirmod ut eos gubergren erat dolore ea lorem stet et. Vero dolor dolore sanctus delenit amet sit. Sed erat in diam et nihil diam erat gubergren et lobortis sit illum nonumy. Voluptua gubergren lorem justo sadipscing sed accusam. Magna facilisis ea voluptua duis vel autem nonumy. Et nonumy amet no amet lorem et et delenit rebum tempor nonumy dolores exerci. Dolor stet erat ipsum vel amet esse voluptua veniam aliquip odio sit est. Dolor facilisis dolor invidunt.\nDolor duo justo dolore tincidunt et nonumy aliquyam elitr et ut et in sadipscing tempor. Aliquyam diam tincidunt ut velit consectetuer nulla et. Duis elitr veniam nisl sed sed te sed tempor mazim stet vero. Zzril dolor dolor erat ea est gubergren ea. Dolor duis vero no et clita lorem eirmod consetetur eirmod nisl in rebum. Ipsum elitr sadipscing diam et rebum accusam. Sit ut sadipscing in eum ut eos ipsum assum diam ipsum erat diam. Clita diam nam ea ut at invidunt sed vero dolor te dolore vero dolor. Cum et sadipscing iusto erat sadipscing facilisi diam et nonumy. Suscipit accusam justo gubergren at rebum vero voluptua stet labore lobortis magna ut dolore nonumy amet rebum. Nonummy nam takimata dolore vero nibh accusam duis. Diam takimata dolore.\n","publishDate":"2021-07-06T17:01:42.6693746+00:00"},{"id":2,"title":"Book 2","description":"Gubergren laoreet duo aliquyam elitr dolor. Est et diam eros et laoreet dolor invidunt clita. Accumsan exerci magna amet erat no dolore dolor hendrerit exerci erat. Magna ipsum tation consetetur sadipscing qui dolor consectetuer aliquyam sadipscing. Amet justo ut consetetur quod dolor justo clita est dolor nulla vero ut eos molestie gubergren lobortis et dignissim. Dolore dignissim gubergren erat augue justo placerat dolor eu dolore dolor accusam lorem. Stet amet dolor adipiscing. Magna et accusam labore ipsum et sit vulputate laoreet invidunt odio. Illum nibh lorem eirmod. Ipsum sit elitr dolor dolor eleifend nulla et laoreet est diam. Eos duis labore. Et consequat et eu accusam dignissim no eos dolor rebum. Suscipit dolore lorem consequat eos. Vel enim voluptua ea esse no kasd dolore accusam zzril ut no. Duis facilisis vero lorem et zzril et aliquyam labore elitr aliquyam tation te elitr imperdiet no duis praesent magna. Sadipscing nulla duo amet ipsum dolor invidunt tincidunt et iriure tation rebum accusam. Diam in dolor aliquyam stet invidunt justo.\n","pageCount":200,"excerpt":"Elitr ipsum et accusam sit illum autem aliquip wisi kasd facilisi duo dolore et praesent. Aliquyam consetetur stet sea volutpat at eum elitr delenit cum euismod commodo dolor lorem sadipscing ipsum. Aliquyam euismod eu qui elitr consetetur voluptua eos rebum stet ut accusam sit erat nonumy. Justo possim amet sed stet ea et esse. Justo magna labore wisi rebum magna facilisi duo vulputate ipsum et stet sea consectetuer duo. Aliquyam duo no. Kasd elitr dolor sed amet et duis dolor aliquyam magna invidunt iriure et. Nulla labore ut suscipit nulla duo. At amet praesent sed.\nEos velit ipsum erat iriure amet magna sed. Ipsum dolores dolor accusam wisi amet amet dolor lorem sed nibh in. Iriure tempor diam dolores sea dolor ad aliquyam. Sed aliquyam wisi accusam nibh et consequat minim aliquam. Sit kasd aliquyam eos ea magna et sed takimata et sea sanctus justo sadipscing eos dolor hendrerit suscipit. Enim lorem justo ipsum rebum consetetur sadipscing et duis dolor et consetetur et amet. Voluptua accusam voluptua sanctus eum nonumy duis option dolores nulla eu labore lorem ipsum labore eleifend. Id consetetur esse kasd. Aliquyam laoreet amet et aliquyam dolores sea et sea lorem sed id eirmod clita dolor. Tempor consetetur sit justo nobis sed elitr tempor justo tempor dolor et kasd. Erat no at kasd dolor hendrerit kasd. Dolor kasd at duis amet.\nAt nonumy gubergren diam dolor dolor diam labore no no aliquip. Amet clita in sadipscing. Stet duo ipsum eros luptatum lobortis tempor iriure consetetur dolor sadipscing eos ipsum accumsan eos nihil justo justo erat.\nMazim dolor labore dolores. Eirmod laoreet et no et et sed erat amet dolores dolor. Sed et vero dolor consequat justo justo vero voluptua duo et sed illum autem labore. Amet vel et vero nulla stet. Kasd ut kasd duo. Accumsan rebum accusam sed sed ipsum amet aliquip. Dolor dolore at vero praesent sed. No kasd magna consequat aliquyam sit rebum labore ea kasd minim duo. Dolor esse nonumy takimata aliquam magna sit et et tincidunt cum aliquip iusto. Ipsum dolore sit dolore ut at eum.\nElitr sadipscing sanctus vero facilisis tempor takimata amet in. Ipsum ad nonumy dolor clita magna magna vel sea. Et takimata commodo diam. Dolore vulputate gubergren nulla amet invidunt consectetuer dolores no diam ea aliquyam. Vulputate lorem elitr labore in consequat accusam lorem lorem et et. Tempor consetetur et vero magna duo gubergren dolore et invidunt stet ipsum erat nulla consectetuer et et accusam. Rebum vel quis invidunt invidunt vel eos eos esse wisi. Nonummy justo eirmod lorem. Diam et vero sed iriure elitr facilisis accumsan voluptua ex. Luptatum aliquip luptatum est gubergren dolore nonumy.\n","publishDate":"2021-07-05T17:01:42.6694687+00:00"},{"id":3,"title":"Book 3","description":"Erat dolor quod ipsum feugiat iusto sed at est. Gubergren accusam laoreet et gubergren et volutpat sit at labore at et commodo. Sit stet dolor ipsum id consetetur voluptua ut dolore no dolor ea ut ipsum rebum sed. Vero exerci option suscipit. Labore consetetur takimata et amet. At ullamcorper adipiscing amet sit dolore gubergren amet tempor gubergren eu dolore elitr zzril. Zzril nonumy ipsum hendrerit ut enim dolore eos eirmod sed feugiat luptatum no et stet et lorem zzril.\n","pageCount":300,"excerpt":"Ipsum erat diam diam sadipscing ut ut consequat vel kasd et duo diam ipsum at. Sed sadipscing dolores. Nulla consetetur aliquyam duo. Odio dolore lorem tation ut consequat est amet vel sit vero dolor volutpat odio diam sadipscing consequat lorem autem. Consetetur kasd takimata duo clita no rebum ipsum labore justo est ex sed dolor dolor laoreet sanctus. Quis ea tempor tempor sadipscing augue sanctus sed dolore sit ipsum ut lorem. Ut nonumy cum labore iriure veniam. Sed amet te eos. Enim dolor rebum sadipscing. Aliquip nonummy blandit diam odio stet amet molestie diam gubergren et vulputate dolore. Accusam et iriure autem rebum nibh diam et accusam ipsum duo labore illum vulputate velit sadipscing mazim magna. Tempor stet sit.\nVoluptua est et ipsum. Molestie sit ex delenit eum amet iriure stet sit stet duo diam labore accumsan. Justo et sed et dolor nobis et et eirmod aliquyam invidunt vel. Accusam takimata tation nam gubergren ipsum dolores dolor sit rebum mazim lorem assum ad sed kasd et. Et elitr lorem dolore rebum praesent ullamcorper erat consetetur labore justo sed assum sanctus amet. Est accusam nibh et consetetur duis erat gubergren sanctus dolor justo magna amet sit gubergren lorem velit. Nulla labore velit at diam liber dignissim sed est. Rebum hendrerit illum takimata tincidunt sea dolores sed justo. Dolore accusam sit consetetur et ipsum at et justo molestie. Volutpat duo et esse vel et laoreet tempor delenit in et nonumy est quis aliquyam. Wisi eum consetetur sanctus exerci voluptua no erat lorem et eum justo amet in assum at.\nExerci ea eos dolor autem lorem aliquip. Ea sed lorem sit gubergren magna at no kasd lorem voluptua elitr et et est. Commodo doming et ad takimata nonumy sit takimata. Congue laoreet in sit augue sea rebum. Dolore erat invidunt nonumy et nonummy accusam accusam et dolore placerat at adipiscing. Erat tempor veniam elit nisl consequat eos elitr no dolor dolores gubergren kasd invidunt. Aliquyam iriure nam sit lobortis possim aliquyam diam sed magna dolor sanctus magna accusam sadipscing accusam ea et. Justo lorem sit dolore dolor labore vel. Amet ea diam dolor dolore amet odio lorem erat est.\nKasd minim dolor kasd et vero dolore magna lorem nam dolor esse est et amet. Blandit dolor amet. Sed sea lorem diam eos et sanctus. Gubergren sanctus takimata velit aliquyam at tempor tation sit dolor sed eos ut facilisis eirmod justo no. Ea vero exerci illum ea et ipsum lorem ipsum te dolore.\nTakimata duo praesent vero erat accusam dolore vulputate dolor ut consectetuer sed ut duo sea suscipit kasd. Et clita ipsum sit labore lorem rebum odio aliquyam commodo. Dolores ipsum sit sanctus sed sed accusam dolore erat eirmod kasd labore iriure ipsum invidunt iriure clita. Gubergren tation at. Kasd aliquam nonumy sed justo eos justo eirmod dolor ut stet amet nostrud. Invidunt et ipsum erat aliquyam lorem labore nonumy molestie sed. Aliquam possim exerci iusto et delenit nisl no tempor eum at labore at duo. Kasd dolore erat labore sanctus sit quis sed exerci diam amet dolore invidunt nibh et amet dolor no. Stet voluptua sanctus kasd sadipscing. Dolor dolor invidunt ea ipsum. Sit et elitr sed amet dolores at consequat eum est stet ut facilisi dolores sed ipsum nonumy amet nobis. Amet option magna eum euismod eirmod nibh.\n","publishDate":"2021-07-04T17:01:42.6697438+00:00"},{"id":4,"title":"Book 4","description":"Dolore consetetur nonumy rebum consetetur dolore eros aliquip te quis in at. Elitr tincidunt quis illum et commodo eu invidunt nibh aliquip diam. Sed placerat dolor et invidunt eu ut lorem nonumy kasd ea dolor congue tempor. Et clita luptatum sit et aliquyam ea duis tincidunt amet diam in magna sed amet sanctus adipiscing dolor. Amet sit kasd no duo sed tempor labore et magna aliquyam et lorem lorem et lorem. Nulla autem stet. Lorem nam at dolor eos no ut esse elitr elitr duo ea. Et nisl labore sed dolor eum elitr et erat et amet nulla sanctus facilisis sed clita magna ea. Lorem nulla dolor erat dolore justo dolores et illum vero aliquyam justo tincidunt est. Lorem odio esse sanctus ipsum voluptua accusam sanctus placerat.\n","pageCount":400,"excerpt":"Et ad ipsum diam takimata nonumy. Diam et sed amet consequat. No erat tation amet justo dignissim dolores. Dignissim dolor ad sit dolores eos tempor eos dolor. In kasd aliquyam ut tempor amet labore kasd diam ipsum ut duo nonumy ipsum possim feugait facilisis amet sed. Sanctus exerci est ex erat ea consequat ipsum est elit. Ipsum dolor invidunt eu vel sed erat et nonummy dolor kasd ut aliquyam sit et commodo et. Nisl imperdiet minim iriure elitr. Facilisis erat facilisi nonumy suscipit sit tempor iriure vero dolore est magna wisi. Et ea luptatum amet volutpat. Dolor ipsum feugait diam. Sadipscing labore ipsum quod enim et. Dolor molestie soluta luptatum diam clita amet ipsum tempor dolore at est sit diam magna sed. Lorem sit clita amet sit accusam facilisi dolor luptatum labore elitr sanctus justo. At erat gubergren no invidunt ea eu elitr duo ipsum dolor ex esse duis minim dolor aliquip amet. Rebum euismod vel ullamcorper lorem est diam lorem sed aliquam blandit consetetur sanctus esse nonumy sit tation aliquip.\nEuismod praesent lorem. Magna rebum dolor no justo. Vel sadipscing iusto takimata sanctus. At vero elitr nisl accusam stet nulla eos kasd nostrud diam dolore consequat. Vero euismod nonummy takimata facilisi no ad vero tempor diam gubergren lorem duo ea. Autem consequat luptatum aliquyam sit esse sadipscing illum sed vel dolor congue clita. Sed in eirmod dolore nonumy at dolor lorem elitr nulla feugait tempor in.\nAt luptatum in sit duo. Minim rebum diam eu praesent eirmod sit sea duo dolore. Vero diam invidunt dolore nibh vero sed eu clita sea adipiscing feugait augue. Aliquyam et lorem hendrerit erat lobortis magna at ex wisi magna sanctus dolor no sanctus vel nonumy accusam et. Ipsum lorem ea accusam euismod ut. Amet at ipsum magna labore justo. Ipsum suscipit ipsum tation dolor dolor facilisi voluptua dolore. Qui duis diam no et no duis elit lorem et lorem magna elit nonumy eu sed no duis dolore.\nMagna sea ipsum in takimata kasd nulla dolore exerci magna nonumy. Et lobortis et eirmod facilisis elitr sit elitr justo eos tempor tempor dolor ipsum. Ut ut volutpat diam tation justo dolor diam elit ipsum et. In wisi sanctus. Nibh dolore accusam eos amet ipsum duis duis dolore suscipit nihil feugiat duis dolor amet. Takimata nulla facilisi et aliquip consequat elitr takimata sadipscing kasd at velit vero dolor amet et sed ea. Aliquip wisi gubergren accusam dolores rebum sadipscing sed et elitr facilisis vero sit consequat cum ut amet. Blandit eos clita vulputate magna nonumy mazim sadipscing et duis autem sanctus amet lobortis at et et. Aliquam labore praesent exerci amet delenit ea. Eirmod et et kasd consetetur at amet kasd dolor.\nSanctus et consetetur sed erat ipsum et erat. Dolores labore eu at assum nonumy dolor. Sit diam iriure aliquyam ea ipsum sit at voluptua te et takimata. Minim diam et diam sed quod et dolore sit et et eirmod consetetur magna nonumy justo. Quis ipsum dolor sit. At ea feugiat qui nostrud blandit ipsum sed stet erat no et et. Aliquyam eum magna et tincidunt ea exerci et dolor sit vero consetetur dolore. Tincidunt adipiscing eum dolor vero eirmod amet ipsum minim tation sadipscing kasd tempor et kasd. Et sit est ea magna enim eos voluptua. Feugait eirmod diam consetetur invidunt diam eirmod dolore feugiat voluptua sit sed. Consectetuer iriure lobortis sed et nibh in commodo at sadipscing sadipscing diam lorem consetetur gubergren ipsum quis accusam in. Nam dolor est ut kasd aliquam nibh sadipscing. Diam et ea nisl invidunt ea ipsum eum voluptua sit stet. At eleifend in clita et dolor eirmod sit cum. Magna voluptua erat accusam. Dolores takimata qui.\n","publishDate":"2021-07-03T17:01:42.6698461+00:00"},{"id":5,"title":"Book 5","description":"Lorem dolor voluptua no kasd diam in sit. Labore eum stet accusam at ipsum consequat no lorem accusam dolore ipsum aliquam dolore nonumy eirmod voluptua nulla. Et lorem gubergren et eu eros takimata nulla magna exerci eos labore et nibh erat. Et dolor no lorem sit takimata stet voluptua kasd ut accumsan aliquyam nobis diam elitr sed amet.\n","pageCount":500,"excerpt":"Elitr diam eos eirmod gubergren hendrerit sadipscing et euismod. Erat molestie lorem diam et sit kasd molestie et in. Et lorem gubergren sed wisi placerat luptatum at. Voluptua et et at labore eos voluptua ipsum lorem et duis ut dolor eos duo no nisl. Ut est ipsum vel dolor labore augue sanctus tation ut accumsan elitr dolore nonumy voluptua ipsum iriure at. Dolor et dolor qui clita ut aliquyam. Kasd sit eos dolore dolor diam elitr justo hendrerit. Elitr invidunt tempor nibh liber veniam accumsan at sanctus lorem feugait mazim ipsum. Augue sit ad accusam dolor justo sed sit. Clita at sit. Labore sit ipsum magna sea sanctus sit sea et cum et elitr diam et duo ut rebum et. At blandit eros. Vero ut amet. Dolor elitr ex ipsum amet eos consectetuer amet accusam nibh clita adipiscing ea ipsum. Dolores id rebum justo zzril clita vero amet ut dolores stet ipsum et. Nihil ipsum sanctus consetetur eirmod lorem et et ipsum consectetuer sed rebum stet justo aliquam luptatum.\nMolestie minim dolor voluptua accusam est blandit kasd vel erat. Ipsum adipiscing et sed sed ullamcorper nonumy invidunt dolor rebum ea sanctus blandit ea facilisis. Magna invidunt consequat esse amet sed voluptua vulputate eirmod. Clita stet elitr. Dolores et at consectetuer rebum ipsum sit nonumy vero magna eros ea et. Invidunt dolore justo sit vel sed et autem in est diam. Lorem lorem quis vel kasd et invidunt minim. Justo ad gubergren gubergren no dolores eum vero amet amet cum no justo. Ea sadipscing sanctus lorem duis nonumy ea et et at aliquip et lorem sit clita. Et suscipit amet. Sit dolore diam autem sed. Et aliquyam no consetetur accusam ipsum facilisis magna ullamcorper lorem euismod eros. Ut duo invidunt et sit ut nonumy rebum duo sadipscing qui facilisis vero labore et sed. Takimata tation ipsum labore sit dolore nulla sed sanctus diam no lobortis duo et et at sit duo.\nEt ut lorem accusam wisi vero et ullamcorper gubergren aliquip sed feugiat stet sea est dolor elitr. Vel et clita mazim no. Nam et facilisi stet tation iriure eum sed dolor magna. Sit ea sadipscing imperdiet rebum ea invidunt ea magna. Illum minim accusam sit sit aliquyam invidunt tincidunt est rebum ex amet. Sed lorem exerci dolore hendrerit sed nonumy dolor elitr ut lorem dolor eum. Vel tincidunt eos invidunt amet et lorem sit eos lorem est.\nEa molestie ea vulputate lorem gubergren velit vero dolore stet dolore et gubergren sadipscing ea luptatum erat diam stet. Et zzril aliquip. Sit nonumy at diam. Commodo amet et lorem. Dolor diam tation takimata sit lorem takimata stet lorem eros iusto sed sed et.\nClita aliquam eos voluptua nonumy sea volutpat kasd ipsum consectetuer justo commodo ut voluptua takimata lorem dolore nihil. Invidunt nulla voluptua sed et eu sit duo amet feugiat sadipscing exerci nulla magna autem. Suscipit diam assum minim dolores gubergren quod nibh et clita dolores. Et diam sed tempor dolor ipsum diam labore invidunt aliquyam est no dolores suscipit nisl eirmod. At labore sit dolore ad aliquip duis ipsum takimata sea sit lorem et in nulla eirmod. Et gubergren lorem vero sit at vero et sed liber est sit. Veniam eos eros sadipscing. Magna accusam facilisi duis erat dolor ipsum elitr sanctus eum in clita laoreet adipiscing sadipscing dolor eirmod sit nonumy. Consetetur ut in iriure accusam stet duis commodo amet rebum no. At nisl rebum sadipscing sit vero nisl. Kasd magna aliquyam clita kasd duo no erat clita dolores accusam et dolor odio eirmod minim takimata nulla invidunt. Diam diam clita sadipscing consetetur accusam. Et no est amet magna in dolore facilisi ut amet lorem blandit voluptua elitr nostrud erat dolores. Tincidunt minim suscipit dolores diam elitr nonumy sea ipsum dolor dolor. Vel iriure et at sed eum. Sit at dolore quod enim invidunt gubergren invidunt facilisi voluptua eos ipsum kasd justo ad. Dolore sea id sed justo sanctus quis vel diam dolor dolore eirmod. Tempor in amet dolor labore voluptua ipsum iusto ipsum accumsan sed nonumy kasd. Duis dolores gubergren ipsum accusam sit dignissim minim odio voluptua illum.\n","publishDate":"2021-07-02T17:01:42.6699424+00:00"},{"id":6,"title":"Book 6","description":"Et facilisis ipsum ea voluptua sea ea est et sea feugiat consequat ut autem gubergren. Zzril consequat vel dolor ipsum delenit sed. Vel duo nihil clita te praesent ullamcorper molestie est option kasd. Justo eu lorem nostrud autem diam dolores et veniam. Et delenit et dignissim ipsum tempor ipsum ea at sanctus. Vel exerci amet quis dolore at nobis nonumy dolore lorem dolore. Option sanctus ut luptatum invidunt. Ullamcorper luptatum dolores et est nobis augue aliquyam dolore duo amet tempor velit duis luptatum dolores. Ea praesent elitr sadipscing lorem lorem mazim eum. Ea at feugiat lorem magna magna eirmod invidunt accusam clita labore. Ea diam amet consectetuer labore vero ut sit ea consetetur sanctus sed. Sit invidunt et. Veniam magna nobis sit accusam zzril amet invidunt voluptua diam takimata invidunt lorem placerat doming accumsan at. Consequat accusam erat et erat luptatum ex no erat dolor tempor nulla et. Dolore duo ex labore aliquyam elitr duo est liber nisl et tempor eros. Dolor in dolor duis dolor accusam magna erat illum est.\n","pageCount":600,"excerpt":"Dolor dolor est. Et lobortis sed sit ea duo. Voluptua wisi eleifend ipsum diam. Vero et dolor clita euismod stet feugiat ut duo consequat vulputate diam est vero vero diam ut. Voluptua erat eum at sit justo at. Sanctus labore et sanctus. Rebum vulputate amet lorem illum labore dolore at justo invidunt. Lorem invidunt sanctus iriure ipsum sit in accusam eirmod et et ut elitr. Diam ipsum voluptua vel dolor eu. Congue euismod ipsum iriure et laoreet et nonumy zzril molestie erat amet sed. Nobis velit magna aliquam rebum duo iriure invidunt stet congue. Accusam te accusam esse ea. Laoreet praesent dolore ipsum vero. Luptatum iusto nulla dolores sit magna vero et ipsum justo sanctus. Est accusam ipsum vel sanctus invidunt magna dolores laoreet nulla kasd.\nDuo et praesent sea voluptua diam et veniam exerci ipsum sit labore invidunt takimata sed. Ea ea clita et amet. Labore sit dolore dignissim. Quod duo eos qui elitr no est stet aliquyam sit nonumy magna aliquyam justo est. Lorem erat et dolore at no lorem mazim labore. Ipsum et ea. Eirmod est ipsum. Vero sit delenit consetetur eos duo dolor ipsum consetetur dolor ipsum erat sed.\nSea dolore eu amet kasd kasd elitr ea sed et. Clita ea ut est nonumy. Eirmod ea ipsum sadipscing eirmod nisl ea consetetur gubergren et nibh sit eirmod amet dolores lorem ipsum. Molestie qui et clita dolor. Invidunt justo volutpat dolore in dolor aliquam dolor invidunt ea dolore at eos dolor. Dolor augue dolor aliquyam dolor laoreet hendrerit vel consequat vero sit sed. Sea at elitr consetetur accusam et dolor.\nInvidunt dolor consequat luptatum. Vero aliquyam invidunt eum lorem voluptua vulputate sit et. At dolore te lorem ipsum diam et tempor elitr illum accusam nonumy rebum nonumy. Ipsum et duo veniam ea takimata no. Dolore no sanctus facilisis gubergren amet ipsum dignissim et eros magna amet amet dolor feugiat. Et quod ea vero nonumy stet et sit quis nostrud gubergren kasd clita lorem sea rebum sit ullamcorper. Ea sed duo gubergren eros.\nSadipscing dolores gubergren. Et zzril lorem justo imperdiet eirmod nonumy duo minim ut ut justo feugait amet no diam diam invidunt facilisi. Takimata amet erat et sed tempor at vero dolore voluptua consetetur dolore dolor justo sadipscing. Et amet ut erat eros et ut voluptua. Dolores ea zzril takimata est. Dolor ipsum at dolor elit justo stet eum iusto accusam accusam blandit liber magna stet. Sed sea sed clita amet sanctus. Adipiscing invidunt at kasd. Sed at dolores labore eirmod dolor dolore dolore labore sea. Et no et magna dolore. Sed sit justo elitr labore invidunt kasd amet sadipscing in. Aliquyam invidunt et magna erat clita vero erat invidunt blandit et suscipit. Consetetur takimata sea labore sea magna lorem eum labore commodo adipiscing accusam duo sed dolor delenit diam takimata et.\n","publishDate":"2021-07-01T17:01:42.6700336+00:00"},{"id":7,"title":"Book 7","description":"Rebum erat suscipit aliquyam dolores dolor nisl eum. Ipsum rebum consetetur lorem ipsum eirmod eos eu no sit. Dolore autem magna et sea gubergren justo sed voluptua tempor nonummy tincidunt dolor. Accusam et ea tempor no justo lorem magna aliquyam vulputate stet dolor voluptua aliquyam nisl in nonumy. Dolores magna luptatum gubergren diam lorem hendrerit diam sadipscing sed minim ipsum kasd no sit dolore et.\n","pageCount":700,"excerpt":"Iriure est facilisis. Diam dolores diam et dolores exerci duo sit lorem aliquyam dolore invidunt sed elit invidunt sit dolore lorem consequat. Eum accusam elitr invidunt eum diam. Eirmod justo sanctus. Nibh duo soluta stet. Dolor stet ex sadipscing amet aliquyam ut et nonumy et sadipscing rebum nonumy ex. Sed sadipscing et elitr sed clita rebum stet kasd. Eum et sit ut ut amet lorem diam nibh. Molestie ut molestie sed amet sit at clita vero in amet diam elitr clita iriure.\nDuo et justo sanctus. Dolores et nam sadipscing molestie. Sadipscing sit esse magna stet consectetuer ea ut nonumy vero et nisl vulputate. Ut justo vero est dolor dolor eirmod sit gubergren nibh accusam tation takimata ea. Erat et est dolor vero eos. Diam labore sed hendrerit magna ipsum lobortis stet.\nDolor amet rebum consetetur dolores volutpat no sanctus invidunt tempor elitr labore duo ipsum et duo dignissim. Aliquyam nonumy ut sed sadipscing illum ex magna iusto gubergren lorem esse. No nonumy elitr enim accusam sed imperdiet sit. Vero vel in sea ipsum eirmod dolor nonumy ipsum takimata dolore. Dolor consetetur ut et rebum vero ipsum justo aliquyam rebum dolores velit magna kasd justo. Lorem lorem stet et sit duis nonumy sanctus dolor et consetetur justo velit dolor. Autem et sed. Eirmod facilisis rebum ea sadipscing est sit et justo dolore. Erat ea dolor sea dolores dolor. Dolores lorem magna sadipscing aliquyam lorem magna. Nonumy cum dolore facilisi consequat sanctus aliquip consetetur illum eirmod eum invidunt no diam et takimata. Eos facer ullamcorper lobortis consequat erat. Diam ipsum minim et eum ex sed feugiat elitr et facilisis clita nonumy vero veniam lorem. Labore ipsum dolore ad clita et at magna ut zzril lorem nulla. Eos sanctus justo ut sit labore consetetur et ut duo tempor sit invidunt dolor dolore accusam.\nNonumy nonumy dolore dolor stet gubergren duo exerci dolor euismod invidunt accusam. Nonumy sadipscing tempor consetetur est ea. Autem magna no elit tincidunt clita. Labore et invidunt et aliquam facilisis illum iusto dolore lorem eos. Amet eos molestie amet nonumy sit dolor magna lobortis erat dolore rebum erat ipsum at. Et placerat accumsan vero duo vel diam amet vulputate. Diam ea duis volutpat vero accusam dignissim lorem sed no et sadipscing nulla diam. Lorem sed invidunt aliquam amet et dolor ipsum feugait erat et gubergren eirmod lorem consequat sit. Rebum molestie amet voluptua erat consetetur odio soluta ipsum dolore. Invidunt ipsum dolore kasd tation et et accusam.\nJusto at sadipscing facilisi lorem adipiscing et esse feugait. Duo invidunt sit ex et accusam ex autem. Tempor elitr nihil sed veniam accumsan euismod sadipscing accusam at lorem. Tempor molestie rebum diam sadipscing zzril rebum ipsum aliquam sit ullamcorper sed. Justo laoreet ea amet sit autem lorem et nibh iusto takimata et ipsum autem nam delenit no. Hendrerit duis sed ipsum facilisis lorem sit diam lorem dolor ea. Sanctus labore sed est. Et esse eirmod aliquip. Et amet accumsan esse lorem possim voluptua euismod takimata esse. Elitr kasd voluptua accumsan sit nonumy elitr sed. Sadipscing diam amet et. Nonumy duis eros et magna duo et ea magna ut sed congue consetetur dolores diam ullamcorper et volutpat. Sed assum ea te. Ipsum ut at in labore praesent et amet eirmod amet at dolor. Aliquyam dolor at nobis et et ut eos erat et lorem sit duo sed sed et sit at.\n","publishDate":"2021-06-30T17:01:42.6701166+00:00"},{"id":8,"title":"Book 8","description":"Lorem magna no eirmod et sea at et iriure et eos. Amet wisi sit dolore eum et zzril duo duo et magna exerci velit delenit duo ea kasd commodo. Et nonumy stet tempor magna in sadipscing diam sed et suscipit nonumy sed sadipscing lorem. Congue lorem ut nulla dolor illum dolor nonumy imperdiet vulputate ipsum sed tempor kasd amet diam. Vel duo in lorem molestie eum est takimata dolores nulla.\n","pageCount":800,"excerpt":"Labore amet vero nonumy magna imperdiet diam sed dolor labore diam nonumy duis doming vero sed lorem et diam. Clita dolor lorem sed rebum dolor no elitr ut labore eirmod ut magna et dolor diam sit tempor veniam. Sadipscing diam sit kasd dolores dolor enim vulputate at dignissim. Ea odio ipsum feugiat dolor duo clita kasd rebum autem et. Vero lorem delenit vero. Eum sit amet dolore est feugiat dolor vel aliquyam lorem gubergren illum stet invidunt dolores ea stet esse. Diam vero sit sadipscing et iusto magna clita vulputate eros erat doming erat illum veniam enim justo dolores cum.\nIpsum wisi amet voluptua nobis. Duo rebum et sadipscing ut dolore sit magna consetetur ipsum amet amet vero et consetetur commodo. Labore est vel invidunt elitr lorem sanctus stet accusam. Nihil magna aliquyam diam accusam tempor dolores ipsum. Ea accusam et amet sea in rebum diam consetetur diam. Aliquyam dolor takimata et justo tempor erat consectetuer no est ea soluta in lorem dolore. Dolor sit eu option eirmod sadipscing nonummy nonumy sit vulputate stet. Magna sadipscing consetetur at dolores gubergren diam no. Amet sit eirmod aliquam delenit elitr duis diam amet dolor volutpat volutpat. Sanctus amet at tation takimata et dolor option voluptua. Ullamcorper justo duo sed commodo feugait sea ut dolor hendrerit ipsum consetetur ea lorem et facilisis vero. Dolor adipiscing sed aliquyam accusam eirmod vel nonumy amet qui sanctus sit stet vulputate. Est justo vulputate molestie invidunt at velit eos sadipscing ipsum clita amet kasd est. Ut invidunt ea dolores quis dolor exerci vulputate at lorem nulla luptatum dolore tempor accusam eos ut euismod voluptua.\nClita sea dolores sanctus amet labore minim vero duo et erat diam eos et lorem vulputate dolor vero. Et aliquyam at et dolores takimata ullamcorper nostrud et ea sed kasd at ut in. Ad nonumy erat duis eros ipsum diam est est nonumy facer eos accusam nulla diam nonumy diam ad diam. Rebum eirmod stet amet dolore clita hendrerit est takimata voluptua diam erat elitr in. Exerci ipsum amet sanctus. Voluptua dolor dolores at labore ut aliquyam sed sanctus dolor volutpat sanctus est lorem accusam est accusam kasd duo.\nDolor nulla et sed eos adipiscing illum voluptua et labore ea aliquyam et lorem amet esse cum. Vel diam takimata diam dolor takimata sanctus stet tempor accusam amet vero invidunt laoreet nonumy sea suscipit consetetur. Vel sadipscing sed dolores diam dolor dolor sanctus et. Ea dolor ea duis zzril aliquip et ea minim velit. Eirmod amet nulla accusam clita takimata ipsum justo accumsan diam option duis et dolores labore. Diam sed invidunt invidunt feugiat. Sadipscing eos ut ad clita. Feugait lorem rebum ea dolore gubergren sit autem et eos. Et sea euismod et est dolor ipsum ipsum. Justo elitr et ipsum eum no labore ea liber voluptua et sit kasd amet magna. Amet in ut amet elitr blandit et soluta ut et justo et clita aliquyam.\nConsequat dolore est dolor invidunt lorem stet aliquyam sed nulla laoreet. Duo nonummy id erat et dolores molestie sea amet sed et et rebum dolore sanctus accumsan rebum. Sed iusto takimata rebum elitr nibh lorem sanctus.\n","publishDate":"2021-06-29T17:01:42.6701906+00:00"},{"id":9,"title":"Book 9","description":"Iriure et dignissim erat sadipscing lorem erat id sed doming voluptua sea amet facilisis voluptua voluptua amet. Eos elitr sed et invidunt amet dolore eleifend sit lorem. Justo doming soluta. Delenit et dignissim elitr ipsum praesent dolore eleifend lorem est. Ullamcorper sit accusam nulla congue et vero adipiscing nulla dolor lorem amet at molestie lorem sanctus stet. Sit kasd ipsum sit. Diam sed sadipscing magna at sit vero suscipit sadipscing eos labore. Vel lorem dolore. Vulputate at enim nonummy ex velit sed duis duo rebum at. Sit lorem in diam adipiscing consequat veniam sadipscing vero vel consequat stet facilisis eos. Sadipscing diam nulla ut vero sit. In ipsum ullamcorper aliquam dolore aliquyam eirmod dolor eirmod dolor voluptua gubergren. Nulla facilisis no accusam sed vero et et et. Diam nulla vero dolor ipsum lorem elitr esse et erat. Et iriure accusam labore sed magna justo dolor ipsum nulla accusam sanctus.\n","pageCount":900,"excerpt":"Lobortis est ut ut diam takimata dolor euismod labore. Erat sanctus vero accusam clita commodo in elitr. Ipsum dolor sed labore tempor ut autem rebum consetetur. Amet et ipsum magna amet sadipscing tempor dolor lorem nonumy te. Sea nihil facer labore ea erat tempor tation. In et dolor feugiat diam consetetur aliquyam erat ea. Laoreet ullamcorper eirmod dolore duo exerci sadipscing accusam. Accusam eos consectetuer hendrerit elit ipsum rebum ipsum ea nibh esse takimata. Dolor tempor sed sit accusam veniam. Consetetur diam ad exerci elit consetetur ut lorem takimata lobortis accusam luptatum et dolor. Sit sit accusam clita dolor veniam nulla elitr delenit facilisis ut accusam duis in dolore velit.\nNo enim elitr rebum in. Sit eu elitr ex. Est amet duo et vel facer erat liber. Consequat dolore nulla dolor rebum. Nibh lorem duo est hendrerit. Ea amet eos. Voluptua ea ipsum sea eros diam amet gubergren accusam accusam veniam dolore exerci at vel dolore diam eirmod amet. At at est ut dolor voluptua rebum option dolor sit sed est erat. Magna et dolore dolores ea elit voluptua eu dolores ipsum ut dolore consetetur. Invidunt duis volutpat sanctus consetetur feugait sadipscing adipiscing labore ut est facilisi no est. Labore sed dolor diam dolore dolores. Kasd takimata lorem feugiat te et accusam aliquip amet quod at eirmod. Dolore nostrud et dolore at nonumy est. Accumsan et ipsum sed dolor euismod adipiscing laoreet consetetur rebum stet. Sit sed duo amet clita nonumy justo elit eos ut dolor erat.\nSea tempor tempor aliquyam autem accusam et elitr. Dolor justo dolore dolor odio clita sadipscing stet sanctus consetetur dolore kasd ipsum dolor. Erat sanctus sea. Dolor stet dolore dolor. Takimata duo velit invidunt elitr sed dolores. Nonumy duo ut lorem est in molestie ut est aliquyam. Est tempor consetetur amet duis tempor sanctus at esse erat takimata ex. Lobortis velit elitr nisl duo voluptua ea blandit nonumy lorem autem dolore vel diam ad labore tempor. Takimata amet eirmod accusam ut dolores ipsum sanctus. Ad aliquam adipiscing vero ut illum ipsum gubergren eos at amet vero sanctus. Duo tation option dolor consetetur stet eirmod takimata dolore clita accusam facilisis consetetur et possim odio vel lorem. Magna ut magna magna et et est justo eum sanctus nostrud. Rebum est dignissim sit invidunt molestie odio diam erat. Vel erat dolor duis lorem ut exerci tation ipsum. Augue eirmod at eos ipsum no et ea sed at ipsum magna et iusto adipiscing clita vulputate dolore. Eos at soluta vero gubergren in amet sit.\nSanctus sanctus dolor at sit nulla nonumy dolor sadipscing labore augue elitr magna wisi. Consectetuer iriure gubergren justo. Voluptua nulla vero enim nisl nibh volutpat. Stet eirmod et ut gubergren sit et dolores. Accusam aliquyam sit sea. Lorem justo euismod at exerci quod nonummy duo diam nonumy iriure sit consetetur dolor erat ipsum. Diam tempor option consetetur eos dolore. Ipsum vulputate ea ullamcorper vel ad clita. Dolor dolore dolore veniam dolore nonumy lorem enim clita ad dolor amet et luptatum illum liber diam. Ullamcorper rebum kasd eirmod nonummy. Et ea sed. Diam kasd facilisis augue dolores accusam eirmod lorem nonummy. Sanctus est accusam sit clita sit et est at invidunt aliquip diam. Sea sadipscing ullamcorper in at facilisis justo ipsum sit ut.\nEt invidunt consequat sea aliquyam gubergren sadipscing aliquyam. Lorem sit dolores sed ullamcorper sit adipiscing sit at dolore accusam. Duo illum dolore sit no. Et duo accumsan diam no. Stet elitr labore dolor eirmod sadipscing et kasd ullamcorper ipsum diam velit amet amet. Dolores diam rebum clita wisi invidunt accusam wisi dolores dolore duo clita sadipscing duis ea lorem voluptua dolore. Iriure velit vero justo rebum eum rebum.\n","publishDate":"2021-06-28T17:01:42.6702961+00:00"},{"id":10,"title":"Book 10","description":"Vero qui labore justo iriure dolore sed erat luptatum tempor dolor zzril dolore diam gubergren sed justo te invidunt. At eros kasd consequat aliquyam ipsum labore ut magna aliquam ut dolore voluptua ad et kasd diam. Et autem sadipscing duis rebum. Id et labore nihil elitr tempor sit diam takimata dolor. Dolore justo ipsum nonumy dolor in sadipscing eleifend exerci labore aliquyam consetetur elitr. Et sit lorem at labore. Feugiat dolore sed dolor erat vero diam sadipscing et odio in clita vel kasd et aliquyam ullamcorper dolor. Wisi ut feugait accusam kasd nonumy labore et diam gubergren assum et et dolor. Et sit sed vel erat dolor no accusam esse congue nibh. Gubergren dolore sanctus elitr lorem hendrerit sadipscing liber ut molestie clita takimata sed et lorem vel. Rebum enim assum sed hendrerit dolore vel sadipscing. Possim minim labore invidunt kasd diam sit sadipscing rebum rebum.\n","pageCount":1000,"excerpt":"Takimata sed takimata nonumy elitr no kasd dolores est dolore ipsum enim takimata amet lorem et. Ipsum no ad et nonumy eos nisl esse dolore elitr sanctus sanctus duo nibh dolor doming. Qui vel amet justo et et option labore esse molestie eos. Wisi ut accumsan sit nonummy rebum rebum ea. Euismod consetetur qui velit sed ex no dolore feugiat est sed eleifend te consequat eirmod. Dolor duo lorem labore dolore sea sed sed dolor tation ut rebum ipsum et nulla molestie sed dolores. Amet placerat sed erat esse nonumy sadipscing ut magna. No sed vero exerci kasd magna sed tempor molestie nisl consequat dolor eu hendrerit nonummy id invidunt takimata sed. At no tincidunt lorem lorem dolore sit eirmod kasd. Erat dolor labore wisi nulla adipiscing erat nonumy lorem aliquyam sit ipsum. Aliquyam gubergren at amet consetetur sed sit nonumy in justo gubergren et sea gubergren labore. Consequat ipsum at voluptua elitr eros dolor diam kasd dolor sanctus consequat voluptua et eirmod sea. Sit augue takimata magna et nulla diam rebum et invidunt ea kasd. Adipiscing sea ad voluptua nihil sed duo consetetur sit. Sed tincidunt ex lorem ipsum magna kasd voluptua sadipscing dolore aliquyam diam wisi. Erat duis no aliquam vero sed enim velit amet amet dolore. Kasd diam molestie elitr elit congue rebum invidunt commodo gubergren zzril. At lorem minim ut invidunt dolore et lorem augue ut diam amet magna dolore. Tempor voluptua eum ipsum eu et id sadipscing et eum.\nLorem diam sed clita lorem lorem vero sanctus vero dolore accusam tempor sanctus volutpat esse laoreet dolor. Rebum in nonummy vero elitr nulla nulla et clita et. Rebum invidunt dolores est consectetuer labore dolor et. Diam ipsum elitr no dolores sed clita at consequat amet diam tation qui dolor dolore. Erat euismod sit kasd vulputate eros at tempor. Sit sea sit vero feugait sea ut amet amet lorem. Kasd nisl clita duis sit nisl accusam vel exerci et sadipscing erat. Nobis at eos ut diam consectetuer vel nonummy accusam takimata tincidunt duis. Nonumy dolor consetetur. Esse amet at adipiscing diam labore est. Voluptua erat suscipit ut laoreet consectetuer labore. Dolor clita no minim laoreet sit iusto volutpat erat eirmod consequat facilisis. Amet justo justo consequat ea dolor ipsum et dolores ut nulla labore lorem nulla magna tempor minim ea vero. Id dolor adipiscing no no. Justo consectetuer dolore. Nonumy velit accusam autem et ut sit et sit sed lorem ut labore erat amet ut dolore.\nLabore voluptua voluptua dolore et. Sit erat ipsum kasd eos vel eos dolore sed sit ipsum no adipiscing nostrud amet at sadipscing et. Amet sit eos option invidunt sea et gubergren sit vero autem ea eum eirmod dignissim duo dolor. Et gubergren et. Vero labore congue ipsum minim est est. Et eum ipsum feugait eos nonumy nibh in et dolore et dolore lorem doming eos. Erat est voluptua vulputate clita magna duo erat ea sea justo invidunt est stet in molestie velit at. Lorem labore sanctus no ut at duo invidunt. Feugiat et erat lorem exerci sadipscing.\nSadipscing sit praesent sea gubergren duo takimata et vel luptatum vero elit. Lorem ut id lorem sed sadipscing invidunt accusam dolor kasd delenit lorem consetetur enim. Sed delenit kasd sanctus nonumy ut ipsum dolor placerat. Diam ex et gubergren kasd adipiscing dignissim nulla clita nonummy sea. Dolor et dolores tempor vero te tempor nam sea vero gubergren amet. Eirmod justo eos augue accusam sit. Amet stet ea dolor eum sanctus tation. Et voluptua velit est velit ea ea veniam dolor tempor ea sanctus diam.\nEt nonummy nostrud est voluptua volutpat lorem dolore justo et clita ut kasd dolore et iusto magna dolore. Dolores ullamcorper qui sed tation at. Ea stet nonummy magna lobortis duo duo erat sit. Kasd et sit odio aliquyam iriure sed elitr eirmod voluptua. Nulla illum eirmod sit facilisis et eirmod vel ipsum invidunt tempor stet. Nonumy takimata tation odio qui quis voluptua ipsum euismod at lorem aliquyam quis dolor et sed clita nonumy est. Ut eros gubergren dolor dolor diam eirmod diam sed labore invidunt lorem consetetur sed wisi amet et amet. Vero diam consetetur cum lorem et molestie facilisis feugiat erat erat takimata justo. Dolor no nonumy aliquyam lorem ea sit diam rebum accusam dolore sit dolor sed eros eu sea et dolore. Labore facer no clita nonumy esse delenit diam kasd adipiscing lorem at. Duo nonummy molestie at molestie ipsum sed dolor erat wisi et et. Consetetur accusam duis est tincidunt lorem volutpat consequat no ipsum elit liber dolor et commodo possim takimata. Praesent ipsum elitr amet congue. Vulputate dolor ut ut soluta eos sit. Sadipscing sanctus lorem et amet nulla rebum no clita erat dolore at aliquyam vero ut magna est ipsum. Ut et elitr amet et sed aliquyam aliquyam stet aliquyam dolor dolores lorem dolor eos et te ullamcorper. Takimata ea in iusto sed clita consetetur illum veniam tempor vero. At elitr aliquyam duis tempor dolor labore sea no ut lorem labore est eirmod. Takimata et nostrud magna eu diam accusam.\n","publishDate":"2021-06-27T17:01:42.6704284+00:00"},{"id":11,"title":"Book 11","description":"Molestie labore vero accumsan amet kasd justo dolor eos enim eirmod facilisi dolore takimata et stet takimata. Dolor rebum dolore duo nibh vulputate aliquyam est vero consectetuer. Praesent nonumy amet vero doming duo. Ut tempor esse facilisis aliquyam takimata qui vero nonumy et nonumy tincidunt rebum dolor. No quis elitr ipsum nulla stet laoreet et velit duis et eirmod no dignissim. Delenit velit ea et est consetetur rebum vel ut voluptua et eirmod erat at eum kasd dolor ea. Ut et kasd sit gubergren et ut.\n","pageCount":1100,"excerpt":"Ut gubergren rebum ut nulla nibh vel rebum amet stet. Sit iriure nostrud option et et ipsum lorem te amet eros et eirmod doming duo. Diam diam labore et congue. Ea amet eu elit consequat sit ut nonumy lorem lorem justo. Et suscipit aliquyam dolor duo amet magna eirmod lorem sea diam. Gubergren lorem no facilisi lorem gubergren lorem nihil et eros tempor sanctus iriure. Takimata velit augue consequat suscipit autem laoreet labore dolor stet accusam volutpat. Elitr sit vulputate iusto justo lorem eos ut at dolores. Ea sed dolor nihil nulla voluptua rebum sea diam dolor diam. Clita tempor odio vero assum sed takimata aliquam feugiat labore at diam. Dolore ut in justo et cum tempor dolor iusto dolores vero clita dolor. Qui sit dolor aliquyam. Eos te tempor at augue dolore lorem eos eum gubergren ut rebum magna nonumy voluptua dolor. Eum et rebum et sed ad dolores diam amet te facilisi sit ea. Dolore esse sed. Et et iriure. Sed duo sea aliquyam consetetur sed labore exerci takimata est consetetur sed ut ipsum.\nLorem blandit takimata feugiat dolor dolor. Vel et et et nonummy erat ea duis nonummy ad nonumy velit. Eos et sed gubergren kasd clita ea euismod. Tempor stet eleifend sit tincidunt sed et sit et eos sed sanctus consetetur invidunt est ipsum. Clita eos magna molestie at. Invidunt gubergren ipsum duis eos stet at nonumy sit amet diam vel stet sit et tincidunt diam sadipscing. Sea dolor tation soluta.\nSit amet volutpat euismod gubergren sit lorem augue eos takimata. Stet magna dolor amet et autem clita amet ipsum. Takimata vulputate eum diam voluptua dolores ipsum sed sed ipsum exerci sed et hendrerit sit duo et. Sea consequat nibh magna diam dolores takimata sit ipsum. Diam sit hendrerit et wisi assum vel sea tempor hendrerit. Eros consequat veniam sed hendrerit sit nonumy lobortis ex erat dolor vulputate no sanctus no consetetur et ipsum. Lorem rebum augue duis dolore no dolor invidunt. Ea aliquyam in sit invidunt kasd no vero erat amet ad takimata. Nostrud esse aliquyam eos kasd eum ut cum aliquyam voluptua sed dolor voluptua aliquip lorem amet. Elit kasd invidunt vero et. Sit elitr nihil sadipscing. Ipsum takimata kasd. Aliquyam nobis diam et sadipscing stet no no sea diam velit no labore. Dolor aliquyam et at feugait id zzril lorem ipsum dolor lorem exerci vel voluptua gubergren invidunt. Lorem illum nisl sed sit diam justo gubergren dolor. Erat te dolores sit consetetur dolor euismod consetetur sit blandit consequat soluta consectetuer et no labore et ipsum sit. Kasd lorem magna et dolore voluptua amet erat gubergren et placerat amet. Nihil sit lorem lorem et nulla.\nGubergren elitr rebum eleifend dolore ipsum. Clita sit sit invidunt nonumy ea sed. Amet ut luptatum in lorem sadipscing ea. Blandit eum rebum consequat duo.\nEt quis magna te clita eos amet et et aliquyam eirmod accusam sed sed. Clita diam gubergren dolor et voluptua et consetetur sed et iusto accusam et gubergren clita euismod. Sit consequat clita dolor dolor ipsum et accusam sed. Sanctus dolor tempor vel dolor euismod ipsum wisi ea erat rebum luptatum labore. Sea ipsum tempor voluptua suscipit takimata eos eum. Et voluptua sed hendrerit ut accusam amet no elitr eleifend.\n","publishDate":"2021-06-26T17:01:42.6705115+00:00"},{"id":12,"title":"Book 12","description":"Et dolore sit dolor sit dolor. Diam ut consequat ea sed elit sea. Ut dolores voluptua exerci at ea adipiscing kasd sit sea sed sed. Sea in stet ea at erat justo duo eros rebum est amet dolor qui elitr ipsum ut. Sadipscing kasd sanctus aliquyam sit duis invidunt dolores duis consetetur dolor erat. Clita gubergren nulla lorem takimata sanctus duo te amet lorem eirmod feugait dolor et vero et. Voluptua nulla vel sit gubergren velit sadipscing dolor dolor ipsum kasd. Et lobortis at aliquip soluta. Ipsum amet sit lorem clita dolore nonummy et vero. Elitr et lorem labore lorem consequat vel dolor. Voluptua erat commodo sadipscing et ipsum dolore dolor kasd amet sit eos ea mazim et. Sit consetetur et accusam sed ipsum stet voluptua ad dolor nulla magna eirmod. At diam aliquyam praesent sit eirmod dolore.\n","pageCount":1200,"excerpt":"Eu kasd invidunt takimata sed tempor commodo dolor elitr eleifend nam dolore accusam lobortis lorem tincidunt. Veniam dolor ea eirmod lorem eu est kasd velit sed dolor at molestie feugait labore diam laoreet duo dolor. Lorem sea ea sadipscing vulputate at dolore vel sit vero amet voluptua. Consetetur dolores nibh quis sed nonumy. Lobortis no veniam takimata magna ut duis amet dolore justo.\nDiam consectetuer dolor. Diam iusto aliquyam ea clita. Kasd clita ipsum sea illum et vero elitr tempor diam aliquyam stet sanctus sed dolor lorem eu diam nonumy. At voluptua magna rebum dolor qui. Nulla sit veniam eos takimata ipsum ipsum no. Ut sea diam et ea justo velit sed aliquip. At nonumy blandit aliquam. Sit at placerat.\nEt feugait aliquyam aliquyam. No lorem velit dolor consetetur sed. Justo erat no vero congue no et lorem sed sed diam labore at nobis zzril ea et ea commodo. Kasd nonumy amet sadipscing nulla. Ipsum vero diam no rebum justo nonumy diam ut exerci. Accusam dolore te diam sea et nonumy sit et nulla enim diam.\nAmet takimata eirmod. Iriure et tempor esse ipsum voluptua at est magna sed lorem diam. At elitr in nonummy at et lorem labore ea. Est sea nulla dolor sed feugait dolores diam aliquam amet clita minim at justo sadipscing ipsum tempor. Takimata magna ipsum labore diam takimata voluptua euismod elitr odio sit vel laoreet tempor consetetur quis. Eirmod autem amet sit lorem lorem amet sit rebum invidunt tempor est dolore duo nam erat sea. Autem erat sanctus. Nisl odio est laoreet clita no aliquip nonumy enim tempor sed erat rebum elitr amet facilisis invidunt diam. Justo duo labore dolores.\nMagna delenit duo amet elitr wisi vero stet kasd eum. Sed luptatum et tincidunt magna amet justo laoreet stet et no sadipscing dolores. Molestie justo ipsum delenit lorem et accusam invidunt lorem dolore elitr aliquyam. Luptatum et ipsum duo dolores clita nulla et rebum. Voluptua elitr exerci sadipscing tempor sed molestie.\n","publishDate":"2021-06-25T17:01:42.6705734+00:00"},{"id":13,"title":"Book 13","description":"Dolor et sit diam stet iusto ea. Sit invidunt sed sit consetetur molestie diam dolores sit ipsum exerci amet. Enim magna lorem dolore justo nihil et ut eu. Praesent nibh commodo ut sed labore sed ipsum invidunt feugiat rebum quod in et odio tempor aliquyam stet sed. Sea sadipscing nulla accumsan lorem. Ipsum dolore dolor et sed et tincidunt amet et consetetur labore erat lorem eum no. Sadipscing dolor esse laoreet no consetetur. Dolore lobortis accusam sanctus dolor. Sea sit liber tempor tempor voluptua et feugiat amet rebum sed et adipiscing ea consequat. Molestie eros et vero zzril. Magna feugait diam stet luptatum et et dolor eos nam ipsum in vero clita. Ipsum nonumy sanctus et duo gubergren ea est cum et autem.\n","pageCount":1300,"excerpt":"Sadipscing aliquyam takimata minim amet. Facilisis te eirmod dolore et nulla dolore duo soluta invidunt et elitr dignissim et vulputate dignissim dolore. Te elitr feugiat ipsum takimata voluptua eum et diam erat ea et. Et est nulla justo eros. Et ut wisi voluptua aliquip duo. Tempor blandit dolore kasd magna facilisi est takimata dolore minim eu dolor diam lorem dolor dignissim clita dolore facilisis. Diam tempor consequat diam velit et dolores elitr dolore stet at qui. Amet labore duo est in sea dolore tempor labore. Et dolores sed takimata diam praesent amet nobis iusto et dolor eirmod sit illum vero in. Augue lorem dolores facilisis aliquyam sed magna eos feugait vero justo amet ipsum tempor vero. Eirmod duo consetetur. Dolor molestie justo takimata lorem et sadipscing magna. Iriure dolor et volutpat vel gubergren ea magna eirmod molestie eu diam sed hendrerit.\nLorem facer enim stet consetetur volutpat eirmod et est consequat sea molestie voluptua at accumsan commodo. Diam amet sit sit sea erat dolore mazim et laoreet. Et et lorem stet te dolore qui et dolores. Aliquyam ipsum doming nostrud consetetur at sed delenit ut exerci et sed ea magna accumsan elitr eirmod. Diam accusam invidunt ea justo. Voluptua et molestie nonumy ipsum dignissim et vulputate dolor diam sanctus te blandit et. Ipsum amet et ipsum justo takimata aliquip augue. Ea ex dolores invidunt tempor eum duo elit gubergren no consetetur tempor sea amet. Cum no sanctus in vel vel invidunt illum lorem amet wisi labore. Sit labore amet duo diam consetetur et dolor et dolor eu rebum stet placerat ad duo dolore nonumy lobortis. At kasd duo dolore blandit magna enim. Stet invidunt dolores est et erat et dolor ipsum voluptua gubergren eos. Eirmod dolores amet justo at diam stet vel suscipit dolore.\nAt magna lorem autem enim et elitr justo dolore aliquyam. Sanctus ut et hendrerit ut. Ipsum vero diam. Amet vulputate augue clita at at feugiat ea ipsum delenit sadipscing dolore dolore aliquip autem sed amet duo dolor. Ipsum invidunt sea justo lorem dolore diam doming sed duis dolor adipiscing. Erat feugait vulputate stet tempor option eos feugiat sed volutpat no eos gubergren.\nConsetetur takimata tempor accusam invidunt dolore no ut autem. Lorem ipsum ea sed stet velit lobortis nonumy tempor nulla diam eirmod iusto invidunt elitr consetetur diam ut sea. Stet ut odio labore ea praesent vero sed amet takimata. Sed vero eirmod quis. Rebum consetetur sea odio elitr et commodo voluptua diam sea aliquyam aliquyam dolor feugait in ad. Placerat aliquyam kasd assum et volutpat ipsum lorem at gubergren sed. Sea consetetur dolore quis. Dolore sadipscing dolor eos elitr rebum lorem dolore tincidunt erat sed congue ipsum ad est dolore vel odio dolore.\nEt nobis ipsum tincidunt sed wisi sit feugait vero tempor sed sadipscing et no et. Eos sadipscing eum ipsum et et voluptua erat dolore duo sit est duis elitr clita elitr magna. Ut vero vel dolor sit et duis at takimata eleifend tempor tempor takimata. Augue tempor consequat invidunt ut et et praesent in diam sed eu kasd amet congue eros justo. Voluptua ut velit eirmod option dolore. Erat duo iusto iusto dolor ipsum sadipscing nisl ad ea gubergren elitr feugiat voluptua justo sanctus amet. Rebum illum gubergren aliquyam no erat nonumy facer. Est magna kasd takimata tempor sed et invidunt stet aliquam diam eu dolor. Invidunt veniam rebum dolor justo dolore ipsum duo illum magna. Sit molestie duo stet dolore clita nulla dolor et. Ex aliquyam dolor est et justo justo. Sadipscing praesent facilisi accusam vero at esse rebum dolores iusto invidunt sed lorem in eros rebum in diam commodo. Tempor eirmod ut stet lorem justo takimata takimata vero diam lorem consetetur vel ad vulputate dolor takimata. Elitr ut duis at est justo praesent. Lorem qui consectetuer consetetur soluta no eum aliquyam sit lorem facilisi soluta et tincidunt.\n","publishDate":"2021-06-24T17:01:42.6706695+00:00"},{"id":14,"title":"Book 14","description":"Amet cum tincidunt commodo ipsum takimata gubergren et dolore. Erat vel odio at dignissim feugiat gubergren. Blandit eos eirmod sit dolores accusam ipsum kasd ut et. Tempor rebum eu commodo gubergren et ipsum vero gubergren vero consectetuer in eum. Takimata accusam dolores kasd. Hendrerit voluptua stet dolor elitr exerci lorem et sanctus justo vel. Sea duis nonumy amet nostrud vero lorem stet dolores volutpat no ipsum. Elitr elitr at et stet clita. Clita ut dolore diam sit est iriure dolore. Feugiat aliquyam sed et clita erat takimata exerci ut.\n","pageCount":1400,"excerpt":"Stet dolore at dolor diam et. Eirmod iriure accusam stet no blandit dolor tation sit. Dolor et diam in tempor et diam ea amet facilisi duo consetetur sit congue hendrerit adipiscing justo at. Ut et justo et no et nonummy sadipscing sed sit. Lobortis elitr ipsum sed labore invidunt sea justo esse amet kasd dolor. Et no soluta ea duo ea nonumy autem. Sed facilisi eros magna ad dolor at ut et odio dolor. Rebum lorem invidunt voluptua diam et cum tempor sed. Placerat ullamcorper consectetuer eos augue sadipscing vero accusam dolor sed.\nSanctus at sadipscing kasd. Nisl dolor at sanctus no diam elit tincidunt eros consequat clita tincidunt diam dolores odio sit consetetur. Diam et stet eirmod et sadipscing sea accumsan diam blandit. Dolore invidunt magna facilisis duis feugiat sea veniam labore lorem soluta voluptua ut. Volutpat et est et labore dignissim aliquyam dolor eu at rebum vero nibh clita amet nonumy dolores. Veniam ipsum sanctus sit rebum dolore dolor et sadipscing sanctus et molestie ipsum est et ea nulla eirmod iriure. Sanctus ad et nonumy erat lorem. Eos nibh imperdiet clita eirmod. Et dolores erat illum te velit voluptua. Consetetur sanctus clita justo duo dignissim erat et ad et vel erat lorem laoreet vel dolore. Amet delenit rebum et est eos exerci sit est. Dolore velit no et et aliquyam magna et consequat praesent consequat tempor duis wisi stet sit.\nJusto vero dolore invidunt aliquam. Sadipscing invidunt nonumy. Amet consetetur gubergren clita zzril justo id consetetur nibh sed molestie invidunt. Ipsum diam labore ut et dolor labore dolor diam erat.\nIpsum lorem clita ipsum et ex adipiscing in. Sea consequat vero volutpat duo consetetur sed rebum vulputate lorem dolore luptatum clita et sea zzril aliquyam justo sit. Kasd et aliquyam accusam facilisi dolor ea et vero praesent stet lorem sit clita enim duis justo sed dolor. Et erat sit lorem ipsum elitr vel praesent enim nam. Illum nisl nonumy molestie odio takimata kasd erat eleifend sit clita wisi takimata. Kasd et sea feugiat iriure no eos sea accusam in diam est zzril ea et. Lorem vero nibh voluptua lorem aliquyam sadipscing elitr at magna ea. Diam stet ea tation eirmod ea gubergren eirmod ullamcorper at gubergren consectetuer accusam dignissim. Ut rebum est eum nulla ea diam stet est at minim illum hendrerit ad sit amet nonumy. Sed duo nonumy amet rebum lorem sadipscing dolores placerat et vero sanctus nonummy aliquyam amet dolor vero ipsum feugait. Ea ipsum et facilisis amet molestie ea ut nulla eirmod cum. Nam nonumy labore odio eirmod et duo sanctus consetetur sea eos nonummy at stet sea no. Sanctus sea consectetuer aliquyam. Dolor labore ullamcorper takimata et. Kasd dolore sea eum. Lorem eos et duo. Justo duo eum invidunt.\nConsequat elit duo nonumy et sed consequat exerci ut adipiscing lorem voluptua dolor dolores praesent vel nisl amet dolores. Dolores nonummy et nonumy odio sea. Elitr labore elitr dolor sit sed magna sanctus sea amet sanctus lorem ut amet elitr. Nisl vero voluptua possim sea et et euismod justo. Ad nulla iriure. Vel dolor ea rebum ipsum eirmod rebum no sadipscing at eos ut. Consetetur ea duo. Et dolor dolore vel at. Duis sed et lorem est ipsum erat tation labore volutpat sanctus. Sed vero iriure erat labore illum.\n","publishDate":"2021-06-23T17:01:42.67077+00:00"},{"id":15,"title":"Book 15","description":"Vero elitr vel eirmod lorem ut facilisi volutpat hendrerit labore stet nonumy dolor duis sit in nonumy in. Est et dolores stet quis ipsum dolore gubergren et amet elit kasd no takimata amet sea voluptua vero. Exerci dolor iusto dolore velit et sed. Ipsum tempor ut sanctus lorem sed duo elitr. Esse odio sadipscing est stet nonumy liber amet justo nihil hendrerit sed sed sanctus erat et justo ipsum accusam. Illum erat molestie elitr vero justo magna sadipscing sadipscing ut et laoreet sadipscing. Et et exerci consetetur aliquam iriure dolores ipsum. Diam lobortis at sit tempor at et aliquyam eu vero. Diam justo dolores delenit rebum sed rebum sadipscing sed vulputate at duis rebum est. Nisl voluptua ipsum dolore sanctus labore liber eirmod wisi. Amet dolore velit eirmod nonummy amet eu et gubergren iusto illum qui accumsan.\n","pageCount":1500,"excerpt":"Et sanctus eirmod nulla eos diam sed et et accusam dolor consetetur no amet eos gubergren clita. Sanctus et dolor invidunt magna vero. Est invidunt sanctus tincidunt kasd. Kasd invidunt at sed invidunt qui ipsum iriure ut consetetur. Magna nonumy et gubergren laoreet duo et ad dolor ut eirmod sanctus consequat invidunt ad eos. Dolore sed magna sea sit diam sanctus voluptua et diam tempor nulla enim dolore vero. Duo erat stet et veniam option diam ut. Sanctus lorem delenit illum dolor sed justo justo eos clita sit rebum dolor facilisis no. Clita takimata elit ea sed facilisis amet dolore qui sit et wisi sed est et. Eu accumsan suscipit stet sed rebum sanctus volutpat justo volutpat sit erat in duis consectetuer option eos consectetuer. Accusam sit erat vel eirmod justo illum.\nEuismod dolor accumsan sit blandit invidunt elitr dolor consectetuer sed. Consetetur vero aliquyam ut zzril amet et consectetuer invidunt duis aliquyam ut ut stet amet takimata. Clita ut dolores et sadipscing eos dolor est placerat ipsum. Eros kasd sadipscing takimata clita et dolores aliquip iusto. Sit et eum lorem elit ipsum dolore nulla praesent diam cum ipsum voluptua congue dolore. Justo eu ipsum diam dolore dolor molestie eirmod eum nobis clita takimata duo magna. Duis consetetur est veniam ipsum aliquam aliquyam lorem lorem labore. Elit aliquyam elitr invidunt molestie blandit invidunt ea dolor dolor et dolore diam et. Clita at et duo et nonumy ex feugait accusam. Minim aliquyam possim sed. Ut facilisis nonumy ea congue vel eirmod amet. Sanctus voluptua eirmod laoreet sit stet nulla diam takimata esse accusam gubergren ea congue et. Tation sadipscing luptatum blandit volutpat kasd voluptua sanctus exerci voluptua elitr dolores gubergren. Nonumy eos et feugait amet feugiat erat invidunt molestie dolore erat takimata stet.\nNulla magna clita aliquyam ea. Duo eu dolor. Sed ipsum at duis ut lorem kasd rebum eu eos est ea. Dolor nonumy dolor aliquip labore nonumy labore amet enim stet iriure illum accusam sadipscing. Sea ipsum vel duo ad lorem lorem kasd et sed elitr dolore. Ad nihil est amet nibh clita magna vel et ut ullamcorper lorem est dolore odio sea imperdiet. Blandit ullamcorper lorem et labore takimata lorem elitr dolor ipsum ipsum consequat erat nam ea ut. Illum no tation tincidunt ipsum sit lorem nibh. Clita ullamcorper kasd accusam sit accumsan doming ipsum amet laoreet velit nostrud gubergren feugait duis wisi sanctus et est. Amet kasd ullamcorper eirmod feugait dolores nonummy ipsum duis justo. Elitr vel erat. Sed dolore gubergren no eos aliquip vel accusam et nihil adipiscing hendrerit consequat. Ea sea et diam lorem. Voluptua et diam takimata lorem nonumy justo kasd nisl. Stet takimata et accusam eirmod tempor invidunt magna dolore euismod est elitr diam ipsum hendrerit. Eirmod ex consetetur magna sed takimata volutpat.\nEt nonumy tempor takimata et magna clita. Nonumy feugiat ipsum ut labore lorem liber sanctus magna diam stet facilisis vel. Aliquam duo vero tempor labore lorem nonumy enim vero at elitr sadipscing elitr dolore voluptua facilisis stet liber. Sea elitr rebum et option stet tation dolores sea ea aliquyam sed tempor sadipscing lorem. Sit sadipscing kasd sit lorem et accusam. Tempor est consetetur clita clita dolores sit iriure et ea sadipscing gubergren clita sit. Amet aliquyam est consetetur nonumy et. Dolore eos vulputate dolore dolores ad. Est aliquip erat invidunt et nobis ut eirmod stet consetetur enim voluptua stet. Et accusam accusam amet no vero nonummy ullamcorper kasd erat.\nKasd ut ut sed sed stet vel dignissim. At ut eos consequat ipsum elitr nonumy accusam nam ipsum rebum sea clita iriure diam duis et lobortis. Ea autem exerci eros ipsum. Eirmod illum te dolores amet duo. Tincidunt diam sanctus et te kasd dolor at diam diam dolor ad sit vulputate takimata lorem labore et dolor. Et sed velit labore dolore sit tempor takimata aliquam dolore accusam esse justo sit dolor. Justo nonumy minim. Sea vero sea erat iriure est tation dolor placerat.\n","publishDate":"2021-06-22T17:01:42.6708772+00:00"},{"id":16,"title":"Book 16","description":"Ipsum sed accusam consetetur ipsum et lorem. Rebum est justo sadipscing luptatum kasd et wisi labore. Adipiscing minim stet justo et invidunt et et rebum invidunt luptatum delenit vulputate et amet. Sanctus vero duo eos lorem placerat sit nulla rebum sed dolor et invidunt. Consetetur et dolor vel justo. Stet dolor lobortis no wisi feugait lorem delenit eu. Placerat amet nibh ipsum magna ipsum duis autem kasd dolores. Ea odio sed. At sed illum nonumy nisl dolore sed. Sanctus ipsum labore no vel dolore veniam ad magna eos at consetetur rebum consetetur voluptua. Elitr option elitr
[...]
ie elitr stet kasd quis. Dolor consetetur mazim et tincidunt velit. Kasd dolore amet duo tempor invidunt duo sea ipsum dolore voluptua vero tempor ut nulla amet erat lorem erat. Eos et illum at facilisi accumsan at diam et dolores at rebum ea dolore feugait ut lorem elitr. Dolor lorem exerci duis in sit. Dolor nostrud lorem ut sea no adipiscing amet illum duis justo et. Sed amet nisl lorem eirmod duo duo illum eum gubergren clita et kasd te ipsum. Et luptatum consectetuer exerci in nam at amet et suscipit iusto lorem nulla amet nibh rebum. Eu sed kasd te lorem nobis exerci feugait stet diam amet dolores tincidunt sed sadipscing. Gubergren et invidunt et et eu sit tempor amet ipsum ipsum no diam in tincidunt sanctus nonumy invidunt. Diam sanctus amet ut accusam amet liber dolore dolores ut velit consetetur zzril accusam aliquyam enim diam. Consetetur lorem amet ipsum nulla consetetur ullamcorper et. Sadipscing quis feugiat sit takimata dolor ut duis sea odio sadipscing elitr. Ipsum aliquyam sea id dolore feugiat amet takimata in at aliquam invidunt nonummy sadipscing amet ut. Veniam exerci suscipit. Te in sed et et vero. Erat ea consequat sit.\nIn diam erat et ea sea lorem. No dolore dolor duo euismod tempor ea tempor magna eros et sed duo placerat. Amet stet labore clita. Qui ut eirmod in nonummy feugait rebum voluptua nostrud diam amet sit. Est et vero vero amet consequat zzril. Sed elitr et kasd ipsum elitr sit voluptua sea ipsum et et volutpat augue. Adipiscing sanctus ipsum rebum labore mazim. No blandit vero lorem ipsum. Eos ut consequat erat rebum. Consectetuer aliquyam invidunt nibh sea dolor kasd vero takimata dolores in lorem kasd sed aliquyam. Eum gubergren dolores nisl no est dolores stet vel gubergren mazim diam ea sed. Amet takimata duo elitr nonumy stet nisl. Dolor accumsan lorem. Stet sed eirmod tempor amet ipsum dolore ad. Sed sed odio voluptua magna assum amet ipsum tempor ut erat est consequat lorem zzril esse clita. Aliquyam minim possim ipsum et facer dolore lorem elitr et amet sadipscing magna dolor et rebum. Diam sit accusam dolores adipiscing justo at.\nSanctus kasd kasd takimata justo amet. Volutpat gubergren sit odio nonumy. Vulputate ipsum at diam nonumy erat et eos invidunt et te justo sed ex duis iusto.\n","publishDate":"2020-12-19T17:01:42.7131885+00:00"}]</msg>
<status status="PASS" starttime="20210707 13:59:59.258" endtime="20210707 13:59:59.271"/>
</kw>
<kw name="Set Test Variable" library="BuiltIn">
<arg>${RESPOSTA}</arg>
<doc>Makes a variable available everywhere within the scope of the current test.</doc>
<msg timestamp="20210707 13:59:59.272" level="INFO">${RESPOSTA} = &lt;Response [200]&gt;</msg>
<status status="PASS" starttime="20210707 13:59:59.271" endtime="20210707 13:59:59.272"/>
</kw>
<status status="PASS" starttime="20210707 13:59:56.504" endtime="20210707 13:59:59.272"/>
</kw>
<kw name="Conferir o status code" library="ResourceAPI">
<arg>200</arg>
<kw name="Should Be Equal As Strings" library="BuiltIn">
<arg>${RESPOSTA.status_code}</arg>
<arg>${STATUSCODE_DESEJADO}</arg>
<doc>Fails if objects are unequal after converting them to strings.</doc>
<msg timestamp="20210707 13:59:59.273" level="INFO">Argument types are:
&lt;class 'int'&gt;
&lt;type 'unicode'&gt;</msg>
<status status="PASS" starttime="20210707 13:59:59.273" endtime="20210707 13:59:59.273"/>
</kw>
<status status="PASS" starttime="20210707 13:59:59.272" endtime="20210707 13:59:59.274"/>
</kw>
<kw name="Conferir o reason" library="ResourceAPI">
<arg>OK</arg>
<kw name="Should Be Equal As Strings" library="BuiltIn">
<arg>${RESPOSTA.reason}</arg>
<arg>${REASON_DESEJADO}</arg>
<doc>Fails if objects are unequal after converting them to strings.</doc>
<status status="PASS" starttime="20210707 13:59:59.274" endtime="20210707 13:59:59.275"/>
</kw>
<status status="PASS" starttime="20210707 13:59:59.274" endtime="20210707 13:59:59.275"/>
</kw>
<kw name="Conferir se retorna uma lista com &quot;200&quot; livros" library="ResourceAPI" sourcename="Conferir se retorna uma lista com &quot;${QTDE_LIVROS}&quot; livros">
<kw name="Length Should Be" library="BuiltIn">
<arg>${RESPOSTA.json()}</arg>
<arg>${QTDE_LIVROS}</arg>
<doc>Verifies that the length of the given item is correct.</doc>
<msg timestamp="20210707 13:59:59.279" level="INFO">Length is 200</msg>
<status status="PASS" starttime="20210707 13:59:59.276" endtime="20210707 13:59:59.279"/>
</kw>
<status status="PASS" starttime="20210707 13:59:59.276" endtime="20210707 13:59:59.279"/>
</kw>
<status status="PASS" starttime="20210707 13:59:56.503" endtime="20210707 13:59:59.280"/>
</test>
<test id="s1-t2" name="Buscar um livro específico (GET em um livro específico)">
<kw name="Requisitar o livro &quot;15&quot;" library="ResourceAPI" sourcename="Requisitar o livro &quot;${ID_LIVRO}&quot;">
<kw name="Get On Session" library="RequestsLibrary">
<var>${RESPOSTA}</var>
<arg>fakeAPI</arg>
<arg>Books/${ID_LIVRO}</arg>
<doc>Sends a GET request on a previously created HTTP Session.</doc>
<msg timestamp="20210707 13:59:59.530" level="INFO">GET Request : url=https://fakerestapi.azurewebsites.net/api/v1/Books/15 
 path_url=/api/v1/Books/15 
 headers={'User-Agent': 'python-requests/2.25.1', 'Accept-Encoding': 'gzip, deflate', 'Accept': '*/*', 'Connection': 'keep-alive'} 
 body=None 
 </msg>
<msg timestamp="20210707 13:59:59.531" level="INFO">GET Response : url=https://fakerestapi.azurewebsites.net/api/v1/Books/15 
 status=200, reason=OK 
 headers={'Transfer-Encoding': 'chunked', 'Content-Type': 'application/json; charset=utf-8; v=1.0', 'Server': 'Kestrel', 'api-supported-versions': '1.0', 'Date': 'Wed, 07 Jul 2021 17:01:44 GMT'} 
 body={"id":15,"title":"Book 15","description":"Nonummy rebum erat quis sed kasd sit et amet commodo lorem praesent et sanctus volutpat ut. Diam sea in duo elitr amet tempor magna amet est ea ea erat no odio ullamcorper accusam rebum. Voluptua et clita erat sit clita. Eirmod eirmod dolore in zzril justo justo sit erat dolores congue sit sit. Autem laoreet diam erat et consetetur zzril vel erat possim est at et est. Aliquyam duo amet diam duo quod nonumy. Tempor dolores vel facilisi stet est amet elit. Rebum nonummy elitr suscipit. Magna eos iriure. Lorem takimata sed vel invidunt. Esse sadipscing ut nulla et et ipsum ipsum diam sed option duo erat no lorem.\n","pageCount":1500,"excerpt":"Et et lorem sit sed et invidunt elitr justo est magna molestie suscipit et ea dolor rebum accumsan dolores. Voluptua sed kasd amet odio blandit. Duo ut labore consetetur lorem laoreet iriure magna erat in sanctus euismod nisl dolor erat et. Zzril duis et blandit sea. Facilisis sit gubergren et sit magna clita mazim labore euismod mazim magna elitr sanctus volutpat. Labore commodo sanctus autem et invidunt dolores nobis sed ipsum ipsum dolor dolores amet suscipit sed ut sit. Takimata diam exerci diam vero et minim diam voluptua odio sanctus feugiat dolor.\nDolor dolores kasd dolores eu ad nonumy sanctus diam nibh sit dolor sit. Clita ipsum stet ipsum kasd elitr option. In dolores ipsum dolore ut et amet sit option sit ipsum facilisi feugait gubergren. Sed sit gubergren at lorem sadipscing sit. Dolor kasd eu et clita duo diam. Sed ipsum veniam eu consectetuer et luptatum sed sit sadipscing et enim aliquam aliquip et. Ea vero option dolore eirmod nostrud dignissim. Et dolor ipsum dolore. Sed ipsum magna voluptua magna sadipscing blandit labore exerci rebum erat sit stet. Sanctus et elitr autem gubergren sed. Esse sed euismod et molestie sed labore ipsum hendrerit dignissim aliquyam duo justo.\nNisl est sed tempor takimata. Aliquyam lorem eos gubergren no placerat dolores amet minim clita congue. Te et qui sit et duis dolore sea exerci facilisi in dolores no. Est no amet sed diam eirmod erat diam eros sit tempor stet lorem amet. Dolores duis at iusto. Minim tempor erat voluptua dolor lorem iriure vero nobis amet tempor amet lorem eirmod clita. Duo dolore esse no ipsum duo vel justo sanctus labore invidunt sed odio voluptua liber et amet. Vero duo clita dolore. Eros est voluptua stet accusam no amet elitr illum diam eu congue dolores. Duo veniam tation ex dolores sanctus amet et ea eros tincidunt dolor takimata kasd kasd ipsum vulputate eum. Feugiat eu rebum ea molestie accusam minim possim gubergren.\nDolores consequat stet vel et stet nostrud ipsum quod. Gubergren tempor erat justo amet ipsum vero diam elitr quis eu justo kasd in. Exerci vero et magna dolor ipsum accusam. Sed ut elitr zzril imperdiet ipsum dolor no rebum diam tempor takimata diam sadipscing aliquyam aliquyam et. Eos dolore et elitr aliquam et invidunt ea nonummy. Et eos rebum facer takimata rebum dolor dolor ipsum lorem dolores dolor consetetur erat imperdiet laoreet tempor duis kasd. Enim justo praesent nonumy eirmod liber et rebum est ea consetetur feugait laoreet consequat magna erat. Dolor invidunt possim ullamcorper rebum dolore labore nonumy aliquyam. Ea nonummy hendrerit nonumy feugiat sit vel wisi. Feugait magna takimata accusam. Sea dolore at in clita vero eu ipsum magna duis sanctus nulla lorem aliquyam erat kasd. Stet dolore eum elitr et dolor. Ea erat sit dolore sit tempor wisi duo vero sea stet eos amet eos.\nGubergren et ipsum takimata ipsum clita sed accusam sea dolor erat dolore sea. Dolores ipsum adipiscing sed lorem no clita et dolore eos minim et lorem sit stet enim stet labore. Et ut aliquyam sadipscing justo clita labore ipsum veniam duo esse lorem ipsum. Magna sed eum elitr takimata aliquyam quis.\n","publishDate":"2021-06-22T17:01:44.6084009+00:00"} 
 </msg>
<msg timestamp="20210707 13:59:59.531" level="INFO">c:\users\barbara\appdata\local\programs\python\python39\lib\site-packages\urllib3\connectionpool.py:1013: InsecureRequestWarning: Unverified HTTPS request is being made to host 'fakerestapi.azurewebsites.net'. Adding certificate verification is strongly advised. See: https://urllib3.readthedocs.io/en/1.26.x/advanced-usage.html#ssl-warnings
  warnings.warn(</msg>
<msg timestamp="20210707 13:59:59.534" level="INFO">${RESPOSTA} = &lt;Response [200]&gt;</msg>
<status status="PASS" starttime="20210707 13:59:59.282" endtime="20210707 13:59:59.534"/>
</kw>
<kw name="Log" library="BuiltIn">
<arg>${RESPOSTA.text}</arg>
<doc>Logs the given message with the given level.</doc>
<msg timestamp="20210707 13:59:59.537" level="INFO">{"id":15,"title":"Book 15","description":"Nonummy rebum erat quis sed kasd sit et amet commodo lorem praesent et sanctus volutpat ut. Diam sea in duo elitr amet tempor magna amet est ea ea erat no odio ullamcorper accusam rebum. Voluptua et clita erat sit clita. Eirmod eirmod dolore in zzril justo justo sit erat dolores congue sit sit. Autem laoreet diam erat et consetetur zzril vel erat possim est at et est. Aliquyam duo amet diam duo quod nonumy. Tempor dolores vel facilisi stet est amet elit. Rebum nonummy elitr suscipit. Magna eos iriure. Lorem takimata sed vel invidunt. Esse sadipscing ut nulla et et ipsum ipsum diam sed option duo erat no lorem.\n","pageCount":1500,"excerpt":"Et et lorem sit sed et invidunt elitr justo est magna molestie suscipit et ea dolor rebum accumsan dolores. Voluptua sed kasd amet odio blandit. Duo ut labore consetetur lorem laoreet iriure magna erat in sanctus euismod nisl dolor erat et. Zzril duis et blandit sea. Facilisis sit gubergren et sit magna clita mazim labore euismod mazim magna elitr sanctus volutpat. Labore commodo sanctus autem et invidunt dolores nobis sed ipsum ipsum dolor dolores amet suscipit sed ut sit. Takimata diam exerci diam vero et minim diam voluptua odio sanctus feugiat dolor.\nDolor dolores kasd dolores eu ad nonumy sanctus diam nibh sit dolor sit. Clita ipsum stet ipsum kasd elitr option. In dolores ipsum dolore ut et amet sit option sit ipsum facilisi feugait gubergren. Sed sit gubergren at lorem sadipscing sit. Dolor kasd eu et clita duo diam. Sed ipsum veniam eu consectetuer et luptatum sed sit sadipscing et enim aliquam aliquip et. Ea vero option dolore eirmod nostrud dignissim. Et dolor ipsum dolore. Sed ipsum magna voluptua magna sadipscing blandit labore exerci rebum erat sit stet. Sanctus et elitr autem gubergren sed. Esse sed euismod et molestie sed labore ipsum hendrerit dignissim aliquyam duo justo.\nNisl est sed tempor takimata. Aliquyam lorem eos gubergren no placerat dolores amet minim clita congue. Te et qui sit et duis dolore sea exerci facilisi in dolores no. Est no amet sed diam eirmod erat diam eros sit tempor stet lorem amet. Dolores duis at iusto. Minim tempor erat voluptua dolor lorem iriure vero nobis amet tempor amet lorem eirmod clita. Duo dolore esse no ipsum duo vel justo sanctus labore invidunt sed odio voluptua liber et amet. Vero duo clita dolore. Eros est voluptua stet accusam no amet elitr illum diam eu congue dolores. Duo veniam tation ex dolores sanctus amet et ea eros tincidunt dolor takimata kasd kasd ipsum vulputate eum. Feugiat eu rebum ea molestie accusam minim possim gubergren.\nDolores consequat stet vel et stet nostrud ipsum quod. Gubergren tempor erat justo amet ipsum vero diam elitr quis eu justo kasd in. Exerci vero et magna dolor ipsum accusam. Sed ut elitr zzril imperdiet ipsum dolor no rebum diam tempor takimata diam sadipscing aliquyam aliquyam et. Eos dolore et elitr aliquam et invidunt ea nonummy. Et eos rebum facer takimata rebum dolor dolor ipsum lorem dolores dolor consetetur erat imperdiet laoreet tempor duis kasd. Enim justo praesent nonumy eirmod liber et rebum est ea consetetur feugait laoreet consequat magna erat. Dolor invidunt possim ullamcorper rebum dolore labore nonumy aliquyam. Ea nonummy hendrerit nonumy feugiat sit vel wisi. Feugait magna takimata accusam. Sea dolore at in clita vero eu ipsum magna duis sanctus nulla lorem aliquyam erat kasd. Stet dolore eum elitr et dolor. Ea erat sit dolore sit tempor wisi duo vero sea stet eos amet eos.\nGubergren et ipsum takimata ipsum clita sed accusam sea dolor erat dolore sea. Dolores ipsum adipiscing sed lorem no clita et dolore eos minim et lorem sit stet enim stet labore. Et ut aliquyam sadipscing justo clita labore ipsum veniam duo esse lorem ipsum. Magna sed eum elitr takimata aliquyam quis.\n","publishDate":"2021-06-22T17:01:44.6084009+00:00"}</msg>
<status status="PASS" starttime="20210707 13:59:59.535" endtime="20210707 13:59:59.538"/>
</kw>
<kw name="Set Test Variable" library="BuiltIn">
<arg>${RESPOSTA}</arg>
<doc>Makes a variable available everywhere within the scope of the current test.</doc>
<msg timestamp="20210707 13:59:59.539" level="INFO">${RESPOSTA} = &lt;Response [200]&gt;</msg>
<status status="PASS" starttime="20210707 13:59:59.538" endtime="20210707 13:59:59.539"/>
</kw>
<status status="PASS" starttime="20210707 13:59:59.282" endtime="20210707 13:59:59.539"/>
</kw>
<kw name="Conferir o status code" library="ResourceAPI">
<arg>200</arg>
<kw name="Should Be Equal As Strings" library="BuiltIn">
<arg>${RESPOSTA.status_code}</arg>
<arg>${STATUSCODE_DESEJADO}</arg>
<doc>Fails if objects are unequal after converting them to strings.</doc>
<msg timestamp="20210707 13:59:59.540" level="INFO">Argument types are:
&lt;class 'int'&gt;
&lt;type 'unicode'&gt;</msg>
<status status="PASS" starttime="20210707 13:59:59.540" endtime="20210707 13:59:59.541"/>
</kw>
<status status="PASS" starttime="20210707 13:59:59.539" endtime="20210707 13:59:59.541"/>
</kw>
<kw name="Conferir o reason" library="ResourceAPI">
<arg>OK</arg>
<kw name="Should Be Equal As Strings" library="BuiltIn">
<arg>${RESPOSTA.reason}</arg>
<arg>${REASON_DESEJADO}</arg>
<doc>Fails if objects are unequal after converting them to strings.</doc>
<status status="PASS" starttime="20210707 13:59:59.542" endtime="20210707 13:59:59.543"/>
</kw>
<status status="PASS" starttime="20210707 13:59:59.541" endtime="20210707 13:59:59.543"/>
</kw>
<kw name="Conferir se retorna todos os dados corretos do livro 15" library="ResourceAPI">
<kw name="Dictionary Should Contain Item" library="Collections">
<arg>${RESPOSTA.json()}</arg>
<arg>id</arg>
<arg>${BOOK_15.id}</arg>
<doc>An item of ``key`` / ``value`` must be found in a ``dictionary``.</doc>
<status status="PASS" starttime="20210707 13:59:59.543" endtime="20210707 13:59:59.544"/>
</kw>
<kw name="Dictionary Should Contain Item" library="Collections">
<arg>${RESPOSTA.json()}</arg>
<arg>title</arg>
<arg>${BOOK_15.title}</arg>
<doc>An item of ``key`` / ``value`` must be found in a ``dictionary``.</doc>
<status status="PASS" starttime="20210707 13:59:59.545" endtime="20210707 13:59:59.546"/>
</kw>
<kw name="Dictionary Should Contain Item" library="Collections">
<arg>${RESPOSTA.json()}</arg>
<arg>pageCount</arg>
<arg>${BOOK_15.pageCount}</arg>
<doc>An item of ``key`` / ``value`` must be found in a ``dictionary``.</doc>
<status status="PASS" starttime="20210707 13:59:59.546" endtime="20210707 13:59:59.547"/>
</kw>
<kw name="Should Not Be Empty" library="BuiltIn">
<arg>${RESPOSTA.json()["description"]}</arg>
<doc>Verifies that the given item is not empty.</doc>
<msg timestamp="20210707 13:59:59.548" level="INFO">Length is 618</msg>
<status status="PASS" starttime="20210707 13:59:59.547" endtime="20210707 13:59:59.548"/>
</kw>
<kw name="Should Not Be Empty" library="BuiltIn">
<arg>${RESPOSTA.json()["excerpt"]}</arg>
<doc>Verifies that the given item is not empty.</doc>
<msg timestamp="20210707 13:59:59.549" level="INFO">Length is 3136</msg>
<status status="PASS" starttime="20210707 13:59:59.548" endtime="20210707 13:59:59.549"/>
</kw>
<kw name="Should Not Be Empty" library="BuiltIn">
<arg>${RESPOSTA.json()["publishDate"]}</arg>
<doc>Verifies that the given item is not empty.</doc>
<msg timestamp="20210707 13:59:59.549" level="INFO">Length is 33</msg>
<status status="PASS" starttime="20210707 13:59:59.549" endtime="20210707 13:59:59.549"/>
</kw>
<status status="PASS" starttime="20210707 13:59:59.543" endtime="20210707 13:59:59.549"/>
</kw>
<status status="PASS" starttime="20210707 13:59:59.281" endtime="20210707 13:59:59.550"/>
</test>
<test id="s1-t3" name="Cadastrar um novo livro (POST)">
<kw name="Cadastrar um novo livro" library="ResourceAPI">
<kw name="Post On Session" library="RequestsLibrary">
<var>${RESPOSTA}</var>
<arg>fakeAPI</arg>
<arg>Books</arg>
<arg>data={"id": ${BOOK_201.id},"Title": "${BOOK_201.title}","Description": "${BOOK_201.description}","PageCount": ${BOOK_201.pageCount},"Excerpt": "${BOOK_201.excerpt}","PublishDate": "${BOOK_201.publishDate}"}</arg>
<arg>headers=${HEADERS}</arg>
<doc>Sends a POST request on a previously created HTTP Session.</doc>
<msg timestamp="20210707 13:59:59.553" level="FAIL">Resolving variable '${BOOK_201.id}' failed: Variable '${BOOK_201}' not found. Did you mean:
    ${BOOK_15}</msg>
<status status="FAIL" starttime="20210707 13:59:59.552" endtime="20210707 13:59:59.553"/>
</kw>
<kw name="Log" library="BuiltIn">
<arg>${RESPOSTA.text}</arg>
<doc>Logs the given message with the given level.</doc>
<status status="NOT RUN" starttime="20210707 13:59:59.553" endtime="20210707 13:59:59.553"/>
</kw>
<kw name="Set Test Variable" library="BuiltIn">
<arg>${RESPOSTA}</arg>
<doc>Makes a variable available everywhere within the scope of the current test.</doc>
<status status="NOT RUN" starttime="20210707 13:59:59.553" endtime="20210707 13:59:59.553"/>
</kw>
<status status="FAIL" starttime="20210707 13:59:59.551" endtime="20210707 13:59:59.554"/>
</kw>
<status status="FAIL" starttime="20210707 13:59:59.551" endtime="20210707 13:59:59.554">Resolving variable '${BOOK_201.id}' failed: Variable '${BOOK_201}' not found. Did you mean:
    ${BOOK_15}</status>
</test>
<doc>Documentação da API: https://fakerestapi.azurewebsites.net/swagger/ui/index#!/Books</doc>
<status status="FAIL" starttime="20210707 13:59:56.395" endtime="20210707 13:59:59.556"/>
</suite>
<statistics>
<total>
<stat pass="2" fail="1" skip="0">All Tests</stat>
</total>
<tag>
</tag>
<suite>
<stat pass="2" fail="1" skip="0" id="s1" name="TestCasesAPIBooks">TestCasesAPIBooks</stat>
</suite>
</statistics>
<errors>
</errors>
</robot>
