<?xml version="1.0" encoding="UTF-8"?>
<robot generator="Robot 4.0.3 (Python 3.9.6 on win32)" generated="20210705 14:46:52.745" rpa="false" schemaversion="2">
<suite id="s1" name="TestSitePracticeBDD" source="C:\Users\barbara\Documents\Projetos\tests\TestSitePracticeBDD.robot">
<test id="s1-t1" name="Cenário 01: Pesquisar produto existente">
<kw name="Abrir navegador" library="Resource" type="SETUP">
<kw name="Open Browser" library="SeleniumLibrary">
<arg>${URL}</arg>
<arg>${BROWSER}</arg>
<doc>Opens a new browser instance to the optional ``url``.</doc>
<msg timestamp="20210705 14:46:52.912" level="INFO">Opening browser 'chrome' to base url 'http://automationpractice.com/index.php'.</msg>
<status status="PASS" starttime="20210705 14:46:52.912" endtime="20210705 14:46:57.417"/>
</kw>
<status status="PASS" starttime="20210705 14:46:52.912" endtime="20210705 14:46:57.417"/>
</kw>
<kw name="Dado que estou na página home do site">
<kw name="Acessar a página home do site" library="Resource">
<kw name="Go To" library="SeleniumLibrary">
<arg>http://automationpractice.com/index.php</arg>
<doc>Navigates the current browser window to the provided ``url``.</doc>
<msg timestamp="20210705 14:46:57.418" level="INFO">Opening url 'http://automationpractice.com/index.php'</msg>
<status status="PASS" starttime="20210705 14:46:57.418" endtime="20210705 14:46:59.457"/>
</kw>
<kw name="Title Should Be" library="SeleniumLibrary">
<arg>My Store</arg>
<doc>Verifies that the current page title equals ``title``.</doc>
<msg timestamp="20210705 14:46:59.465" level="INFO">Page title is 'My Store'.</msg>
<status status="PASS" starttime="20210705 14:46:59.458" endtime="20210705 14:46:59.465"/>
</kw>
<status status="PASS" starttime="20210705 14:46:57.418" endtime="20210705 14:46:59.465"/>
</kw>
<status status="PASS" starttime="20210705 14:46:57.418" endtime="20210705 14:46:59.465"/>
</kw>
<kw name="Quando eu pesquisar pelo produto &quot;Blouse&quot;" sourcename="Quando eu pesquisar pelo produto &quot;${PRODUTO}&quot;">
<kw name="Digitar o nome do produto &quot;${PRODUTO}&quot; no campo de Pesquisar" library="Resource" sourcename="Digitar o nome do produto &quot;${PRODUTO}&quot; no campo de Pesquisar">
<kw name="Input Text" library="SeleniumLibrary">
<arg>id=search_query_top</arg>
<arg>${PRODUTO}</arg>
<doc>Types the given ``text`` into the text field identified by ``locator``.</doc>
<msg timestamp="20210705 14:46:59.468" level="INFO">Typing text 'Blouse' into text field 'id=search_query_top'.</msg>
<status status="PASS" starttime="20210705 14:46:59.467" endtime="20210705 14:46:59.540"/>
</kw>
<status status="PASS" starttime="20210705 14:46:59.466" endtime="20210705 14:46:59.540"/>
</kw>
<kw name="Clicar no botão Pesquisar" library="Resource">
<kw name="Click Element" library="SeleniumLibrary">
<arg>name=submit_search</arg>
<doc>Click the element identified by ``locator``.</doc>
<msg timestamp="20210705 14:46:59.541" level="INFO">Clicking element 'name=submit_search'.</msg>
<status status="PASS" starttime="20210705 14:46:59.540" endtime="20210705 14:47:00.732"/>
</kw>
<status status="PASS" starttime="20210705 14:46:59.540" endtime="20210705 14:47:00.733"/>
</kw>
<status status="PASS" starttime="20210705 14:46:59.466" endtime="20210705 14:47:00.733"/>
</kw>
<kw name="Então o produto &quot;Blouse&quot; deve ser listado na página de resultado na busca" sourcename="Então o produto &quot;${PRODUTO}&quot; deve ser listado na página de resultado na busca">
<kw name="Conferir se o produto &quot;${PRODUTO}&quot; foi listado no site" library="Resource" sourcename="Conferir se o produto &quot;${PRODUTO}&quot; foi listado no site">
<kw name="Wait Until Element Is Visible" library="SeleniumLibrary">
<arg>css=#center_column &gt; h1</arg>
<doc>Waits until the element ``locator`` is visible.</doc>
<status status="PASS" starttime="20210705 14:47:00.735" endtime="20210705 14:47:00.756"/>
</kw>
<kw name="Title Should Be" library="SeleniumLibrary">
<arg>Search - My Store</arg>
<doc>Verifies that the current page title equals ``title``.</doc>
<msg timestamp="20210705 14:47:00.761" level="INFO">Page title is 'Search - My Store'.</msg>
<status status="PASS" starttime="20210705 14:47:00.756" endtime="20210705 14:47:00.761"/>
</kw>
<kw name="Page Should Contain Image" library="SeleniumLibrary">
<arg>xpath=//*[@id="center_column"]//*[@src='http://automationpractice.com/img/p/7/7-home_default.jpg']</arg>
<doc>Verifies image identified by ``locator`` is found from current page.</doc>
<msg timestamp="20210705 14:47:00.771" level="INFO">Current page contains image 'xpath=//*[@id="center_column"]//*[@src='http://automationpractice.com/img/p/7/7-home_default.jpg']'.</msg>
<status status="PASS" starttime="20210705 14:47:00.761" endtime="20210705 14:47:00.772"/>
</kw>
<kw name="Page Should Contain Link" library="SeleniumLibrary">
<arg>xpath=//*[@id="center_column"]//a[@class="product-name"][contains(text(), "Blouse")]</arg>
<doc>Verifies link identified by ``locator`` is found from current page.</doc>
<msg timestamp="20210705 14:47:00.782" level="INFO">Current page contains link 'xpath=//*[@id="center_column"]//a[@class="product-name"][contains(text(), "Blouse")]'.</msg>
<status status="PASS" starttime="20210705 14:47:00.772" endtime="20210705 14:47:00.782"/>
</kw>
<status status="PASS" starttime="20210705 14:47:00.734" endtime="20210705 14:47:00.782"/>
</kw>
<status status="PASS" starttime="20210705 14:47:00.734" endtime="20210705 14:47:00.782"/>
</kw>
<kw name="Fechar navegador" library="Resource" type="TEARDOWN">
<kw name="Close Browser" library="SeleniumLibrary">
<doc>Closes the current browser.</doc>
<status status="PASS" starttime="20210705 14:47:00.783" endtime="20210705 14:47:02.895"/>
</kw>
<status status="PASS" starttime="20210705 14:47:00.782" endtime="20210705 14:47:02.896"/>
</kw>
<status status="PASS" starttime="20210705 14:46:52.911" endtime="20210705 14:47:02.897"/>
</test>
<test id="s1-t2" name="Cenário 02: Pesquisar produto não existente">
<kw name="Abrir navegador" library="Resource" type="SETUP">
<kw name="Open Browser" library="SeleniumLibrary">
<arg>${URL}</arg>
<arg>${BROWSER}</arg>
<doc>Opens a new browser instance to the optional ``url``.</doc>
<msg timestamp="20210705 14:47:02.904" level="INFO">Opening browser 'chrome' to base url 'http://automationpractice.com/index.php'.</msg>
<status status="PASS" starttime="20210705 14:47:02.903" endtime="20210705 14:47:06.468"/>
</kw>
<status status="PASS" starttime="20210705 14:47:02.903" endtime="20210705 14:47:06.468"/>
</kw>
<kw name="Dado que estou na página home do site">
<kw name="Acessar a página home do site" library="Resource">
<kw name="Go To" library="SeleniumLibrary">
<arg>http://automationpractice.com/index.php</arg>
<doc>Navigates the current browser window to the provided ``url``.</doc>
<msg timestamp="20210705 14:47:06.469" level="INFO">Opening url 'http://automationpractice.com/index.php'</msg>
<status status="PASS" starttime="20210705 14:47:06.469" endtime="20210705 14:47:07.486"/>
</kw>
<kw name="Title Should Be" library="SeleniumLibrary">
<arg>My Store</arg>
<doc>Verifies that the current page title equals ``title``.</doc>
<msg timestamp="20210705 14:47:07.491" level="INFO">Page title is 'My Store'.</msg>
<status status="PASS" starttime="20210705 14:47:07.486" endtime="20210705 14:47:07.491"/>
</kw>
<status status="PASS" starttime="20210705 14:47:06.469" endtime="20210705 14:47:07.492"/>
</kw>
<status status="PASS" starttime="20210705 14:47:06.468" endtime="20210705 14:47:07.492"/>
</kw>
<kw name="Quando eu pesquisar pelo produto &quot;itemNãoExistente&quot;" sourcename="Quando eu pesquisar pelo produto &quot;${PRODUTO}&quot;">
<kw name="Digitar o nome do produto &quot;${PRODUTO}&quot; no campo de Pesquisar" library="Resource" sourcename="Digitar o nome do produto &quot;${PRODUTO}&quot; no campo de Pesquisar">
<kw name="Input Text" library="SeleniumLibrary">
<arg>id=search_query_top</arg>
<arg>${PRODUTO}</arg>
<doc>Types the given ``text`` into the text field identified by ``locator``.</doc>
<msg timestamp="20210705 14:47:07.495" level="INFO">Typing text 'itemNãoExistente' into text field 'id=search_query_top'.</msg>
<status status="PASS" starttime="20210705 14:47:07.495" endtime="20210705 14:47:07.579"/>
</kw>
<status status="PASS" starttime="20210705 14:47:07.494" endtime="20210705 14:47:07.579"/>
</kw>
<kw name="Clicar no botão Pesquisar" library="Resource">
<kw name="Click Element" library="SeleniumLibrary">
<arg>name=submit_search</arg>
<doc>Click the element identified by ``locator``.</doc>
<msg timestamp="20210705 14:47:07.580" level="INFO">Clicking element 'name=submit_search'.</msg>
<status status="PASS" starttime="20210705 14:47:07.580" endtime="20210705 14:47:09.132"/>
</kw>
<status status="PASS" starttime="20210705 14:47:07.579" endtime="20210705 14:47:09.132"/>
</kw>
<status status="PASS" starttime="20210705 14:47:07.493" endtime="20210705 14:47:09.132"/>
</kw>
<kw name="Então a página deve exibir ser a mensagem &quot;No results were found for your search &quot;itemNãoExistente&quot;&quot;" sourcename="Então a página deve exibir ser a mensagem &quot;${MENSAGEM_ALERTA}&quot;">
<kw name="Conferir mensagem de erro &quot;${MENSAGEM_ALERTA}&quot;" library="Resource" sourcename="Conferir mensagem de erro &quot;${MENSAGEM_ALERTA}&quot;">
<kw name="Wait Until Element Is Visible" library="SeleniumLibrary">
<arg>//*[@id="center_column"]/p[@class='alert alert-warning']</arg>
<doc>Waits until the element ``locator`` is visible.</doc>
<status status="PASS" starttime="20210705 14:47:09.134" endtime="20210705 14:47:09.154"/>
</kw>
<kw name="Element Text Should Be" library="SeleniumLibrary">
<arg>//*[@id="center_column"]/p[@class='alert alert-warning']</arg>
<arg>${MENSAGEM_ALERTA}</arg>
<arg>expected: None | str</arg>
<doc>Verifies that element ``locator`` contains exact the text ``expected``.</doc>
<msg timestamp="20210705 14:47:09.154" level="INFO">Verifying element '//*[@id="center_column"]/p[@class='alert alert-warning']' contains exact text 'No results were found for your search "itemNãoExistente"'.</msg>
<status status="PASS" starttime="20210705 14:47:09.154" endtime="20210705 14:47:09.168"/>
</kw>
<status status="PASS" starttime="20210705 14:47:09.134" endtime="20210705 14:47:09.168"/>
</kw>
<status status="PASS" starttime="20210705 14:47:09.133" endtime="20210705 14:47:09.168"/>
</kw>
<kw name="Fechar navegador" library="Resource" type="TEARDOWN">
<kw name="Close Browser" library="SeleniumLibrary">
<doc>Closes the current browser.</doc>
<status status="PASS" starttime="20210705 14:47:09.169" endtime="20210705 14:47:11.283"/>
</kw>
<status status="PASS" starttime="20210705 14:47:09.169" endtime="20210705 14:47:11.283"/>
</kw>
<status status="PASS" starttime="20210705 14:47:02.901" endtime="20210705 14:47:11.285"/>
</test>
<status status="PASS" starttime="20210705 14:46:52.746" endtime="20210705 14:47:11.290"/>
</suite>
<statistics>
<total>
<stat pass="2" fail="0" skip="0">All Tests</stat>
</total>
<tag>
</tag>
<suite>
<stat pass="2" fail="0" skip="0" id="s1" name="TestSitePracticeBDD">TestSitePracticeBDD</stat>
</suite>
</statistics>
<errors>
</errors>
</robot>
