<?xml version="1.0" encoding="UTF-8"?>
<robot generator="Robot 4.0.3 (Python 3.9.6 on win32)" generated="20210705 17:46:07.288" rpa="false" schemaversion="2">
<suite id="s1" name="TestSitePractice" source="C:\Users\barbara\Desktop\Robot-Framework\SuiteSiteTestePractice\tests\TestSitePractice.robot">
<test id="s1-t1" name="Caso de Teste 04: Adicionar Produtos no Carrinho">
<kw name="Abrir navegador" library="Resource" type="SETUP">
<kw name="Open Browser" library="SeleniumLibrary">
<arg>${URL}</arg>
<arg>${BROWSER}</arg>
<doc>Opens a new browser instance to the optional ``url``.</doc>
<msg timestamp="20210705 17:46:07.468" level="INFO">Opening browser 'chrome' to base url 'http://automationpractice.com/index.php'.</msg>
<status status="PASS" starttime="20210705 17:46:07.468" endtime="20210705 17:46:10.928"/>
</kw>
<status status="PASS" starttime="20210705 17:46:07.468" endtime="20210705 17:46:10.928"/>
</kw>
<kw name="Acessar a página home do site" library="Resource">
<kw name="Go To" library="SeleniumLibrary">
<arg>http://automationpractice.com/index.php</arg>
<doc>Navigates the current browser window to the provided ``url``.</doc>
<msg timestamp="20210705 17:46:10.929" level="INFO">Opening url 'http://automationpractice.com/index.php'</msg>
<status status="PASS" starttime="20210705 17:46:10.929" endtime="20210705 17:46:12.275"/>
</kw>
<kw name="Title Should Be" library="SeleniumLibrary">
<arg>My Store</arg>
<doc>Verifies that the current page title equals ``title``.</doc>
<msg timestamp="20210705 17:46:12.288" level="INFO">Page title is 'My Store'.</msg>
<status status="PASS" starttime="20210705 17:46:12.275" endtime="20210705 17:46:12.288"/>
</kw>
<status status="PASS" starttime="20210705 17:46:10.929" endtime="20210705 17:46:12.288"/>
</kw>
<kw name="Digitar o nome do produto &quot;t-shirt&quot; no campo de Pesquisar" library="Resource" sourcename="Digitar o nome do produto &quot;${PRODUTO}&quot; no campo de Pesquisar">
<kw name="Input Text" library="SeleniumLibrary">
<arg>id=search_query_top</arg>
<arg>${PRODUTO}</arg>
<doc>Types the given ``text`` into the text field identified by ``locator``.</doc>
<msg timestamp="20210705 17:46:12.289" level="INFO">Typing text 't-shirt' into text field 'id=search_query_top'.</msg>
<status status="PASS" starttime="20210705 17:46:12.289" endtime="20210705 17:46:12.359"/>
</kw>
<status status="PASS" starttime="20210705 17:46:12.288" endtime="20210705 17:46:12.359"/>
</kw>
<kw name="Clicar no botão Pesquisar" library="Resource">
<kw name="Click Element" library="SeleniumLibrary">
<arg>name=submit_search</arg>
<doc>Click the element identified by ``locator``.</doc>
<msg timestamp="20210705 17:46:12.360" level="INFO">Clicking element 'name=submit_search'.</msg>
<status status="PASS" starttime="20210705 17:46:12.360" endtime="20210705 17:46:13.234"/>
</kw>
<status status="PASS" starttime="20210705 17:46:12.360" endtime="20210705 17:46:13.234"/>
</kw>
<kw name="Clicar no botão &quot;Add to cart&quot; do produto" library="Resource">
<kw name="Wait Until Element Is Visible" library="SeleniumLibrary">
<arg>xpath=//*[@id="center_column"]//img[@title="Faded Short Sleeve T-shirts"]</arg>
<doc>Waits until the element ``locator`` is visible.</doc>
<status status="PASS" starttime="20210705 17:46:13.235" endtime="20210705 17:46:13.255"/>
</kw>
<kw name="Click Element" library="SeleniumLibrary">
<arg>xpath=//*[@id="center_column"]//img[@title="Faded Short Sleeve T-shirts"]</arg>
<doc>Click the element identified by ``locator``.</doc>
<msg timestamp="20210705 17:46:13.256" level="INFO">Clicking element 'xpath=//*[@id="center_column"]//img[@title="Faded Short Sleeve T-shirts"]'.</msg>
<status status="PASS" starttime="20210705 17:46:13.255" endtime="20210705 17:46:14.773"/>
</kw>
<kw name="Wait Until Element Is Visible" library="SeleniumLibrary">
<arg>xpath=//*[@id="add_to_cart"]/button</arg>
<doc>Waits until the element ``locator`` is visible.</doc>
<status status="PASS" starttime="20210705 17:46:14.773" endtime="20210705 17:46:14.790"/>
</kw>
<kw name="Click Button" library="SeleniumLibrary">
<arg>xpath=//*[@id="add_to_cart"]/button</arg>
<doc>Clicks the button identified by ``locator``.</doc>
<msg timestamp="20210705 17:46:14.791" level="INFO">Clicking button 'xpath=//*[@id="add_to_cart"]/button'.</msg>
<status status="PASS" starttime="20210705 17:46:14.791" endtime="20210705 17:46:14.833"/>
</kw>
<status status="PASS" starttime="20210705 17:46:13.235" endtime="20210705 17:46:14.833"/>
</kw>
<kw name="Clicar no botão &quot;Proceed to checkout&quot;" library="Resource">
<kw name="Wait Until Element Is Visible" library="SeleniumLibrary">
<arg>xpath=//*[@id="layer_cart"]//a[@title="Proceed to checkout"]</arg>
<doc>Waits until the element ``locator`` is visible.</doc>
<status status="PASS" starttime="20210705 17:46:14.834" endtime="20210705 17:46:15.588"/>
</kw>
<kw name="Click Element" library="SeleniumLibrary">
<arg>xpath=//*[@id="layer_cart"]//a[@title="Proceed to checkout"]</arg>
<doc>Click the element identified by ``locator``.</doc>
<msg timestamp="20210705 17:46:15.588" level="INFO">Clicking element 'xpath=//*[@id="layer_cart"]//a[@title="Proceed to checkout"]'.</msg>
<status status="PASS" starttime="20210705 17:46:15.588" endtime="20210705 17:46:16.974"/>
</kw>
<status status="PASS" starttime="20210705 17:46:14.833" endtime="20210705 17:46:16.975"/>
</kw>
<kw name="Conferir se o produto &quot;t-shirt&quot; foi adicionado no carrinho com seus devidos dados e valores" library="Resource" sourcename="Conferir se o produto &quot;${SUBCATEGORIA}&quot; foi adicionado no carrinho com seus devidos dados e valores">
<kw name="Wait Until Element Is Visible" library="SeleniumLibrary">
<arg>xpath=//*[@id="cart_title"][contains(text(),"Shopping-cart summary")]</arg>
<doc>Waits until the element ``locator`` is visible.</doc>
<status status="PASS" starttime="20210705 17:46:16.975" endtime="20210705 17:46:16.997"/>
</kw>
<kw name="Element Text Should Be" library="SeleniumLibrary">
<arg>xpath=//*[@id="product_1_1_0_0"]//p[@class="product-name"]</arg>
<arg>Faded Short Sleeve T-shirts</arg>
<doc>Verifies that element ``locator`` contains exact the text ``expected``.</doc>
<msg timestamp="20210705 17:46:16.997" level="INFO">Verifying element 'xpath=//*[@id="product_1_1_0_0"]//p[@class="product-name"]' contains exact text 'Faded Short Sleeve T-shirts'.</msg>
<status status="PASS" starttime="20210705 17:46:16.997" endtime="20210705 17:46:17.015"/>
</kw>
<kw name="Element Text Should Be" library="SeleniumLibrary">
<arg>xpath=//*[@class="cart_unit"]/*[@class="price"]/span</arg>
<arg>$16.51</arg>
<doc>Verifies that element ``locator`` contains exact the text ``expected``.</doc>
<msg timestamp="20210705 17:46:17.015" level="INFO">Verifying element 'xpath=//*[@class="cart_unit"]/*[@class="price"]/span' contains exact text '$16.51'.</msg>
<status status="PASS" starttime="20210705 17:46:17.015" endtime="20210705 17:46:17.033"/>
</kw>
<kw name="Element Text Should Be" library="SeleniumLibrary">
<arg>xpath=//*[@id="total_price"]</arg>
<arg>$18.51</arg>
<doc>Verifies that element ``locator`` contains exact the text ``expected``.</doc>
<msg timestamp="20210705 17:46:17.033" level="INFO">Verifying element 'xpath=//*[@id="total_price"]' contains exact text '$18.51'.</msg>
<status status="PASS" starttime="20210705 17:46:17.033" endtime="20210705 17:46:17.040"/>
</kw>
<status status="PASS" starttime="20210705 17:46:16.975" endtime="20210705 17:46:17.040"/>
</kw>
<status status="PASS" starttime="20210705 17:46:07.467" endtime="20210705 17:46:17.040"/>
</test>
<status status="PASS" starttime="20210705 17:46:07.289" endtime="20210705 17:46:17.051"/>
</suite>
<statistics>
<total>
<stat pass="1" fail="0" skip="0">All Tests</stat>
</total>
<tag>
</tag>
<suite>
<stat pass="1" fail="0" skip="0" id="s1" name="TestSitePractice">TestSitePractice</stat>
</suite>
</statistics>
<errors>
</errors>
</robot>
