<?xml version="1.0" encoding="UTF-8"?>
<robot generator="Robot 4.0.3 (Python 3.9.6 on win32)" generated="20210706 17:17:34.832" rpa="false" schemaversion="2">
<suite id="s1" name="TestSitePractice" source="C:\Users\barbara\Desktop\Robot-Framework\SuiteSiteTestePractice\tests\TestSitePractice.robot">
<test id="s1-t1" name="Caso de Teste 06: Adicionar Cliente">
<kw name="Abrir navegador" library="Resource" type="SETUP">
<kw name="Open Browser" library="SeleniumLibrary">
<arg>${URL}</arg>
<arg>${BROWSER}</arg>
<doc>Opens a new browser instance to the optional ``url``.</doc>
<msg timestamp="20210706 17:17:35.037" level="INFO">Opening browser 'chrome' to base url 'http://automationpractice.com/index.php'.</msg>
<status status="PASS" starttime="20210706 17:17:35.036" endtime="20210706 17:17:44.522"/>
</kw>
<status status="PASS" starttime="20210706 17:17:35.036" endtime="20210706 17:17:44.522"/>
</kw>
<kw name="Acessar a página home do site" library="Resource">
<kw name="Go To" library="SeleniumLibrary">
<arg>http://automationpractice.com/index.php</arg>
<doc>Navigates the current browser window to the provided ``url``.</doc>
<msg timestamp="20210706 17:17:44.524" level="INFO">Opening url 'http://automationpractice.com/index.php'</msg>
<status status="PASS" starttime="20210706 17:17:44.523" endtime="20210706 17:17:49.637"/>
</kw>
<kw name="Title Should Be" library="SeleniumLibrary">
<arg>My Store</arg>
<doc>Verifies that the current page title equals ``title``.</doc>
<msg timestamp="20210706 17:17:49.642" level="INFO">Page title is 'My Store'.</msg>
<status status="PASS" starttime="20210706 17:17:49.637" endtime="20210706 17:17:49.642"/>
</kw>
<status status="PASS" starttime="20210706 17:17:44.523" endtime="20210706 17:17:49.642"/>
</kw>
<kw name="Clicar no botão superior direito &quot;Sign in&quot;" library="Resource">
<kw name="Click Element" library="SeleniumLibrary">
<arg>xpath=//*[@id="header"]//*[@class="login"][contains(text(),"Sign in")]</arg>
<doc>Click the element identified by ``locator``.</doc>
<msg timestamp="20210706 17:17:49.644" level="INFO">Clicking element 'xpath=//*[@id="header"]//*[@class="login"][contains(text(),"Sign in")]'.</msg>
<status status="PASS" starttime="20210706 17:17:49.643" endtime="20210706 17:18:01.247"/>
</kw>
<status status="PASS" starttime="20210706 17:17:49.643" endtime="20210706 17:18:01.247"/>
</kw>
<kw name="Informar um e-mail válido" library="Resource">
<kw name="Wait Until Element Is Visible" library="SeleniumLibrary">
<arg>id=email_create</arg>
<doc>Waits until the element ``locator`` is visible.</doc>
<status status="PASS" starttime="20210706 17:18:01.249" endtime="20210706 17:18:01.268"/>
</kw>
<kw name="Criar um email customizado" library="Resource">
<var>${EMAIL}</var>
<arg>${PESSOA.nome}</arg>
<arg>${PESSOA.sobrenome}</arg>
<kw name="Generate Random String" library="String">
<var>${STRING_ALEATORIA}</var>
<doc>Generates a string with a desired ``length`` from the given ``chars``.</doc>
<msg timestamp="20210706 17:18:01.270" level="INFO">${STRING_ALEATORIA} = LofLJ8Lu</msg>
<status status="PASS" starttime="20210706 17:18:01.270" endtime="20210706 17:18:01.270"/>
</kw>
<kw name="Set Variable" library="BuiltIn">
<var>${CUSTOM_EMAIL}</var>
<arg>${NOME}${SOBRENOME}${STRING_ALEATORIA}@email.com</arg>
<doc>Returns the given values which can then be assigned to a variables.</doc>
<msg timestamp="20210706 17:18:01.271" level="INFO">${CUSTOM_EMAIL} = babbyrockLofLJ8Lu@email.com</msg>
<status status="PASS" starttime="20210706 17:18:01.270" endtime="20210706 17:18:01.271"/>
</kw>
<msg timestamp="20210706 17:18:01.271" level="INFO">${EMAIL} = babbyrockLofLJ8Lu@email.com</msg>
<status status="PASS" starttime="20210706 17:18:01.268" endtime="20210706 17:18:01.271"/>
</kw>
<kw name="Input Text" library="SeleniumLibrary">
<arg>id=email_create</arg>
<arg>${EMAIL}</arg>
<doc>Types the given ``text`` into the text field identified by ``locator``.</doc>
<msg timestamp="20210706 17:18:01.271" level="INFO">Typing text 'babbyrockLofLJ8Lu@email.com' into text field 'id=email_create'.</msg>
<status status="PASS" starttime="20210706 17:18:01.271" endtime="20210706 17:18:01.341"/>
</kw>
<status status="PASS" starttime="20210706 17:18:01.248" endtime="20210706 17:18:01.341"/>
</kw>
<status status="PASS" starttime="20210706 17:17:35.032" endtime="20210706 17:18:01.342"/>
</test>
<status status="PASS" starttime="20210706 17:17:34.832" endtime="20210706 17:18:01.343"/>
</suite>
<statistics>
<total>
<stat pass="1" fail="0" skip="0">All Tests</stat>
</total>
<tag>
</tag>
<suite>
<stat pass="1" fail="0" skip="0" id="s1" name="TestSitePractice">TestSitePractice</stat>
</suite>
</statistics>
<errors>
</errors>
</robot>
