<?xml version="1.0" encoding="UTF-8"?>
<robot generator="Robot 4.0.3 (Python 3.9.6 on win32)" generated="20210707 14:31:25.481" rpa="false" schemaversion="2">
<suite id="s1" name="TestCasesAPIBooks" source="C:\Users\barbara\Desktop\Robot-Framework\BooksAPI-desafio\TestCasesAPIBooks.robot">
<kw name="Conectar a minha API" library="ResourceAPI" type="SETUP">
<kw name="Create Session" library="RequestsLibrary">
<arg>fakeAPI</arg>
<arg>${URL_API}</arg>
<doc>Create Session: create a HTTP session to a server</doc>
<msg timestamp="20210707 14:31:25.606" level="INFO">Creating Session using : alias=fakeAPI, url=https://fakerestapi.azurewebsites.net/api/v1, headers={},                     cookies={}, auth=None, timeout=None, proxies=None, verify=False,                     debug=0 </msg>
<status status="PASS" starttime="20210707 14:31:25.606" endtime="20210707 14:31:25.607"/>
</kw>
<kw name="Create Dictionary" library="BuiltIn">
<var>${HEADERS}</var>
<arg>content-type=application/json</arg>
<doc>Creates and returns a dictionary based on the given ``items``.</doc>
<msg timestamp="20210707 14:31:25.607" level="INFO">${HEADERS} = {'content-type': 'application/json'}</msg>
<status status="PASS" starttime="20210707 14:31:25.607" endtime="20210707 14:31:25.607"/>
</kw>
<kw name="Set Suite Variable" library="BuiltIn">
<arg>${HEADERS}</arg>
<doc>Makes a variable available everywhere within the scope of the current suite.</doc>
<msg timestamp="20210707 14:31:25.608" level="INFO">${HEADERS} = {'content-type': 'application/json'}</msg>
<status status="PASS" starttime="20210707 14:31:25.607" endtime="20210707 14:31:25.608"/>
</kw>
<status status="PASS" starttime="20210707 14:31:25.606" endtime="20210707 14:31:25.608"/>
</kw>
<test id="s1-t1" name="Buscar a listagem de todos os livros (GET em todos os livros)">
<kw name="Requisitar todos os livros" library="ResourceAPI">
<kw name="Get Request" library="RequestsLibrary">
<var>${RESPOSTA}</var>
<arg>fakeAPI</arg>
<arg>Books</arg>
<doc>*DEPRECATED* Please use `GET On Session` instead.</doc>
<msg timestamp="20210707 14:31:25.609" level="WARN">Keyword 'RequestsLibrary.Get Request' is deprecated. Please use `GET On Session` instead.</msg>
<msg timestamp="20210707 14:31:28.217" level="INFO">GET Request : url=https://fakerestapi.azurewebsites.net/api/v1/Books 
 path_url=/api/v1/Books 
 headers={'User-Agent': 'python-requests/2.25.1', 'Accept-Encoding': 'gzip, deflate', 'Accept': '*/*', 'Connection': 'keep-alive'} 
 body=None 
 </msg>
<msg timestamp="20210707 14:31:28.220" level="INFO">GET Response : url=https://fakerestapi.azurewebsites.net/api/v1/Books 
 status=200, reason=OK 
 headers={'Transfer-Encoding': 'chunked', 'Content-Type': 'application/json; charset=utf-8; v=1.0', 'Server': 'Kestrel', 'api-supported-versions': '1.0', 'Date': 'Wed, 07 Jul 2021 17:33:13 GMT'} 
 body=[{"id":1,"title":"Book 1","description":"Et stet amet amet et te sed et te amet in labore ea stet tempor erat duis sed. Dolore stet et sea takimata autem elitr labore sit. Ut eu dolore elitr facilisis magna tempor amet dolore elitr stet eirmod justo dolore tempor et id zzril magna. Gubergren option vero at clita dolore ea exerci assum takimata justo amet dolor quod quod tincidunt nonumy sed clita. Magna ipsum tempor ipsum kasd dolor vel et. Stet duo dolore magna id nonumy dolore. Erat diam delenit clita at eos justo eu amet magna nonummy dolor. Tation ea accusam amet. Magna at sit no sed ipsum consetetur magna tempor et nonummy invidunt. Kasd eos dolore amet sed kasd invidunt magna elitr sanctus molestie sed at duis sit. Laoreet takimata ipsum eum labore cum no eirmod.\n","pageCount":100,"excerpt":"Et tempor feugiat facilisi clita lorem iusto eu. Duo ipsum praesent voluptua lorem gubergren dolor consetetur in in dolor eirmod ea stet dolor justo dolor voluptua no. Sit takimata invidunt est et ad duis sanctus aliquyam no et vero ipsum nisl no placerat amet tempor. Clita dolor justo. Elitr magna lobortis lorem eirmod. Ipsum possim et qui illum lorem ipsum amet stet ut justo tempor elit voluptua duis facilisis tempor. Amet clita sed accusam dolor clita at sanctus. Te rebum sed. Tempor amet amet duo dolores amet et tempor. Ipsum vero diam eos sea magna ut qui vero at dolor sed. Dolor wisi sed kasd consectetuer dolor voluptua. Eum erat est kasd est elitr eirmod lorem aliquyam et ea dolor dolores velit vero no et ut ea. Facer odio at gubergren et est ipsum sed amet euismod est amet erat rebum. Tempor tempor duis sed et eum accusam rebum hendrerit cum elitr eu mazim nonumy gubergren vero nonumy labore sed. Labore no in invidunt invidunt lorem diam clita et takimata dolor takimata eu ut et et. Invidunt eum et facer consetetur dolore duo et et elitr aliquyam sadipscing odio aliquyam ipsum no dolores.\nGubergren eum lorem amet ipsum nulla qui ex dolor sanctus voluptua. Et takimata sed ut eirmod stet dolores et rebum accusam invidunt et odio. Ipsum labore lorem stet iusto id amet ut lorem labore ipsum et vero ut sed ipsum sit. Clita ipsum ex magna amet feugait duo.\nVoluptua nibh ipsum clita justo labore diam amet ea wisi autem cum vero assum aliquyam minim sed et. Amet duo elitr duo sanctus tempor accumsan. Sed no elitr ut lorem sanctus amet ex assum veniam dolores elitr tation eirmod ad clita quod. Labore accusam consequat justo amet elit dolore dolor accusam cum nonumy rebum accusam duo rebum. Takimata dolor sit.\nAccusam eos dolores voluptua vero wisi id sed aliquyam labore invidunt et gubergren labore et et. In dolores vero nulla. Sea aliquam est laoreet sit eu et duis ea takimata et tempor no elitr. Gubergren aliquyam voluptua euismod sanctus nonumy aliquyam justo ipsum eirmod ipsum at in rebum nulla ea. Diam amet et sanctus amet diam dolore amet eirmod tempor nostrud. Sed nostrud magna amet et. Ea est liber. Invidunt et gubergren amet justo est eos elitr laoreet consetetur duo dolores et lorem ipsum dolore. Consectetuer aliquyam iusto ut luptatum. Amet tempor kasd amet kasd lorem dolores. Eu diam dolor vero zzril doming sea lorem et. Tempor at aliquip. Et magna sed ipsum dolor. Lorem rebum duo no takimata et elitr takimata stet ipsum sadipscing ut at ipsum in.\nConsequat eirmod voluptua sea velit lorem sea tempor. Dolor te sanctus ut aliquyam gubergren duo sed. Accusam justo elitr lorem at invidunt est voluptua sed vero. Dolore lorem sed duo. Et sanctus ut elit duo gubergren sed magna consequat. Te iusto invidunt aliquyam. Stet ipsum option magna rebum tincidunt nonummy sea sadipscing takimata amet dolore. Hendrerit voluptua diam et accumsan et at ex. Et ea rebum vero gubergren tincidunt ut dolore ea eirmod dolore lorem. Zzril magna takimata ipsum. Luptatum doming nonumy doming at consetetur tempor sed aliquip consetetur amet et sed voluptua ut. Et eros volutpat eos sed no stet sed stet lorem accumsan feugiat labore sed sea et. Vulputate dolor duo nihil takimata.\n","publishDate":"2021-07-06T17:33:14.5878159+00:00"},{"id":2,"title":"Book 2","description":"Tincidunt et et dignissim dignissim takimata et lobortis nonummy lorem dolor soluta sit zzril sit. At accumsan at odio tempor et ut vero diam ipsum vero sea gubergren nonumy nonumy sit invidunt dolore. Gubergren consetetur sadipscing dolores et sit nobis duo accumsan dolor justo enim. Consetetur ex sea blandit stet accusam sit. Molestie dolore sit dolores labore et consetetur eu. Diam lorem nonumy sed amet eirmod esse quod sed ex illum. Eros kasd vulputate sea vero eirmod erat. Illum rebum dolore eu dolores kasd accusam ex accumsan ea euismod sed aliquyam. Lorem ut sit dolor stet elit sit eu erat zzril veniam consetetur sadipscing dolor diam lorem tempor vero. Justo tempor consetetur invidunt sed doming sea. Ad placerat eirmod dolores dolore duis et elitr duis ea accusam erat eos. No ut accusam euismod adipiscing stet sanctus volutpat sed lorem delenit sanctus dolore dolore labore feugait ad dolore nisl. Labore sea rebum. Exerci lorem tempor ipsum no ipsum nonummy tempor iriure et eirmod gubergren at sed nonummy lorem consetetur laoreet labore. Rebum lorem in sanctus at diam est sit ipsum rebum ea ea sadipscing eu amet.\n","pageCount":200,"excerpt":"Ea kasd et voluptua. No commodo consectetuer ut stet magna labore ipsum ipsum at amet. Nonumy eos nonumy dolor est no dolores rebum esse. Stet nulla ut congue sea et dolor sanctus rebum volutpat et dolor dolore dolor gubergren. Tempor justo dolores amet dolore autem takimata zzril et aliquyam esse ipsum stet dolor iriure eos accusam sed. Lobortis liber lorem eos sit takimata nostrud est et. Enim no praesent est tempor et aliquyam kasd veniam clita.\nAliquyam et et eleifend voluptua ullamcorper takimata magna zzril vel delenit eos ipsum sanctus lorem diam dolor et. Et ipsum takimata sit autem eirmod magna diam ipsum. Et dolores accumsan nonummy lorem labore dolores dolores eirmod sadipscing. Dolores quod consequat sed possim sit diam vero illum dolor no congue clita. Duis stet in takimata et ut. Kasd sanctus sit eos et in invidunt et at sed iriure amet sed dolores sed nonummy amet duo. Justo magna dolores ipsum stet diam. Dolor tation sit consequat lorem eirmod no et eos clita luptatum rebum diam quis blandit sed no sit. Amet sadipscing et eos eleifend rebum sed nulla feugiat augue dolore vel esse nulla eum ea voluptua. Ipsum te et nulla. Takimata et et kasd aliquyam accusam sed luptatum sed. Gubergren aliquyam feugiat eos eos sadipscing ut duo et aliquyam et sed iriure euismod. Dolores et dolor lorem invidunt dolor ullamcorper consetetur stet elitr. Nostrud ea dolores et sea. Accumsan sea amet tincidunt invidunt aliquip tincidunt kasd enim invidunt augue elitr blandit dolor tempor. Tation kasd ea lorem sit dolor et enim consetetur duo dolore et sit. Est dolore justo ut et option nonumy sanctus. Dolore ut eos eu takimata aliquyam eirmod aliquam. Est dolor lorem.\nEt aliquyam nonumy ut est. Takimata eu dolor invidunt no ut dolor dolor dignissim dolor sanctus. Laoreet vero kasd ipsum ipsum elit sit est duis sed labore. Vero nonumy consequat kasd iriure tempor placerat. Et in amet diam clita eirmod magna eleifend sed eos dolore erat ut dolor ipsum accusam. Vero sed autem dolor vero dolores ea tempor takimata sea at justo takimata diam illum labore zzril consetetur. Amet ipsum dolore et sea esse erat diam illum sea duo diam vero. Qui nonummy et gubergren erat et diam et augue diam aliquyam stet. Duo labore takimata volutpat dolor tempor suscipit lorem aliquyam eirmod kasd enim amet consetetur. Ipsum elitr dolor takimata clita dolore labore et ex. Justo sit voluptua. Facilisi sit delenit takimata stet aliquam facilisis aliquip. Vel sed ut sadipscing vero sanctus ea dolor ea no kasd aliquam labore amet amet amet ut et elitr. Veniam ipsum clita no sed et qui nulla takimata lorem consetetur nam consequat ex lorem.\nAccusam vero augue consequat amet amet eirmod. Nulla invidunt et et ipsum delenit accusam nulla. In ipsum et nonumy est tempor consetetur erat eros sit takimata. Augue sed dolores eos sit et sadipscing erat kasd duo et vel elitr stet nonumy sanctus. Facer magna vero ipsum sea sed diam minim euismod lorem dolore et vel nonumy nostrud dolores. Justo blandit vel lorem voluptua lorem diam justo.\nLaoreet gubergren amet iusto dolor euismod eu amet sit aliquyam magna odio tempor accusam at sed consetetur. Ea rebum te feugait. Dolor accusam nulla dolor aliquyam labore sanctus ipsum tempor nibh clita augue est. Ut ut ut dolor tempor consequat et duo et et duo placerat dolor amet takimata eirmod quis erat. Eos kasd ut feugiat tempor lorem eos. Ea et zzril dolore erat sit sadipscing stet et kasd aliquip takimata est tempor takimata. Voluptua tempor dolore lorem gubergren sanctus sanctus ullamcorper. Consetetur lorem elit dolor sed eos enim lorem lorem clita sea ea. Dolore et lorem eum elitr sed eirmod magna diam eos sea eros aliquam in duo. Duo et magna vero veniam. Ea invidunt dolor clita consectetuer ut dolor lorem ut accumsan invidunt.\n","publishDate":"2021-07-05T17:33:14.5879351+00:00"},{"id":3,"title":"Book 3","description":"Justo nonumy iriure accusam tincidunt amet vel sea consectetuer sit. Iusto sea ipsum justo ut eos. Amet eros invidunt et amet et clita feugiat dolore eos elitr ut vero ipsum est sit sed. Magna eirmod at kasd labore et elitr. Eos accusam dolor rebum nonumy sanctus nisl no invidunt elitr in. Et lorem nibh justo. Tempor amet sadipscing. Sed sed est sanctus aliquyam. Ipsum iriure ipsum et clita consequat dolores diam sed amet dolore duo dolor mazim ullamcorper amet te. Lorem assum et accusam illum.\n","pageCount":300,"excerpt":"Eirmod at voluptua amet. Autem lorem no accumsan rebum kasd ea. Erat ipsum dolore stet option esse sit diam sed erat consetetur. Invidunt no lorem sed sit nam dolore tempor justo amet consetetur voluptua duis sit. Enim tincidunt stet lorem enim veniam. Et duo esse eos iriure eirm... (set the log level to DEBUG or TRACE to see the full content) 
 </msg>
<msg timestamp="20210707 14:31:28.221" level="INFO">c:\users\barbara\appdata\local\programs\python\python39\lib\site-packages\urllib3\connectionpool.py:1013: InsecureRequestWarning: Unverified HTTPS request is being made to host 'fakerestapi.azurewebsites.net'. Adding certificate verification is strongly advised. See: https://urllib3.readthedocs.io/en/1.26.x/advanced-usage.html#ssl-warnings
  warnings.warn(</msg>
<msg timestamp="20210707 14:31:28.222" level="INFO">${RESPOSTA} = &lt;Response [200]&gt;</msg>
<status status="PASS" starttime="20210707 14:31:25.609" endtime="20210707 14:31:28.222"/>
</kw>
<kw name="Log" library="BuiltIn">
<arg>${RESPOSTA.text}</arg>
<doc>Logs the given message with the given level.</doc>
<msg timestamp="20210707 14:31:28.238" level="INFO">[{"id":1,"title":"Book 1","description":"Et stet amet amet et te sed et te amet in labore ea stet tempor erat duis sed. Dolore stet et sea takimata autem elitr labore sit. Ut eu dolore elitr facilisis magna tempor amet dolore elitr stet eirmod justo dolore tempor et id zzril magna. Gubergren option vero at clita dolore ea exerci assum takimata justo amet dolor quod quod tincidunt nonumy sed clita. Magna ipsum tempor ipsum kasd dolor vel et. Stet duo dolore magna id nonumy dolore. Erat diam delenit clita at eos justo eu amet magna nonummy dolor. Tation ea accusam amet. Magna at sit no sed ipsum consetetur magna tempor et nonummy invidunt. Kasd eos dolore amet sed kasd invidunt magna elitr sanctus molestie sed at duis sit. Laoreet takimata ipsum eum labore cum no eirmod.\n","pageCount":100,"excerpt":"Et tempor feugiat facilisi clita lorem iusto eu. Duo ipsum praesent voluptua lorem gubergren dolor consetetur in in dolor eirmod ea stet dolor justo dolor voluptua no. Sit takimata invidunt est et ad duis sanctus aliquyam no et vero ipsum nisl no placerat amet tempor. Clita dolor justo. Elitr magna lobortis lorem eirmod. Ipsum possim et qui illum lorem ipsum amet stet ut justo tempor elit voluptua duis facilisis tempor. Amet clita sed accusam dolor clita at sanctus. Te rebum sed. Tempor amet amet duo dolores amet et tempor. Ipsum vero diam eos sea magna ut qui vero at dolor sed. Dolor wisi sed kasd consectetuer dolor voluptua. Eum erat est kasd est elitr eirmod lorem aliquyam et ea dolor dolores velit vero no et ut ea. Facer odio at gubergren et est ipsum sed amet euismod est amet erat rebum. Tempor tempor duis sed et eum accusam rebum hendrerit cum elitr eu mazim nonumy gubergren vero nonumy labore sed. Labore no in invidunt invidunt lorem diam clita et takimata dolor takimata eu ut et et. Invidunt eum et facer consetetur dolore duo et et elitr aliquyam sadipscing odio aliquyam ipsum no dolores.\nGubergren eum lorem amet ipsum nulla qui ex dolor sanctus voluptua. Et takimata sed ut eirmod stet dolores et rebum accusam invidunt et odio. Ipsum labore lorem stet iusto id amet ut lorem labore ipsum et vero ut sed ipsum sit. Clita ipsum ex magna amet feugait duo.\nVoluptua nibh ipsum clita justo labore diam amet ea wisi autem cum vero assum aliquyam minim sed et. Amet duo elitr duo sanctus tempor accumsan. Sed no elitr ut lorem sanctus amet ex assum veniam dolores elitr tation eirmod ad clita quod. Labore accusam consequat justo amet elit dolore dolor accusam cum nonumy rebum accusam duo rebum. Takimata dolor sit.\nAccusam eos dolores voluptua vero wisi id sed aliquyam labore invidunt et gubergren labore et et. In dolores vero nulla. Sea aliquam est laoreet sit eu et duis ea takimata et tempor no elitr. Gubergren aliquyam voluptua euismod sanctus nonumy aliquyam justo ipsum eirmod ipsum at in rebum nulla ea. Diam amet et sanctus amet diam dolore amet eirmod tempor nostrud. Sed nostrud magna amet et. Ea est liber. Invidunt et gubergren amet justo est eos elitr laoreet consetetur duo dolores et lorem ipsum dolore. Consectetuer aliquyam iusto ut luptatum. Amet tempor kasd amet kasd lorem dolores. Eu diam dolor vero zzril doming sea lorem et. Tempor at aliquip. Et magna sed ipsum dolor. Lorem rebum duo no takimata et elitr takimata stet ipsum sadipscing ut at ipsum in.\nConsequat eirmod voluptua sea velit lorem sea tempor. Dolor te sanctus ut aliquyam gubergren duo sed. Accusam justo elitr lorem at invidunt est voluptua sed vero. Dolore lorem sed duo. Et sanctus ut elit duo gubergren sed magna consequat. Te iusto invidunt aliquyam. Stet ipsum option magna rebum tincidunt nonummy sea sadipscing takimata amet dolore. Hendrerit voluptua diam et accumsan et at ex. Et ea rebum vero gubergren tincidunt ut dolore ea eirmod dolore lorem. Zzril magna takimata ipsum. Luptatum doming nonumy doming at consetetur tempor sed aliquip consetetur amet et sed voluptua ut. Et eros volutpat eos sed no stet sed stet lorem accumsan feugiat labore sed sea et. Vulputate dolor duo nihil takimata.\n","publishDate":"2021-07-06T17:33:14.5878159+00:00"},{"id":2,"title":"Book 2","description":"Tincidunt et et dignissim dignissim takimata et lobortis nonummy lorem dolor soluta sit zzril sit. At accumsan at odio tempor et ut vero diam ipsum vero sea gubergren nonumy nonumy sit invidunt dolore. Gubergren consetetur sadipscing dolores et sit nobis duo accumsan dolor justo enim. Consetetur ex sea blandit stet accusam sit. Molestie dolore sit dolores labore et consetetur eu. Diam lorem nonumy sed amet eirmod esse quod sed ex illum. Eros kasd vulputate sea vero eirmod erat. Illum rebum dolore eu dolores kasd accusam ex accumsan ea euismod sed aliquyam. Lorem ut sit dolor stet elit sit eu erat zzril veniam consetetur sadipscing dolor diam lorem tempor vero. Justo tempor consetetur invidunt sed doming sea. Ad placerat eirmod dolores dolore duis et elitr duis ea accusam erat eos. No ut accusam euismod adipiscing stet sanctus volutpat sed lorem delenit sanctus dolore dolore labore feugait ad dolore nisl. Labore sea rebum. Exerci lorem tempor ipsum no ipsum nonummy tempor iriure et eirmod gubergren at sed nonummy lorem consetetur laoreet labore. Rebum lorem in sanctus at diam est sit ipsum rebum ea ea sadipscing eu amet.\n","pageCount":200,"excerpt":"Ea kasd et voluptua. No commodo consectetuer ut stet magna labore ipsum ipsum at amet. Nonumy eos nonumy dolor est no dolores rebum esse. Stet nulla ut congue sea et dolor sanctus rebum volutpat et dolor dolore dolor gubergren. Tempor justo dolores amet dolore autem takimata zzril et aliquyam esse ipsum stet dolor iriure eos accusam sed. Lobortis liber lorem eos sit takimata nostrud est et. Enim no praesent est tempor et aliquyam kasd veniam clita.\nAliquyam et et eleifend voluptua ullamcorper takimata magna zzril vel delenit eos ipsum sanctus lorem diam dolor et. Et ipsum takimata sit autem eirmod magna diam ipsum. Et dolores accumsan nonummy lorem labore dolores dolores eirmod sadipscing. Dolores quod consequat sed possim sit diam vero illum dolor no congue clita. Duis stet in takimata et ut. Kasd sanctus sit eos et in invidunt et at sed iriure amet sed dolores sed nonummy amet duo. Justo magna dolores ipsum stet diam. Dolor tation sit consequat lorem eirmod no et eos clita luptatum rebum diam quis blandit sed no sit. Amet sadipscing et eos eleifend rebum sed nulla feugiat augue dolore vel esse nulla eum ea voluptua. Ipsum te et nulla. Takimata et et kasd aliquyam accusam sed luptatum sed. Gubergren aliquyam feugiat eos eos sadipscing ut duo et aliquyam et sed iriure euismod. Dolores et dolor lorem invidunt dolor ullamcorper consetetur stet elitr. Nostrud ea dolores et sea. Accumsan sea amet tincidunt invidunt aliquip tincidunt kasd enim invidunt augue elitr blandit dolor tempor. Tation kasd ea lorem sit dolor et enim consetetur duo dolore et sit. Est dolore justo ut et option nonumy sanctus. Dolore ut eos eu takimata aliquyam eirmod aliquam. Est dolor lorem.\nEt aliquyam nonumy ut est. Takimata eu dolor invidunt no ut dolor dolor dignissim dolor sanctus. Laoreet vero kasd ipsum ipsum elit sit est duis sed labore. Vero nonumy consequat kasd iriure tempor placerat. Et in amet diam clita eirmod magna eleifend sed eos dolore erat ut dolor ipsum accusam. Vero sed autem dolor vero dolores ea tempor takimata sea at justo takimata diam illum labore zzril consetetur. Amet ipsum dolore et sea esse erat diam illum sea duo diam vero. Qui nonummy et gubergren erat et diam et augue diam aliquyam stet. Duo labore takimata volutpat dolor tempor suscipit lorem aliquyam eirmod kasd enim amet consetetur. Ipsum elitr dolor takimata clita dolore labore et ex. Justo sit voluptua. Facilisi sit delenit takimata stet aliquam facilisis aliquip. Vel sed ut sadipscing vero sanctus ea dolor ea no kasd aliquam labore amet amet amet ut et elitr. Veniam ipsum clita no sed et qui nulla takimata lorem consetetur nam consequat ex lorem.\nAccusam vero augue consequat amet amet eirmod. Nulla invidunt et et ipsum delenit accusam nulla. In ipsum et nonumy est tempor consetetur erat eros sit takimata. Augue sed dolores eos sit et sadipscing erat kasd duo et vel elitr stet nonumy sanctus. Facer magna vero ipsum sea sed diam minim euismod lorem dolore et vel nonumy nostrud dolores. Justo blandit vel lorem voluptua lorem diam justo.\nLaoreet gubergren amet iusto dolor euismod eu amet sit aliquyam magna odio tempor accusam at sed consetetur. Ea rebum te feugait. Dolor accusam nulla dolor aliquyam labore sanctus ipsum tempor nibh clita augue est. Ut ut ut dolor tempor consequat et duo et et duo placerat dolor amet takimata eirmod quis erat. Eos kasd ut feugiat tempor lorem eos. Ea et zzril dolore erat sit sadipscing stet et kasd aliquip takimata est tempor takimata. Voluptua tempor dolore lorem gubergren sanctus sanctus ullamcorper. Consetetur lorem elit dolor sed eos enim lorem lorem clita sea ea. Dolore et lorem eum elitr sed eirmod magna diam eos sea eros aliquam in duo. Duo et magna vero veniam. Ea invidunt dolor clita consectetuer ut dolor lorem ut accumsan invidunt.\n","publishDate":"2021-07-05T17:33:14.5879351+00:00"},{"id":3,"title":"Book 3","description":"Justo nonumy iriure accusam tincidunt amet vel sea consectetuer sit. Iusto sea ipsum justo ut eos. Amet eros invidunt et amet et clita feugiat dolore eos elitr ut vero ipsum est sit sed. Magna eirmod at kasd labore et elitr. Eos accusam dolor rebum nonumy sanctus nisl no invidunt elitr in. Et lorem nibh justo. Tempor amet sadipscing. Sed sed est sanctus aliquyam. Ipsum iriure ipsum et clita consequat dolores diam sed amet dolore duo dolor mazim ullamcorper amet te. Lorem assum et accusam illum.\n","pageCount":300,"excerpt":"Eirmod at voluptua amet. Autem lorem no accumsan rebum kasd ea. Erat ipsum dolore stet option esse sit diam sed erat consetetur. Invidunt no lorem sed sit nam dolore tempor justo amet consetetur voluptua duis sit. Enim tincidunt stet lorem enim veniam. Et duo esse eos iriure eirmod consequat stet elitr ea dolore.\nEst feugait sed et consetetur nonumy dignissim esse accusam diam eos dolor vero molestie aliquyam duo. Odio ipsum justo dolor eirmod iriure ut diam autem labore stet. Et facilisis dolor diam eos sit volutpat lorem ullamcorper sed takimata. Nonumy gubergren duo illum zzril ut dolor. Amet vero dolore ea gubergren takimata nonummy magna feugiat sanctus te eos velit lorem. Delenit ipsum est no at eos gubergren ut. Wisi nulla vero accusam lorem nam ullamcorper lorem clita tempor accusam vel dolores gubergren et et sadipscing consetetur. Odio ipsum dolore erat ut mazim dolor invidunt commodo nulla magna. Dolor option no sed et elitr autem duis diam sed. Consetetur in ullamcorper lorem duis duo dolor eleifend ipsum. Duis justo ut diam dolor rebum. Rebum sea ipsum ex molestie erat justo dolore nonumy. Dolore doming in. Vero facilisis amet ipsum dolor dolore accusam sed lorem gubergren praesent et. Sed accusam ut. Facilisis sanctus ut praesent justo. Dignissim labore voluptua kasd takimata labore ipsum erat augue elitr no autem blandit ea sea sit autem nobis. Sit rebum tempor sanctus eos. Vero sadipscing vero et eirmod diam aliquyam at et at laoreet.\nDolor luptatum aliquyam et eu gubergren odio. Invidunt diam ipsum et ipsum elitr sea voluptua et placerat labore zzril amet cum. Vero invidunt consequat euismod vulputate lorem te. Voluptua te zzril ut nulla diam stet rebum accusam. Et ut exerci nihil takimata duis ad labore est magna dolore. Magna et takimata iriure consetetur laoreet magna no gubergren voluptua diam facer dolores ut dolores gubergren. Lorem dignissim duis voluptua elit ut id sit labore nibh dolores ipsum. Consetetur et dolor diam ipsum nonumy stet. Tempor justo sed no elitr lorem autem lorem est duis et. Clita ut elitr consetetur et dolore rebum ea enim duo kasd. Et ut nonumy erat suscipit at diam sit lobortis. Ut sanctus clita ea nonumy dolor eirmod vulputate sanctus at sed ea facilisi dignissim eirmod. Labore aliquip ut dolore. Et facilisis laoreet ut sit molestie eirmod quis. Ea eirmod kasd molestie tempor consequat nonummy tempor ipsum stet vel magna eu autem clita delenit. Dolores et wisi nonumy erat rebum ullamcorper et eirmod voluptua et duo iriure. Ullamcorper eos eleifend euismod dolor liber quod kasd vel et no consequat sanctus odio volutpat vero facer.\nLorem erat rebum praesent et eum sit. Minim labore eirmod justo zzril diam eirmod et sit et magna sed duo voluptua sadipscing in duo ut. Dolores eu eirmod velit at dolores eirmod ex et labore rebum sanctus takimata et et.\nFeugait sit labore justo duo dolores dolor veniam ut et molestie dolore blandit tempor. Vero ad clita sanctus augue gubergren diam nulla nonumy kasd illum ut eleifend. Ullamcorper lorem eos sadipscing lorem. Dolor amet dolore diam. Accusam liber sadipscing lorem duis nonumy feugiat sed dolore. Est et commodo praesent et vero nibh vero et dolor nihil luptatum qui aliquyam est sed quis accusam aliquip. In labore eirmod sed diam dignissim sadipscing takimata. Sanctus dolor mazim dolore. Amet gubergren velit est rebum dolore ea vel vero qui luptatum aliquam stet clita dolore ex. Voluptua aliquip sed lorem exerci tempor ut dolor consetetur. Ad clita diam diam duo in ea. Ut vero eos zzril nisl magna luptatum dolor diam invidunt lorem dolor dolor elitr tation. Facilisis et ea liber eum amet in erat diam gubergren quis et dolore sea. Est sadipscing dolor sed sea sit nisl gubergren suscipit consetetur consetetur eirmod dolor nonumy dolore. Nonumy ea rebum. Dolor labore ut. Vulputate stet invidunt at praesent esse.\n","publishDate":"2021-07-04T17:33:14.5880478+00:00"},{"id":4,"title":"Book 4","description":"Stet lobortis kasd duo justo tempor ea zzril labore ut vulputate tempor est amet. Et assum consetetur nonumy rebum quis consetetur quis diam no sed ipsum ipsum diam enim sadipscing dolores. Sit vero sed amet tempor dolore. Takimata kasd magna sed diam et sadipscing nonumy erat iriure et iusto ut takimata kasd nonumy eum esse takimata. Sea et et liber justo eu labore. Lorem gubergren diam elitr tincidunt nonumy lorem liber eos eirmod labore suscipit. Dolor diam tempor aliquip amet voluptua.\n","pageCount":400,"excerpt":"Sed sed et et hendrerit id amet elitr labore sed wisi magna duo. Dolor possim nonumy duis. Lorem odio consetetur eirmod sit dolores dolore diam tempor feugait lorem dolore diam vel ipsum esse. Blandit ut gubergren et duo diam justo clita minim molestie diam duo clita eos wisi consectetuer magna. Invidunt vero duis lorem tempor clita et. Sed ipsum elitr ipsum ut kasd sit sed ea. Autem et diam ipsum aliquip rebum eum vero sed diam et quod voluptua dolore. Ut et justo diam ipsum no delenit ipsum nonumy sit ipsum justo velit justo no dolor mazim clita et. Clita duo at ut duis aliquyam duo in et lorem dolore ipsum. Kasd et accusam. Molestie elit autem sanctus ea dolor doming diam praesent ea consetetur duo duis amet kasd justo sanctus. Duo tincidunt iusto quis laoreet in et ipsum et laoreet ipsum voluptua sit. Sea exerci duo takimata eum sea assum justo. Delenit at at ullamcorper diam feugait accusam duo. Ipsum labore ut nobis ipsum dolor dolore eos lorem ipsum nulla sit sit lorem justo laoreet dolores. Et stet eirmod vero diam ipsum ut aliquyam sed et nulla stet duo eirmod eirmod zzril. Aliquyam dolor magna sadipscing et erat et duo amet est ut consetetur at eros aliquyam. Sanctus no consetetur dolor amet sit takimata odio elitr praesent ullamcorper congue sed sadipscing sed amet eros ut et.\nEt imperdiet ipsum esse velit ipsum stet quis dolore dolore ea et no. Lorem dolores ipsum. Nostrud invidunt soluta magna lorem stet amet dolore tation enim. At feugait vero et erat ipsum sanctus rebum sed lorem eleifend. Sit diam sanctus et lorem dolores. Rebum sadipscing justo quis dolore erat labore clita ex diam consectetuer. Quod erat nonumy justo diam sit euismod sed kasd justo eirmod volutpat vel diam ea. Dolor luptatum amet gubergren nonumy dolore diam option eirmod accusam ipsum voluptua placerat eirmod autem clita exerci lorem velit. Rebum feugait tincidunt erat et rebum autem vulputate eirmod accusam vel et at. Erat tempor tempor sea sadipscing te dolore ad sit volutpat et magna in tempor nonumy no. Diam justo facilisi dolores et eirmod eu ut quis sit ipsum nostrud ipsum stet nisl. Iusto magna lorem elitr stet est ea dignissim clita eros kasd. Accusam sed aliquyam justo. Est odio accusam lorem ipsum consetetur sed quis dolor clita esse erat amet diam nihil et sadipscing duo. Elitr illum sadipscing duo eos stet sed et magna eos dolore no vero magna elit takimata sit. Consequat ea dolor dolore hendrerit feugiat magna aliquip gubergren cum amet amet.\nDuo aliquip eirmod est ipsum stet nonumy et sed eirmod. Zzril aliquyam hendrerit sit cum dolore diam sadipscing. Aliquyam sed amet stet dolores lorem accusam elitr vero dolore. In labore ut elitr dolore molestie ea.\nTakimata diam et sed ipsum consetetur nonumy ad dolor amet accusam tempor dolore magna illum clita vero ea. Option justo lorem diam voluptua nulla esse labore duis suscipit eu dolor. Nulla amet ut diam stet accusam eirmod dolor duo. Consetetur labore invidunt elitr et euismod blandit vero est ut ipsum est sed eirmod diam augue nostrud. Volutpat vero elitr duo rebum amet justo dolores tation. At nihil dolor rebum dolor ut at lorem eros dolores vel lorem dolore dolor mazim dolores erat sanctus. Nonumy diam vulputate. Erat laoreet dolor. Amet tempor dolore vero. Wisi feugiat labore. Accusam et sea justo qui ipsum. No sed clita invidunt dolor amet aliquyam vero dolore nostrud duo accusam aliquyam option. Eos takimata aliquip eirmod eros nonumy et dolore et dolor erat. Erat commodo sanctus eu magna vero congue rebum sed nobis vulputate takimata ipsum. Diam nonummy tation sit labore lorem dolor sed kasd esse diam sed sed option ut amet et commodo amet. Sadipscing et diam nihil dolor dolores gubergren sea justo tempor. In no vel est at in dolore consetetur gubergren lobortis dolor diam tempor dolor vero lorem diam dolore tempor. Ea voluptua no rebum dignissim.\nNo tation erat volutpat duo aliquyam lorem commodo euismod ipsum ipsum tempor. Vero magna ut sit ipsum iusto eos erat ipsum tempor minim kasd lorem amet voluptua dolore sed. Takimata ipsum dolores sea consetetur takimata duo accusam erat nonumy gubergren eos eirmod iriure aliquip. Exerci dolor ex consequat diam molestie.\n","publishDate":"2021-07-03T17:33:14.5881551+00:00"},{"id":5,"title":"Book 5","description":"Accusam vel wisi et sanctus consetetur molestie diam sea nibh sed aliquyam. Molestie dolore ipsum dolores dolore tempor dolor at duo dolor nonumy. No justo et eu et lorem elitr et nulla vulputate clita in dolor. Congue magna sed ipsum hendrerit sed et. Sadipscing sadipscing stet. Dolore ipsum takimata nonumy laoreet nam praesent diam diam et enim dolor dolores enim consetetur et augue.\n","pageCount":500,"excerpt":"Et gubergren duo vulputate sea aliquam commodo ea. Eu rebum et. Eos erat diam magna dolore et. Sit diam nonumy in dolore et molestie erat et amet euismod eirmod. Iusto congue sit hendrerit. Dolor sea nostrud justo hendrerit accumsan nonummy. Nibh tempor dolore justo. Et justo aliquyam zzril dolore diam amet at. Accumsan et minim sit vel gubergren delenit sit sadipscing. Sed sed stet diam et kasd justo te ut justo. Nonumy diam takimata dolore. Dolor lobortis stet nulla ut accumsan. Magna eirmod eros.\nDolores elitr erat vel ipsum dolores eos ea labore justo et ut vulputate gubergren soluta. Takimata duis at ea sed takimata. Delenit dolore gubergren est voluptua. Qui luptatum amet elit sadipscing elit molestie consetetur magna sadipscing sit diam dolore sed praesent lorem. Lorem ipsum eum vulputate sed consetetur doming. Et est iriure blandit aliquyam consetetur dignissim. Sed accusam sit et sed sit nonumy justo tincidunt nostrud sed amet est tempor nonumy eos consetetur duis nonumy. Voluptua elitr et sadipscing eu accusam sed in amet dolore sea ea enim hendrerit justo ipsum ullamcorper. Sit odio feugiat lorem dolore et aliquyam vulputate in. Eum in lorem eirmod velit dolore dolores ipsum justo. Est sed eros wisi et diam et vel. Et consetetur et voluptua est no et. Blandit doming esse ea doming no. Et amet dolores kasd. Tempor et nostrud vel ea et ut diam facilisi sed invidunt ea accusam et vel dolore tempor. Enim invidunt cum. Diam nulla ipsum qui nonumy sanctus est labore sit diam sed et esse. Et amet invidunt takimata sed euismod takimata stet minim elit at est. In rebum labore esse aliquyam invidunt stet magna ea nam dignissim lobortis ipsum lorem adipiscing wisi facilisi dolore ut.\nAmet takimata ipsum sea sit lorem magna adipiscing sed commodo clita sea accusam rebum tempor amet et voluptua. Vel dolore ut luptatum at sed aliquyam dolore ut labore euismod illum sadipscing feugiat sit nulla. Lorem vel est no. Nonummy eu aliquam sit et voluptua sit nonummy at at dolore labore stet tempor ipsum ipsum zzril. In erat no et et laoreet tempor voluptua odio elitr lorem adipiscing duo nonumy ipsum. Justo diam sanctus sadipscing sanctus elitr autem ea elitr euismod lorem ut lorem ipsum soluta augue iusto. Stet dolore sea et nobis iriure possim dolores dolor rebum vel. Stet consetetur in ut ut erat kasd ea nostrud ipsum amet kasd no. Magna vero consequat sed blandit lorem dolor magna magna. Eirmod takimata amet ipsum consetetur ullamcorper justo amet tempor at voluptua sit. Dolores nisl wisi est at assum ipsum. Labore tempor ea liber stet et consetetur aliquyam. Voluptua sea lorem nonumy suscipit no takimata sit enim ipsum accumsan sed ipsum erat accusam. Et imperdiet velit magna accusam amet at eu nostrud ipsum dolor stet vero ipsum est. Gubergren illum diam et. Erat lorem consetetur duo ut. Facilisis lorem diam justo ipsum et at eum gubergren clita at et.\nDolor eum nisl dolor iusto elitr duis consetetur lorem magna accumsan. Et elit esse dolor magna nulla lorem takimata duo ipsum ea lorem vero ut ut magna at. Ea dolores tempor sit erat dolor sanctus aliquyam justo ea et no. Ea dolore facilisi. Sed sadipscing quis rebum assum in accumsan. Vero ut ipsum sanctus nonumy cum et et eos gubergren. Dolore soluta est sit duis erat justo dolore. Feugiat ea amet voluptua praesent eu et ipsum justo dolor justo.\nUt sit sit in vel sadipscing dolore liber tempor esse amet. Sit rebum lorem takimata quis sed sit blandit illum dolore justo lorem sit. Iriure ea molestie dolor et erat voluptua sit lorem iriure illum vero option duo et at ea clita ad. Labore nisl ipsum commodo duis sit. Et zzril et at invidunt eu ipsum et ea lorem praesent sed lorem rebum kasd. Sed elitr sit erat velit consequat et stet. Feugiat gubergren stet. Eos sit sanctus sea labore veniam ut labore diam dolor lobortis dolores takimata sea sit gubergren amet consetetur accusam. Sed duo no justo iusto molestie est takimata sea erat at aliquyam sadipscing amet ea sea. Gubergren aliquyam elitr eos sit labore illum tempor sanctus. Et et suscipit clita dolor amet kasd tempor duis amet justo et ipsum sadipscing erat. Eos elitr eum justo takimata eros gubergren gubergren lorem accusam ipsum ut enim. Duo amet iriure diam invidunt sit et et ea no accusam ipsum aliquyam takimata autem elitr ut. Dolore et labore tempor ut sea sit amet eos euismod consequat dolore sea magna sed et aliquyam diam. Stet sit commodo autem sit dolore voluptua dolores adipiscing rebum ex diam vero luptatum eum et.\n","publishDate":"2021-07-02T17:33:14.5882828+00:00"},{"id":6,"title":"Book 6","description":"Elitr amet feugiat ea tempor labore dolor sit tempor tempor sanctus. Sea hendrerit nonumy qui diam consequat blandit duis enim ut sit et. Iriure aliquam duo consetetur consectetuer ullamcorper at. Et justo nam labore clita aliquyam vero zzril sit dolores magna. Sed eos dolore clita. Consetetur diam iriure dolore feugiat ut dolores quis et ut eos erat ipsum sea et stet. Adipiscing vero voluptua sadipscing vulputate voluptua aliquam consetetur autem. Et feugiat sed dolore magna invidunt assum sanctus augue adipiscing dolor delenit. Clita dolor nulla. Wisi dolore ea dolore clita nulla eu takimata blandit. Magna dolore lorem aliquyam qui dolores feugait dolor erat est esse nulla in adipiscing elitr.\n","pageCount":600,"excerpt":"Sadipscing consequat odio. Labore possim nulla quis in invidunt ea feugiat possim elitr dolor eirmod accusam et erat. Sit enim sit nisl voluptua eu ipsum erat justo aliquyam nonummy gubergren diam. Tempor diam invidunt ea at. Et dolore laoreet diam ad. Justo amet tempor sanctus rebum duis dolore takimata vero gubergren. Aliquyam consequat dolor amet nonumy dolor soluta. Justo et consetetur justo quis dolor accusam ipsum ea laoreet. Et praesent sit iriure ipsum dolore labore lobortis dolor aliquyam tation in lorem doming diam diam autem. Aliquyam lorem sit dolor elitr sed. Kasd tempor ut kasd eirmod duo stet nulla diam eos dolore facilisi. Eros eleifend duo autem amet ipsum aliquyam ipsum magna eos sit tincidunt dolor magna invidunt ea qui. Labore sit sea gubergren vel diam eos duis accumsan justo id magna facilisis facilisis tincidunt stet at et lorem. Lorem kasd erat nonumy sadipscing gubergren accusam et clita sed lorem ut tincidunt molestie ut. Dolore adipiscing eros sed esse duis odio justo et magna dolor amet. Invidunt kasd sea ipsum. Rebum dolor nonumy est lorem.\nEum laoreet sit praesent duis et diam praesent erat et invidunt dolores. Tempor feugiat ipsum laoreet invidunt id amet lorem nonumy stet magna et labore sea eu et erat dolores sanctus. Minim veniam eos eu magna nostrud autem praesent tempor. Accusam vero et nihil sit et cum sed nisl te et suscipit erat adipiscing lorem. Ullamcorper minim autem sit eum eos amet eu stet ea sea.\nOdio ipsum dignissim. No stet vel ut nonumy sed justo. Delenit ad ea et praesent sed congue ut tation vero clita diam sea et et diam in diam. Amet nostrud sea et lorem consequat dolore sit elitr nonumy nulla magna et. Justo magna ex. Sit ad ipsum aliquyam ut lorem kasd. Hendrerit dolore elitr sadipscing nonumy dolores et et magna. Labore feugiat praesent nulla erat et dolor ea praesent lobortis. Sanctus at ea suscipit consetetur clita erat. Tempor elitr no erat. Elitr ea erat et stet accusam accusam gubergren tempor et tation clita tempor imperdiet. Quod rebum magna kasd nihil enim enim amet est sed at velit sed est quis nonumy lorem. Et aliquyam et dolor. Eu facer in sea sed esse lorem ut facer lorem diam vero takimata eos ut diam no. Sea sit sit no vero amet sanctus feugiat elitr ut eirmod et tation eirmod elitr ullamcorper. Et esse consetetur dolor eum voluptua ut clita amet sea ipsum eos minim kasd ut.\nIpsum justo nonumy ut ullamcorper ipsum sed et sanctus dolore amet ut dolor sed eum. Est justo liber labore tempor consectetuer dolore in diam et sed laoreet amet aliquyam aliquyam et. Sit et suscipit et voluptua nihil veniam esse gubergren elitr dolor eirmod lorem et hendrerit sit takimata. Autem dolor dolor amet vel sea dolor takimata enim amet vero doming no at dolore clita sea. Sit accumsan sit iusto augue velit nam sit volutpat feugiat dolores lorem erat facilisis sed. Hendrerit esse clita nonumy autem ipsum eum eos et voluptua ipsum magna ad cum et tincidunt. Magna nulla elit sit ipsum est invidunt nulla in dolore ea labore consetetur facilisi sit ea sit. Clita gubergren dolore eos takimata aliquyam duo est no doming ipsum sit accusam dolore et. Ipsum elitr consectetuer voluptua nostrud diam sea stet lorem amet sadipscing. Lobortis lorem labore sed stet dolores clita duo vero sanctus amet feugiat sit vero eirmod amet est id et. Lorem magna nonumy accusam exerci diam ad et dolores duo eos dolor est. Et sanctus magna at vel magna sed vero diam invidunt. At vero est ipsum.\nEa accusam iriure invidunt no rebum. Dolore sed diam tempor rebum et. Eirmod sed sanctus ipsum ut invidunt vulputate dolore accusam invidunt magna tempor et amet ipsum. Sit gubergren ipsum ipsum eirmod aliquyam aliquam erat consequat accumsan tempor diam dolore nihil eos volutpat et dolore. Diam stet sit mazim ea labore veniam lorem adipiscing aliquam. Sed wisi nibh et labore quod diam consequat at est eos dolor dolores eos erat minim invidunt. Accusam magna illum at dolor diam rebum nonumy no. Dolores no dolores et praesent option euismod eirmod nulla et volutpat gubergren magna eirmod stet imperdiet dolore imperdiet aliquyam. Duo eos kasd.\n","publishDate":"2021-07-01T17:33:14.5883979+00:00"},{"id":7,"title":"Book 7","description":"Ipsum ipsum dolor tempor magna eirmod justo sit luptatum laoreet sed zzril accusam lorem lorem nonumy. Minim sea aliquyam dolores. Molestie sed ipsum invidunt eirmod. Invidunt et odio diam invidunt minim ipsum eu dolore ex aliquyam. Lorem gubergren vel ut. Diam lorem kasd vulputate. Amet facer gubergren ex est lorem stet amet dolor tempor dolor et aliquip ipsum sit eos. Kasd diam vero elitr facilisis luptatum esse sadipscing assum eum duo duis ipsum vel diam facilisi stet. Augue dolores esse diam no consetetur tempor et et et ut ut at lobortis consectetuer sit. Iusto kasd sit in lobortis doming dolores. Dolor consequat at labore invidunt dolor sed dolor invidunt est nulla. Labore eirmod diam vero sed facilisi consequat nulla. Invidunt et sed consetetur blandit esse eos ut ipsum diam eirmod dolor consetetur. Laoreet ut erat accusam vulputate enim accusam dolor et elit et sit at dolores kasd dolores ut.\n","pageCount":700,"excerpt":"Vel justo eu. Et dolore magna diam. Et consetetur clita lorem duo vero nulla est erat et magna accusam voluptua no lorem sea et est. Sanctus eirmod id duo et rebum erat aliquyam ipsum. Magna rebum euismod vero nulla amet amet nonumy lorem illum dolore eirmod aliquyam consectetuer. Invidunt blandit sed at accusam sed et dolore diam delenit consetetur. Duis ipsum stet. At invidunt erat eum est amet. Aliquyam iriure aliquam voluptua blandit laoreet. Vero sea sea nonumy elitr sadipscing duo sea vero option nulla diam takimata invidunt accusam. Elitr ea ea nonumy tempor hendrerit et no gubergren sea magna eirmod. Eleifend facilisi erat luptatum stet at sea veniam vero nonumy dolor sea kasd tempor. Dolor et vel sed labore eirmod minim amet diam sit.\nIpsum accusam commodo clita diam eu et diam kasd clita est et ea. Eos sed stet dolor sed sea iusto est duo amet sit. Dolores accusam gubergren molestie sit eirmod autem ipsum nulla est laoreet. Ea clita blandit assum assum invidunt eu adipiscing invidunt iusto. Amet in vulputate aliquyam magna sanctus ipsum dolore gubergren voluptua sed et erat ipsum et clita clita commodo.\nSit aliquyam dolore accumsan dolor dolore magna at ea veniam labore ea justo dolore labore. Accusam sea accusam duis dolor et dolor at. Diam et ut. Ipsum ut sed erat amet augue ipsum nostrud diam lorem. Feugiat consetetur dolore eos eos consetetur eirmod sit dolor euismod gubergren dolores sea ea et elitr. Dolore ut erat facilisi. Sea nonummy diam sea dolore eu diam dolor at ut id aliquip. Takimata veniam nonumy dolor lorem lorem eirmod diam. Ut tincidunt elitr ex. Sit diam ipsum sit gubergren sed diam sanctus sea ea nisl consequat amet dolore eirmod at. Justo sea takimata. Sit facilisis sed consequat takimata takimata at sadipscing. Sed voluptua vel accusam takimata stet vero sed ipsum labore quis. Velit sit stet diam clita sed et esse labore qui dignissim duo et est. Diam lorem et diam facilisis ea eirmod ea justo dolor at. Elitr vero ullamcorper sed lorem dolor. Aliquam rebum invidunt odio et gubergren labore amet eleifend. Et est amet accusam commodo stet facilisis et stet dolor elitr diam et dignissim.\nJusto ipsum delenit vero dolores amet duo labore luptatum ipsum tempor blandit lorem takimata. Enim lorem justo doming ea minim vel no dolor ipsum est ipsum. Nonummy labore ea dolore stet amet sed cum clita takimata.\nSit et takimata et tempor sea labore at nulla stet. Tation clita justo vulputate enim. Sed ipsum magna invidunt et elitr ut vero amet aliquyam sed tempor diam sit ut sed. Justo euismod lorem dolor labore erat lorem accusam. Possim lorem et eu no lorem kasd vero stet diam minim.\n","publishDate":"2021-06-30T17:33:14.5884783+00:00"},{"id":8,"title":"Book 8","description":"Sadipscing ea amet volutpat. Invidunt dolores diam et clita in facilisi. Et consequat sea at accusam stet sit dolor at dolores lorem eirmod. Duo sit minim gubergren vero tempor est nonumy kasd. Kasd amet voluptua commodo. Vero est voluptua clita sea voluptua kasd. Vel kasd amet aliquyam facilisis no at hendrerit amet iriure voluptua feugiat sed in ea ea. Imperdiet hendrerit nulla in dolor dolore diam nonumy. Sit amet accumsan eirmod. Diam et sed ipsum molestie et nonumy.\n","pageCount":800,"excerpt":"Ipsum et et diam eirmod. Erat dolore rebum et. Invidunt labore tempor sanctus amet augue erat. Dolor et aliquyam vero eos et commodo mazim. Nam sadipscing cum et praesent est dolores accusam lorem no at. Elitr sit dolores dolor amet ipsum sanctus nonumy invidunt invidunt volutpat et aliquyam ex aliquyam sed lorem eu at. In et stet diam ea sed odio lorem liber euismod vel dolor magna at lorem facilisis tation. Accusam sit gubergren tempor iriure sit diam dolores sea et sed dolor quis labore. Mazim duo magna sadipscing at sit. Invidunt luptatum ipsum no ut sea magna dolore. Clita duis iriure takimata. Molestie facer et consetetur dolor ut. Velit sanctus eum nostrud nonumy ea vero ipsum rebum nonumy dolore duo ipsum lorem sadipscing ipsum. Eos suscipit erat eum sit ut eirmod accusam. Delenit dolor justo et amet ut clita duo diam eos takimata aliquam sit liber erat erat eirmod dolor eos. Erat clita et amet duo dolore dolore sanctus eum no vero.\nAmet ea est elitr. Nonumy ea et accusam dolor delenit labore stet aliquyam vulputate nihil sed. Et in consectetuer. Dolor wisi sea. Eos consetetur dolore sanctus sadipscing consetetur dolores ipsum magna vero elitr dignissim tempor lorem rebum doming magna aliquyam est. Eos justo quis amet et dolores erat eirmod commodo invidunt et sit duis sea. Sed ea at stet diam suscipit in elitr sea. Elitr accumsan ex aliquyam rebum dolor aliquip tempor amet justo vulputate ipsum dolore dolor ad erat consetetur. Vel no sit justo sanctus no sit sea dignissim ut lorem. Magna elitr sit sanctus wisi accusam soluta id. Possim augue veniam vero vero sea accusam invidunt erat sanctus vel amet vero luptatum eirmod vulputate facilisis consetetur. Sanctus sanctus diam diam ipsum facilisi mazim ipsum erat no stet voluptua. Amet eirmod eirmod ipsum sanctus elitr magna sit labore est lorem rebum vero eu nulla sed sea ipsum.\nTation rebum eirmod. Mazim eos in dolore amet clita eos eirmod et et praesent adipiscing invidunt lorem eos. Et amet takimata nibh diam sed gubergren sit quis lorem et takimata stet erat takimata aliquyam et dolore sed. Rebum lorem lorem clita labore no facilisi te kasd et clita iusto lobortis accusam eirmod eum gubergren nonumy hendrerit. Dolore et takimata et gubergren et lorem. Clita euismod ut elitr gubergren et sit suscipit ut et et ipsum nonummy. Dolore commodo tation illum zzril ipsum ipsum euismod quod ipsum. Kasd quis lobortis et sit. No diam sea et sea hendrerit eirmod justo molestie no dolor elitr justo sadipscing. Eleifend iusto sit duo elitr wisi magna sed vel ipsum kasd in sanctus blandit at eum duis. Feugiat est dolores doming sit possim sit sed dolor sea ut voluptua ipsum no ad ut. Hendrerit no accumsan et tempor rebum vero lorem iusto et consetetur at tempor nisl ipsum lorem et dolor sit.\nConsectetuer sit amet gubergren diam et. Rebum lorem veniam id dolor dolores vel amet ut sea invidunt amet sed vero. Sea dolor et consetetur clita dolor eleifend ipsum. Eos et clita zzril vel et ea ullamcorper dolor aliquyam. Est eleifend diam invidunt ipsum lorem sed vero illum duis invidunt at ipsum nisl ut nulla nonummy. Dolore consetetur no sed. Rebum cum aliquyam et elitr eu aliquam sit velit sed accusam diam ipsum sanctus. Magna consetetur accusam adipiscing kasd voluptua eos invidunt id in. Justo eum ex justo lorem. Et et aliquyam consetetur. Dolores et qui. Sadipscing sed vero ut lobortis rebum vulputate exerci et. Et ullamcorper at blandit enim gubergren vulputate sed lobortis dolor est liber at at erat nostrud vero magna. Sit dolores diam. Eirmod congue labore amet illum dolor.\nIpsum ut sed consequat diam tempor no sed. In duo eu facilisi amet aliquam tempor justo. Accusam diam molestie soluta erat magna rebum in sanctus clita magna diam ipsum dolor imperdiet elitr dolor dolores. Minim et et ut ipsum dolores soluta diam sadipscing dolore te sanctus et dolore minim. Consequat elitr dolores volutpat eos aliquyam sit consetetur sanctus. Takimata sadipscing aliquip et lorem sit sed et autem lobortis diam diam consetetur. Ipsum at justo tempor sea sea. Vel dolore nulla nonumy ipsum sit placerat eu rebum elitr enim ipsum nibh gubergren volutpat ipsum kasd vero erat. Dolore diam labore possim erat sed justo sed augue dolore dignissim kasd rebum vero lorem. Erat tempor et amet labore vel takimata consetetur hendrerit luptatum. Eu erat accusam et no et nulla duo ipsum ea amet amet amet et stet sit kasd. Eirmod diam facilisi dolor amet sit delenit ut elitr no ipsum amet. Erat sea accumsan stet dolor kasd dolore et amet suscipit ut consetetur augue dolor lorem lorem. No vero vero consequat. Magna gubergren sed dolor diam augue vulputate voluptua eos vero. No doming erat ea lorem ipsum qui suscipit in exerci amet dolores. Te nonummy ullamcorper magna autem consetetur dolore. Ut hendrerit amet dolores no dolores zzril laoreet vulputate magna vero est sit. Gubergren et ea dolor tincidunt sadipscing vero sit sea euismod aliquyam molestie wisi diam delenit feugiat diam.\n","publishDate":"2021-06-29T17:33:14.588602+00:00"},{"id":9,"title":"Book 9","description":"Clita et justo sea sea stet sanctus dolore. Dolore consetetur dolor amet nonumy rebum et diam elitr accusam justo duo consequat magna amet dolor et. Lorem tation exerci sanctus. Consectetuer et duis elit sed sit. Gubergren suscipit dolore nobis sed volutpat wisi sanctus diam feugiat clita aliquyam. Amet et lorem et labore odio dolor takimata clita justo hendrerit elit aliquip rebum. Sit duo dolor. Sanctus accusam et gubergren sanctus sit in ea diam.\n","pageCount":900,"excerpt":"Vero sea facilisis. Velit kasd consectetuer possim at sed ipsum magna facilisis dolor et sed aliquip lorem est. Clita amet in. Labore sed wisi euismod diam duo diam erat suscipit sanctus amet aliquyam illum rebum vero. No accusam eirmod duis eirmod te. Et lorem sit clita dolor. Ea sanctus ea est quis eu lorem sit. Et eu invidunt et est amet dolore no. Dolor sanctus eos et kasd tempor dolore sed sadipscing adipiscing gubergren dolore sit no ea et consetetur. Sed et amet takimata invidunt dolores suscipit sed takimata tempor erat aliquyam ipsum aliquyam ea accusam hendrerit. Amet diam labore vero sadipscing qui erat dolor velit gubergren tempor rebum labore consectetuer ipsum. Et ut eos ipsum quod dolor dolores. Accusam et amet no ipsum clita duis facilisi et mazim blandit wisi vero stet. Vero tempor nostrud sea ullamcorper et amet. Sea erat erat dolore ullamcorper. Erat eirmod no. Rebum duo sed suscipit et diam duo vulputate no lorem sea lobortis duis ullamcorper dolor et lorem eros ut.\nAccusam commodo amet vulputate dolor enim dolor eirmod eos sit molestie. Duis kasd no kasd at. Duo sanctus nonumy. Sea tation kasd labore accusam clita. Duo consectetuer elitr et dolor. Erat no consequat ut vel labore wisi dolor diam nonumy duo sanctus id dolores. Voluptua invidunt ipsum. Illum vulputate invidunt ipsum. Stet rebum facer minim eos erat vero. Wisi at voluptua vero accusam quis dolor sadipscing vero magna enim.\nAt ea ea eirmod elitr diam. Accusam lorem ea lorem sed tempor. Dolor duis dolores ex sit dolor sed ut eos dolores odio et ut. Diam magna at justo dolor rebum et eos tempor nonumy takimata nibh est et et ea sed. Dolor magna et. Dolor tation at nonumy. Invidunt kasd et hendrerit sed diam qui vulputate eum velit dolor esse clita ipsum. Diam vel duo sed et rebum sit aliquip assum. Et et accusam illum et elit duo ipsum lobortis et feugait diam eirmod velit sed invidunt consetetur. Labore vero dolores blandit dolor dolores clita diam sanctus tempor elitr labore amet accusam ipsum. Feugait veniam sit nonumy iriure at in. Vero diam vero gubergren rebum veniam liber lobortis erat amet sanctus no euismod clita tincidunt et elitr. Esse lobortis dolore lorem sadipscing eos nonumy dolor tincidunt augue vero praesent. Tincidunt veniam imperdiet.\nDolores justo est gubergren dolore lorem accusam et. Accusam magna consetetur ea dolor assum sed ut justo sit dolore takimata facer ea te no tincidunt. Odio consequat accumsan magna eos et dolor. Ut tempor accusam no eos consetetur commodo dolores te invidunt duis laoreet dolor et ut quod in at. Gubergren mazim aliquyam et facilisi dolore accusam enim sed et ut suscipit. Exerci ipsum dolor lorem sit ipsum nonumy mazim aliquip diam kasd gubergren eos et duis dolore amet. Dolore ipsum esse. Tincidunt commodo kasd euismod duo amet vero invidunt. Gubergren sanctus dolor ut illum clita erat amet dolore vel sanctus gubergren duo ipsum et magna illum justo. Dolor eos tincidunt kasd ipsum vero elitr et ipsum ipsum. Takimata vero ut wisi enim diam dolores eros sadipscing lobortis sed sit hendrerit takimata. Sit luptatum rebum rebum kasd aliquyam aliquip autem dolore praesent aliquam gubergren diam sed. Amet quis ea lorem consequat voluptua sed lorem sed dolores eum eos sadipscing sit eu kasd kasd. Zzril diam et tincidunt enim takimata et kasd amet. Ea ut nibh nam aliquyam vero ad feugait facer at adipiscing et vulputate ea tempor ea voluptua. Consetetur dolores et lorem at aliquyam sit minim rebum liber rebum.\nGubergren laoreet consequat consequat takimata rebum accusam soluta ullamcorper nonumy et sed dolor. Kasd magna euismod. Magna labore laoreet diam dolores aliquip gubergren ut dolore feugait ipsum amet eirmod ea commodo consetetur esse dolore. Et ex eirmod et invidunt lorem duo praesent est. Diam tation diam at et et. Sit invidunt diam aliquyam et diam tation gubergren vero ipsum clita feugait lorem option eos diam sit voluptua clita. Gubergren justo erat vulputate lorem congue nibh dolore kasd voluptua eos ipsum nisl ipsum sed at. Ut voluptua aliquyam takimata labore lorem consetetur in rebum molestie nonumy.\n","publishDate":"2021-06-28T17:33:14.5887103+00:00"},{"id":10,"title":"Book 10","description":"Ut consequat duo vulputate dolor sed. Lorem et diam kasd justo. Eos clita diam takimata et no ipsum dolor sed consetetur elitr takimata dolore eirmod sea dolores invidunt accusam justo. Dolor sanctus eirmod sea stet consetetur euismod sadipscing eos augue in ipsum tempor autem sadipscing sadipscing tempor vero. Feugait sed et nibh rebum odio sit. Eos lorem sanctus imperdiet ipsum ullamcorper at sit id consetetur blandit exerci duo. Dolore clita sed. Delenit est eros vero nulla vulputate elitr ipsum takimata vero nonumy eos voluptua ea et erat et. Lorem dolores ipsum gubergren et sed amet et rebum congue diam dolor lorem. Diam rebum lobortis consetetur gubergren. Clita vulputate facilisis eirmod takimata dolor consetetur duis magna iriure dolore stet. Et in erat. Nonumy et justo voluptua amet amet nonummy erat id stet accusam amet et. Consetetur laoreet est feugiat eos ipsum sea nulla et et velit. Stet sed iusto exerci.\n","pageCount":1000,"excerpt":"Ad in sanctus invidunt magna et veniam justo diam at nihil. Lorem sanctus qui erat et takimata dolore hendrerit vulputate consequat no at invidunt. Et kasd diam diam amet justo sanctus eos no stet diam ut ipsum magna voluptua. Et justo dolor eos duis aliquyam quod est ea consectetuer aliquam consetetur illum tempor illum eos sit clita tincidunt. Elitr labore accusam eu kasd eu iriure voluptua elitr sed labore ea lorem dolor magna dolores. Nisl in est sit sed ipsum facilisi sed voluptua. Sadipscing et no ex. Doming vel dolor luptatum quis ipsum illum erat at wisi kasd praesent. Et accusam ut invidunt consectetuer at sed. Consetetur wisi duo dolores dolor ea et duis vero accusam at nulla nulla. Labore lorem feugiat et sadipscing no eros et. Lorem ipsum dolore aliquam erat. No stet stet est erat amet sadipscing dolor dolor sanctus facilisis ut ipsum et dolores dolore.\nDuis hendrerit labore sadipscing no feugiat vel vel te ut. Dolores elitr gubergren sed stet dolore ipsum dolore stet sit tempor. Kasd kasd at facilisis ipsum magna labore vero labore et amet takimata dolore. Nostrud sit ut erat erat amet amet erat justo duo nihil soluta tation dolor. Voluptua diam gubergren nonumy sanctus labore ipsum duo vero dolores eirmod no no kasd vel wisi iriure et. Voluptua justo et clita justo et et ipsum dolor zzril. Accusam takimata justo amet dolor dolor consequat vel. Diam aliquyam volutpat eos quis. Erat tempor kasd. Facer aliquip sit et vel eros feugiat et erat et. Lorem gubergren eos vero sit liber takimata sadipscing duis accusam et aliquam elitr et clita ea sea takimata. Mazim accumsan dolor gubergren. Ullamcorper eirmod ut diam volutpat duo dolore et tempor justo ut hendrerit et eirmod tation dolor sed diam et. Diam blandit dolor erat ad sed elitr illum diam lorem eum clita in possim lorem takimata invidunt illum delenit. Erat hendrerit nonumy dolores vel et invidunt luptatum duo in invidunt esse et aliquyam et elit.\nTation vel labore veniam feugait justo erat duo praesent. Elitr sanctus accusam feugiat lorem sed vero et lorem ut gubergren duo dolor no. Dolor sadipscing vero amet sit eos aliquyam ut et sit lorem et ut dolor. Diam nibh elitr ut ea tempor gubergren. Ipsum in et invidunt vero sed est takimata nonumy elitr dolor no dolore dolor. Clita lorem invidunt justo dolor cum sit labore justo aliquyam gubergren takimata amet dolore vero dolor vel eum. Diam vel amet ipsum clita est eos eirmod feugiat sit kasd lorem sed placerat ipsum. Nonumy luptatum sanctus ipsum autem dolore sit ipsum ut eros vero doming et invidunt vero vulputate. Feugiat ipsum vulputate aliquyam ut lorem et aliquyam dolore invidunt duo dolore velit assum magna dolores vel illum. Ea tincidunt invidunt odio dolores gubergren erat aliquyam tempor lorem sanctus te labore consectetuer odio clita. Sed feugiat tempor est sea. Sea consequat consetetur liber sed amet invidunt labore ipsum sea et duo eirmod qui sit amet. Eos ut clita amet consetetur takimata ea.\nVel sadipscing gubergren consequat ut ex elitr kasd est autem elitr dolor et est ut blandit. Sed at dolor nonumy magna. Vero dolore delenit invidunt eros ipsum et sed. Sanctus et eu ipsum sed ut et dolores eirmod invidunt. Consequat tation eirmod dolore nonumy. Ad sit sadipscing rebum elitr dolores consectetuer takimata sea eros quod nostrud amet. Et dolore amet et. Stet dolor invidunt nulla et lorem ipsum dolore lorem eum dolores sit lorem sanctus mazim illum. Elitr tempor elitr vero sed liber clita in elit dolores. Erat dolores invidunt. Amet vulputate sit et sit gubergren aliquyam vel tempor eleifend delenit diam eos accumsan et ad quis gubergren. Et ut lorem nulla lobortis sit in ut vel eum amet consetetur dolor volutpat ea cum et eros lorem. Ipsum accusam accusam dolor amet eum tation enim duo ipsum eu wisi et velit sanctus dolor in. Tempor ut eirmod elit eos laoreet eos labore sit eirmod ut blandit. Vero elitr eos facilisis diam clita duo duo adipiscing dolores id tincidunt diam vero magna accusam amet clita. At dolor feugait dolore praesent ut voluptua vel erat. Amet est aliquyam sanctus blandit facilisi volutpat stet aliquip sanctus ut dolore. Amet dolore ullamcorper sadipscing sit volutpat. Diam consetetur voluptua dolor clita odio sed est accusam dolor et diam adipiscing ea et.\nCommodo at duis in veniam et eros dolor lorem velit vero esse tempor amet. Amet sadipscing facilisis takimata voluptua amet ipsum rebum dolor magna eirmod. Aliquyam dolore at at sed ipsum zzril duo duo vero elitr takimata aliquyam eirmod dolore dolore. Labore eu diam consetetur at nulla dolore no amet dolor accusam enim tempor veniam quod eum invidunt delenit. Diam dolore elitr voluptua consetetur.\n","publishDate":"2021-06-27T17:33:14.5888372+00:00"},{"id":11,"title":"Book 11","description":"Ea dolores amet et stet imperdiet elit lorem takimata lorem amet voluptua invidunt. Amet amet diam lorem. Eos sed facilisi nonumy amet aliquyam elitr sanctus sit sed et. Adipiscing diam diam invidunt ullamcorper magna kasd dolor diam justo stet aliquam dolor clita dolor rebum et. Sit sit sanctus et te. Diam erat congue aliquyam nobis feugait ut labore amet lorem duis. Dolor duo et. Dolore vero volutpat et adipiscing tempor lorem sit diam vel invidunt at sanctus consectetuer sit diam ut. Dolor erat eu takimata vel stet ullamcorper invidunt consetetur eum lorem sit dolore ex sit enim nonumy. Voluptua diam consectetuer ipsum dolore suscipit justo diam takimata vero ea dolore lorem vero dolore.\n","pageCount":1100,"excerpt":"Illum luptatum accusam duo ut tempor magna stet eos et facilisi. Sea clita ipsum stet dolor ut et ut tincidunt vero ut commodo ea takimata ut. Dolore dolore esse duo. Tempor duo nonumy autem facilisi iriure at at sit elit justo et sit sea iriure sanctus. Rebum et eirmod accusam commodo diam et et veniam sed blandit lorem. Clita voluptua sea enim invidunt hendrerit nulla suscipit invidunt consetetur dolor tempor vero at aliquip in. Aliquyam blandit ut vero dolor voluptua vel justo justo magna. Nulla takimata dolor diam rebum et takimata lorem duo at voluptua at elitr dolore lorem duo dolore justo lorem. Lorem et aliquyam veniam tincidunt justo sadipscing ipsum sadipscing kasd duis lorem lobortis kasd. Invidunt nonumy et elitr kasd invidunt takimata eirmod delenit duo ipsum laoreet et suscipit.\nNostrud consequat iusto dolore aliquam dolore stet et amet rebum ut. Adipiscing adipiscing ea esse rebum tation minim stet labore nonumy eros enim aliquip feugiat eum et dolor eos hendrerit. Sit aliquyam clita. Dolor magna duo amet. Voluptua voluptua ut stet ut amet dolor velit. Blandit dolore magna feugait sit diam. Adipiscing dolore feugait duo delenit vel takimata nihil et ut luptatum tempor lorem lobortis sadipscing. Et ipsum lorem euismod dolore sea sea augue clita sit sadipscing in et amet eirmod ipsum ut. Diam mazim erat sadipscing labore rebum sea at hendrerit dolor eirmod at eros et delenit suscipit ut ipsum tempor. Vero esse eos dolores invidunt. Et commodo rebum diam rebum facilisis tation dolores erat justo at.\nStet magna nonummy no erat. Dolor vero invidunt et invidunt diam dolor eirmod nonummy sed dolor kasd et. Feugait dolores et nonumy odio vero sed diam dolor iusto iusto suscipit. Sed dolor ipsum takimata est labore rebum stet gubergren sadipscing gubergren dolore zzril. Magna at at doming clita et no dolor labore vel accusam. Nonumy euismod elitr consetetur elitr sit at rebum sit consequat diam in amet no stet et aliquyam. Nonumy autem nibh erat rebum ea. Et sit feugait tempor eros et et et et invidunt eirmod dolor ipsum feugiat cum et. Rebum consetetur ipsum no eos. Lorem vero ea magna ad sadipscing augue sit at. Sit nonumy stet facer sit elitr eos liber gubergren tempor ea facilisi. Est lorem nonumy id nonumy nonumy commodo eos duo diam invidunt est. Labore odio gubergren et diam quis praesent duis lorem aliquip. Commodo dolore gubergren dolore justo nonumy nonumy nulla facilisis stet ut tempor. Sea sed et sadipscing volutpat lorem et.\nJusto sit consetetur magna facilisi sit sea augue stet. Dolore accumsan vero sea vero euismod vero sea et aliquyam sea consequat aliquyam hendrerit et. Eirmod tempor te nonumy kasd magna vero eos dolor dolor eirmod rebum rebum duo quis nonumy diam eum. Autem voluptua aliquam no elitr. Sea accusam duo autem sed amet et. Sea et magna amet lorem accusam ipsum illum labore diam gubergren assum clita kasd ipsum est at dolor amet. Sit ipsum sanctus dolor accusam erat facer justo. Sea et voluptua qui lorem eros dolores veniam et vero eos justo sea euismod ipsum labore. Ipsum mazim dolor elitr feugiat vel erat placerat lorem. At accumsan et. Doming lorem nonumy ea ipsum euismod consetetur et. Consetetur ea amet at aliquam. Et amet dolores nam diam ea consequat tempor erat dolore sit at diam justo eros eros aliquyam congue diam. Qui facilisis nonumy eos. Quod diam nobis illum amet est veniam lorem nonumy. Nonumy enim esse sit lorem dolor accusam takimata feugiat dolore dolore ipsum blandit autem labore voluptua est sanctus magna.\nQuis sed at sed facilisis lorem ut ad sit vero velit augue tempor erat accusam. Et kasd quis nonumy elit in vero justo et sanctus lorem adipiscing magna nobis ad nonumy sed. Lorem labore sit ipsum rebum eleifend ipsum nisl amet et. Labore takimata consequat in doming et magna ut dolore et aliquyam diam at clita ullamcorper ea sit sit.\n","publishDate":"2021-06-26T17:33:14.5889351+00:00"},{"id":12,"title":"Book 12","description":"Lorem et qui diam delenit lorem sadipscing velit ipsum aliquip. Elitr nulla blandit et ipsum sanctus diam nonumy ipsum no dolore kasd et. Molestie est et dolor. Eum dolor vero dolor ipsum eros accusam consetetur. Vel eu quis feugiat invidunt aliquyam ut erat molestie. Eirmod eos elitr dignissim kasd lorem dolore sanctus eos. Wisi clita rebum ipsum sea ipsum elitr sit sanctus. Eos option ea dolor sed et. Labore duis sea wisi te. Ea invidunt dignissim magna luptatum soluta no amet.\n","pageCount":1200,"excerpt":"Eu ea erat et accusam luptatum. Consetetur ipsum magna ut gubergren lorem dignissim. Lorem tation et ea invidunt tincidunt et no dolores commodo stet et gubergren at. Dolor aliquyam ipsum amet rebum ea amet. At ut rebum sed nulla.\nStet gubergren praesent. Tempor eirmod duo nonumy sit clita dolores sed diam ea sea tempor qui eros iusto amet minim. Lorem vero ipsum tempor gubergren option dolor sea et kasd eu te tation. At kasd labore at ea dolor et tempor ipsum consetetur aliquyam stet nulla lorem ad et ipsum. Ipsum dolor dolor rebum sed sit gubergren nonumy elitr ad stet ea veniam sed dolore. Lobortis voluptua ipsum sadipscing sadipscing ullamcorper ut sea euismod invidunt consequat. Facilisi molestie molestie eos gubergren ipsum. Ad iriure facer tempor eros. Consequat sed ea dolor lorem sit accusam euismod stet aliquip et. Clita quis gubergren justo vero ipsum voluptua ut dolor justo illum justo diam ipsum. Aliquyam blandit quis eirmod lorem lorem praesent no sadipscing dolore amet iusto hendrerit et accumsan eros. No gubergren gubergren nisl amet est invidunt. Elitr justo luptatum at.\nEt sed tempor clita voluptua delenit duo ex tempor justo no consetetur consetetur accusam sed. Augue gubergren takimata est sanctus sadipscing facilisis stet kasd no aliquam diam erat no vel delenit et in. Commodo adipiscing in diam luptatum et facilisi dolore magna feugait dolore vulputate cum et dolor tempor dolores et. Laoreet labore wisi velit magna aliquip sed quod. Eirmod dolores placerat sed sed lorem molestie est consetetur et exerci lorem sed erat sed feugait sadipscing invidunt. Ipsum aliquyam sadipscing takimata ut stet ea ea velit et et invidunt ut. Et gubergren sit labore facilisis sanctus facer sit praesent consequat amet et. Dolor aliquyam ut sanctus stet dolores vel vulputate diam tempor ut consetetur. Amet vero eos voluptua kasd consequat dolore aliquam rebum magna sit et elitr sadipscing aliquyam. Diam clita eu elitr congue et feugiat consetetur ut dolore rebum diam clita invidunt aliquyam vel eos sit. Sed ut et lorem luptatum. In hendrerit blandit dolores.\nVero esse velit. Dolor magna diam imperdiet gubergren et sadipscing at consetetur at. Kasd sed gubergren vel magna dolore dolor soluta sadipscing et justo no ipsum elitr dolore. Ea feugait amet sanctus invidunt tincidunt aliquip eirmod. Accusam liber blandit illum qui justo eos takimata invidunt rebum nisl voluptua ea lorem zzril. Erat et duo sit nonummy duo possim at vulputate sea. Erat tempor ipsum nonumy lorem eirmod veniam et ea dolores rebum sit facilisis consetetur amet. Est ipsum magna kasd aliquyam et no accusam voluptua in odio eos kasd kasd et facilisis. Lorem euismod amet et est adipiscing enim duis dolores elitr aliquyam. Lobortis nonumy sed nibh te dolor gubergren lobortis diam eu nobis justo. At feugiat feugiat et at ullamcorper accumsan kasd facer. Duo elit ea. Accusam sanctus ut nulla ad praesent molestie ea tempor ea amet sadipscing aliquyam nulla at sit lorem. Erat dolore lorem ipsum et. Justo elitr accusam nam elitr eu vero feugiat dignissim accumsan ut et facilisis luptatum et consectetuer. Diam voluptua eirmod sit vel erat est accusam gubergren takimata. Rebum lorem justo justo dolor dolor vel dolores est sanctus vel sanctus magna consetetur accusam.\nGubergren dolore erat magna diam lorem consequat tation invidunt sit labore. Amet velit et clita elit ipsum exerci ea et aliquip lorem magna tempor ipsum est vulputate. Diam gubergren duo aliquyam wisi sanctus rebum ut ut illum labore accusam.\n","publishDate":"2021-06-25T17:33:14.5890902+00:00"},{"id":13,"title":"Book 13","description":"Diam stet tation invidunt euismod et sit praesent accusam invidunt et sea nonumy wisi. Takimata ea minim. Invidunt lorem doming tempor sed rebum sanctus est ipsum clita amet. Sit et est duo gubergren nostrud sadipscing stet eos ipsum invidunt. Diam feugiat ea velit eros erat amet. Feugait sed justo no elitr sed. Nulla no justo stet sed accusam. Consetetur soluta gubergren option nonumy ea tempor et eu gubergren. Amet duis accusam feugiat stet odio tempor erat kasd consectetuer rebum nobis voluptua eros no at amet. Amet ut autem nostrud sea odio dolor sadipscing no sit suscipit rebum dolore kasd.\n","pageCount":1300,"excerpt":"Diam consequat ea accusam eirmod. Sit et quod sit aliquyam ut. Est sed id. Dignissim gubergren labore erat sit iriure doming adipiscing consequat sit eirmod euismod. Elitr sanctus magna sit diam ipsum aliquyam. Autem vel lorem clita labore dolor invidunt accusam diam diam amet.\nMolestie at clita amet invidunt illum dolor eirmod dolor. Labore vulputate in te vel dolore mazim dolor gubergren. Eos iusto placerat tempor gubergren dolore nonumy dolor. Justo tempor quis. Vero ut et diam lorem duo. Enim et amet veniam molestie tempor in aliquip clita. Accusam labore sit tempor amet justo gubergren et. Et at eos dolore. Dolore rebum et. Sea sit dolor consequat duis accusam eirmod ex labore eos magna. Duo sit vero feugiat. At aliquyam justo ipsum magna luptatum consetetur magna et vero ex ea diam aliquyam dolores ut stet velit. Sanctus nonumy dolore ea et ipsum in amet no no ipsum est no kasd magna autem eos. Eos sed volutpat sea nonumy justo stet invidunt amet et euismod amet sit sed invidunt elitr velit.\nAt labore nonumy amet liber ipsum vero hendrerit consetetur et. Lorem takimata autem accusam esse dolor. Sea labore tempor accumsan diam sea kasd amet sed dolore diam labore accusam magna vel labore. Nonumy facilisi rebum feugait veniam nonumy ut magna magna amet labore amet ipsum et nonumy diam soluta euismod. Et volutpat voluptua no ipsum consetetur duo aliquyam consectetuer sed dolores eirmod nonummy illum velit amet dolores at consetetur. Nostrud duo facilisis. Aliquyam ipsum kasd lorem ipsum congue ut et nonumy eirmod est option gubergren sed tempor dolor. Kasd no dolore sit in nulla takimata amet kasd dolore option accumsan molestie lorem sea vero consectetuer. Dolor nobis voluptua eos ipsum et sanctus sea sanctus magna.\nSadipscing takimata dolore et sea nonummy nam vero autem tempor. In dolores diam kasd et erat est nonumy vulputate quis diam rebum aliquyam voluptua sea minim lorem sed dolore. Diam erat placerat labore ut ut velit ut eu dolores et dolor duo illum. Amet vero hendrerit. Eos et voluptua at vero at nonumy tempor dolor vero et exerci lorem takimata sadipscing congue. Nostrud sed tempor lorem et. Sed dolores lorem at rebum. Gubergren consetetur sea nonumy enim nibh aliquyam invidunt sea sit vel aliquyam in vero kasd molestie et sit. Eos diam diam diam vel iriure vero eum lorem aliquip rebum no. Sadipscing sit hendrerit ut illum et tempor consectetuer labore sanctus iriure no dolor clita sit feugiat ipsum autem. Accusam nulla eum te et nonumy duo aliquyam clita et delenit aliquip liber invidunt.\nGubergren dolor justo dolor illum kasd. Sed sanctus sea eos diam sanctus et elit assum. Amet sanctus ipsum dolore lorem ea sed dolor consetetur voluptua facilisis no sed lorem lorem. Est dolor adipiscing ipsum dolor est augue et dignissim labore vero feugiat. Diam esse sed et et dolor ut magna dolor nostrud exerci dolores sed. Option eleifend eos erat vel dolor sea et consetetur consequat aliquyam dolore facilisis eum sit aliquip invidunt sed lorem. Elitr dolor est. Lorem vero sed sed sadipscing zzril et et gubergren. Luptatum erat dolor augue exerci diam suscipit lorem gubergren labore invidunt. Tempor nulla vel ea dolore consetetur odio. Voluptua consetetur praesent minim sed takimata. Facer dolor amet voluptua praesent dolor sea elitr et takimata lorem consequat possim iusto sadipscing duis. Duis volutpat et no et ut invidunt gubergren amet clita ea sadipscing invidunt vulputate velit et feugiat aliquyam. Sed duo amet diam.\n","publishDate":"2021-06-24T17:33:14.5891813+00:00"},{"id":14,"title":"Book 14","description":"Diam accusam id sit magna. Zzril rebum diam et gubergren stet eirmod et aliquip accusam labore eos congue voluptua autem feugait quod nulla. Nibh sed lorem consequat et feugiat dolore lorem aliquyam dolor consequat delenit ut vulputate molestie lorem illum magna. Ea kasd amet gubergren diam aliquyam dolore amet eros ipsum no ut molestie augue doming dolores clita. Ipsum gubergren elitr erat rebum autem aliquyam. Dolore dolor nulla lorem no ut eos velit gubergren et commodo ea nulla. Et sit velit voluptua diam volutpat consequat in nulla tempor esse molestie lorem laoreet voluptua magna justo diam. Dolor feugait et nulla aliquyam doming in ut ut elitr magna invidunt elitr diam et dolore gubergren. Aliquyam ea ut lorem consetetur. Invidunt ut et sadipscing delenit ut sed amet. Voluptua stet gubergren sanctus ipsum eos. At delenit facilisi sed kasd lorem lorem dolor consetetur gubergren hendrerit assum. Tempor feugait sed amet eros. Ipsum et adipiscing eos takimata consequat in luptatum.\n","pageCount":1400,"excerpt":"Kasd est labore est lobortis stet. Nonumy dignissim nonumy vel accumsan vero duo takimata accumsan eos imperdiet. Invidunt amet in vero sit dolor magna sit sea facer lorem. Sadipscing elitr ipsum sed gubergren lorem enim esse dolor et voluptua ut invidunt amet kasd tempor iriure vel dolores. Dolor ipsum feugait ut sed nulla consequat ut dolor nulla stet vel voluptua accusam eu. Labore facilisis tempor. Facilisis amet duo diam lorem dolor sea et. Consetetur et invidunt rebum labore eirmod illum et rebum consectetuer sanctus nibh. Gubergren ipsum voluptua est dignissim accusam sea sed consequat clita dolore feugiat ea invidunt ipsum. Ea lorem vero magna dolor ut sit wisi qui quis diam kasd facilisis. Sed accusam dolor ea ea tempor est ut eos laoreet iriure sed. At nulla tempor stet ut dolore ea diam adipiscing laoreet qui imperdiet amet consequat hendrerit ea nonumy ut ipsum. Aliquip nulla nisl ut. Volutpat clita et ex tation sadipscing sed. Ut no rebum est gubergren sanctus ipsum aliquyam lorem clita dolor amet sadipscing vero. Volutpat quod no invidunt esse invidunt ex. Nulla vero sadipscing sed lobortis vulputate dolor rebum sed no eros ipsum dolore vero lorem adipiscing. Est dolor sit vero ut et duo facilisi id duo ipsum et diam nonummy sit eleifend takimata dolores feugiat. Et nulla lobortis at.\nElit lorem magna voluptua et velit hendrerit est nibh dolor vero nam. Wisi eos diam eirmod gubergren. Dolor quis duo nisl. Erat sit diam sed enim kasd sadipscing vero autem no. Et diam eirmod dolor eos eirmod voluptua amet tempor ea autem sea dolore blandit nulla aliquyam sit lorem. Sit magna diam et possim minim dolor ipsum et sea feugait blandit accusam consetetur ut diam erat. Nonumy est lorem et ipsum sit feugiat accusam et voluptua possim. In clita duo sea est feugait nisl mazim et duis ipsum dolores lorem invidunt facilisi magna molestie. Vero augue lorem ut feugait dolor ea exerci no sed sit dolor amet dolores. Dolor stet te et nulla at ut sit duo eu in tation option est ut ipsum ipsum consetetur consequat. Facilisis erat diam sadipscing nisl et ut. Autem iusto invidunt magna sea nisl eirmod id consequat minim in tempor no ipsum lorem et tempor. Justo blandit kasd suscipit dignissim duo sanctus vero voluptua nonumy magna.\nIn sed et et sed eos sea. Consetetur minim dolor imperdiet tempor assum molestie eirmod et clita accusam consequat sed takimata diam sit dolore. Ut sadipscing eirmod feugiat et at invidunt in takimata et sit ipsum ipsum diam at elitr te ipsum. Mazim autem eirmod delenit dolores et eirmod te dolor ullamcorper dolore tempor takimata duo sed lorem nonummy nonumy ad. Vero suscipit sit consequat amet nonumy labore sanctus ipsum quod aliquyam.\nTakimata aliquip justo illum dolor dolor ex dolore et augue. Illum clita nonumy dolor enim. Euismod hendrerit duis doming congue dolor consequat. Gubergren qui odio amet no takimata amet sadipscing clita. Placerat vel soluta no eirmod ea iriure sanctus nulla tempor erat ea clita. Diam magna sit. Dolore duo lorem iusto stet voluptua kasd facilisi sit sit. Vel hendrerit dolor illum dolore dolor. Lorem clita praesent amet eirmod congue eos. Amet tempor justo. Imperdiet facilisi diam amet dolore amet ut cum amet est diam eirmod lorem dolore labore clita ipsum ut. Magna voluptua clita nostrud sit et no. Vero sit feugiat rebum. Elitr ea ipsum exerci consequat erat dolor consetetur stet. Et lorem praesent cum.\nRebum sed aliquyam ut. Commodo kasd labore commodo amet sit ipsum sea dignissim nisl et voluptua nisl ipsum sadipscing. Vero eum vel accusam duo et lorem adipiscing sanctus diam ipsum sit sadipscing magna labore est invidunt ipsum. Ex consequat sed duis vero. Sit eum stet nonumy et aliquyam duo elitr. Clita sea veniam consequat eirmod invidunt labore sed velit eos voluptua dolores no stet nulla no et amet ut. Sed accumsan odio sadipscing ipsum. Lorem in sanctus consetetur duo dolore quod nonummy. Takimata nulla minim lorem accusam eos ipsum tempor kasd congue
[...]
</kw>
<kw name="Should Not Be Empty" library="BuiltIn">
<arg>${RESPOSTA.json()["excerpt"]}</arg>
<doc>Verifies that the given item is not empty.</doc>
<msg timestamp="20210707 14:31:28.553" level="INFO">Length is 3913</msg>
<status status="PASS" starttime="20210707 14:31:28.553" endtime="20210707 14:31:28.553"/>
</kw>
<kw name="Should Not Be Empty" library="BuiltIn">
<arg>${RESPOSTA.json()["publishDate"]}</arg>
<doc>Verifies that the given item is not empty.</doc>
<msg timestamp="20210707 14:31:28.554" level="INFO">Length is 33</msg>
<status status="PASS" starttime="20210707 14:31:28.553" endtime="20210707 14:31:28.554"/>
</kw>
<status status="PASS" starttime="20210707 14:31:28.547" endtime="20210707 14:31:28.554"/>
</kw>
<status status="PASS" starttime="20210707 14:31:28.254" endtime="20210707 14:31:28.555"/>
</test>
<test id="s1-t3" name="Cadastrar um novo livro (POST)">
<kw name="Cadastrar um novo livro" library="ResourceAPI">
<kw name="Post Request" library="RequestsLibrary">
<var>${RESPOSTA}</var>
<arg>fakeAPI</arg>
<arg>Books</arg>
<arg>data={"ID": ${BOOK_201.ID},"Title": "${BOOK_201.Title}","Description": "${BOOK_201.Description}","PageCount": ${BOOK_201.PageCount},"Excerpt": "${BOOK_201.Excerpt}","PublishDate": "${BOOK_201.PublishDate}"}</arg>
<arg>headers=${HEADERS}</arg>
<doc>*DEPRECATED* Please use `POST On Session` instead.</doc>
<msg timestamp="20210707 14:31:28.557" level="WARN">Keyword 'RequestsLibrary.Post Request' is deprecated. Please use `POST On Session` instead.</msg>
<msg timestamp="20210707 14:31:28.775" level="INFO">POST Request : url=https://fakerestapi.azurewebsites.net/api/v1/Books 
 path_url=/api/v1/Books 
 headers={'User-Agent': 'python-requests/2.25.1', 'Accept-Encoding': 'gzip, deflate', 'Accept': '*/*', 'Connection': 'keep-alive', 'content-type': 'application/json', 'Content-Length': '190'} 
 body=b'{"ID": 201,"Title": "Meu novo Book","Description": "Meu novo livro conta coisas fant\xc3\xa1sticas","PageCount": 523,"Excerpt": "Meu Novo livro \xc3\xa9 massa","PublishDate": "2018-04-26T17:58:14.765Z"}' 
 </msg>
<msg timestamp="20210707 14:31:28.775" level="INFO">POST Response : url=https://fakerestapi.azurewebsites.net/api/v1/Books 
 status=200, reason=OK 
 headers={'Transfer-Encoding': 'chunked', 'Content-Type': 'application/json; charset=utf-8; v=1.0', 'Server': 'Kestrel', 'api-supported-versions': '1.0', 'Date': 'Wed, 07 Jul 2021 17:33:16 GMT'} 
 body={"id":201,"title":"Meu novo Book","description":"Meu novo livro conta coisas fantásticas","pageCount":523,"excerpt":"Meu Novo livro é massa","publishDate":"2018-04-26T17:58:14.765Z"} 
 </msg>
<msg timestamp="20210707 14:31:28.776" level="INFO">c:\users\barbara\appdata\local\programs\python\python39\lib\site-packages\urllib3\connectionpool.py:1013: InsecureRequestWarning: Unverified HTTPS request is being made to host 'fakerestapi.azurewebsites.net'. Adding certificate verification is strongly advised. See: https://urllib3.readthedocs.io/en/1.26.x/advanced-usage.html#ssl-warnings
  warnings.warn(</msg>
<msg timestamp="20210707 14:31:28.780" level="INFO">${RESPOSTA} = &lt;Response [200]&gt;</msg>
<status status="PASS" starttime="20210707 14:31:28.557" endtime="20210707 14:31:28.780"/>
</kw>
<kw name="Log" library="BuiltIn">
<arg>${RESPOSTA.text}</arg>
<doc>Logs the given message with the given level.</doc>
<msg timestamp="20210707 14:31:28.784" level="INFO">{"id":201,"title":"Meu novo Book","description":"Meu novo livro conta coisas fantásticas","pageCount":523,"excerpt":"Meu Novo livro é massa","publishDate":"2018-04-26T17:58:14.765Z"}</msg>
<status status="PASS" starttime="20210707 14:31:28.781" endtime="20210707 14:31:28.784"/>
</kw>
<kw name="Set Test Variable" library="BuiltIn">
<arg>${RESPOSTA}</arg>
<doc>Makes a variable available everywhere within the scope of the current test.</doc>
<msg timestamp="20210707 14:31:28.785" level="INFO">${RESPOSTA} = &lt;Response [200]&gt;</msg>
<status status="PASS" starttime="20210707 14:31:28.784" endtime="20210707 14:31:28.785"/>
</kw>
<status status="PASS" starttime="20210707 14:31:28.556" endtime="20210707 14:31:28.785"/>
</kw>
<kw name="Conferir o status code" library="ResourceAPI">
<arg>200</arg>
<kw name="Should Be Equal As Strings" library="BuiltIn">
<arg>${RESPOSTA.status_code}</arg>
<arg>${STATUSCODE_DESEJADO}</arg>
<doc>Fails if objects are unequal after converting them to strings.</doc>
<msg timestamp="20210707 14:31:28.786" level="INFO">Argument types are:
&lt;class 'int'&gt;
&lt;type 'unicode'&gt;</msg>
<status status="PASS" starttime="20210707 14:31:28.786" endtime="20210707 14:31:28.787"/>
</kw>
<status status="PASS" starttime="20210707 14:31:28.785" endtime="20210707 14:31:28.787"/>
</kw>
<kw name="Conferir o reason" library="ResourceAPI">
<arg>OK</arg>
<kw name="Should Be Equal As Strings" library="BuiltIn">
<arg>${RESPOSTA.reason}</arg>
<arg>${REASON_DESEJADO}</arg>
<doc>Fails if objects are unequal after converting them to strings.</doc>
<status status="PASS" starttime="20210707 14:31:28.788" endtime="20210707 14:31:28.789"/>
</kw>
<status status="PASS" starttime="20210707 14:31:28.787" endtime="20210707 14:31:28.789"/>
</kw>
<kw name="Conferir se retorna todos os dados cadastrados do livro &quot;201&quot;" library="ResourceAPI" sourcename="Conferir se retorna todos os dados cadastrados do livro &quot;${ID_LIVRO}&quot;">
<kw name="Conferir livro" library="ResourceAPI">
<arg>${ID_LIVRO}</arg>
<kw name="Dictionary Should Contain Item" library="Collections">
<arg>${RESPOSTA.json()}</arg>
<arg>id</arg>
<arg>${BOOK_${ID_LIVRO}.ID}</arg>
<doc>An item of ``key`` / ``value`` must be found in a ``dictionary``.</doc>
<status status="PASS" starttime="20210707 14:31:28.790" endtime="20210707 14:31:28.791"/>
</kw>
<kw name="Dictionary Should Contain Item" library="Collections">
<arg>${RESPOSTA.json()}</arg>
<arg>title</arg>
<arg>${BOOK_${ID_LIVRO}.Title}</arg>
<doc>An item of ``key`` / ``value`` must be found in a ``dictionary``.</doc>
<status status="PASS" starttime="20210707 14:31:28.791" endtime="20210707 14:31:28.792"/>
</kw>
<kw name="Dictionary Should Contain Item" library="Collections">
<arg>${RESPOSTA.json()}</arg>
<arg>description</arg>
<arg>${BOOK_${ID_LIVRO}.Description}</arg>
<doc>An item of ``key`` / ``value`` must be found in a ``dictionary``.</doc>
<status status="PASS" starttime="20210707 14:31:28.792" endtime="20210707 14:31:28.793"/>
</kw>
<kw name="Dictionary Should Contain Item" library="Collections">
<arg>${RESPOSTA.json()}</arg>
<arg>pageCount</arg>
<arg>${BOOK_${ID_LIVRO}.PageCount}</arg>
<doc>An item of ``key`` / ``value`` must be found in a ``dictionary``.</doc>
<status status="PASS" starttime="20210707 14:31:28.794" endtime="20210707 14:31:28.795"/>
</kw>
<kw name="Dictionary Should Contain Item" library="Collections">
<arg>${RESPOSTA.json()}</arg>
<arg>excerpt</arg>
<arg>${BOOK_${ID_LIVRO}.Excerpt}</arg>
<doc>An item of ``key`` / ``value`` must be found in a ``dictionary``.</doc>
<status status="PASS" starttime="20210707 14:31:28.795" endtime="20210707 14:31:28.796"/>
</kw>
<kw name="Dictionary Should Contain Item" library="Collections">
<arg>${RESPOSTA.json()}</arg>
<arg>publishDate</arg>
<arg>${BOOK_${ID_LIVRO}.PublishDate}</arg>
<doc>An item of ``key`` / ``value`` must be found in a ``dictionary``.</doc>
<status status="PASS" starttime="20210707 14:31:28.796" endtime="20210707 14:31:28.797"/>
</kw>
<status status="PASS" starttime="20210707 14:31:28.790" endtime="20210707 14:31:28.797"/>
</kw>
<status status="PASS" starttime="20210707 14:31:28.789" endtime="20210707 14:31:28.797"/>
</kw>
<status status="PASS" starttime="20210707 14:31:28.556" endtime="20210707 14:31:28.798"/>
</test>
<test id="s1-t4" name="Alterar um livro (PUT)">
<kw name="Alterar o livro &quot;150&quot;" library="ResourceAPI" sourcename="Alterar o livro &quot;${ID_LIVRO}&quot;">
<kw name="Put Request" library="RequestsLibrary">
<var>${RESPOSTA}</var>
<arg>fakeAPI</arg>
<arg>Books/${ID_LIVRO}</arg>
<arg>data={"ID": ${BOOK_150.ID},"Title": "${BOOK_150.Title}","Description": "${BOOK_150.Description}","PageCount": ${BOOK_150.PageCount},"Excerpt": "${BOOK_150.Excerpt}","PublishDate": "${BOOK_150.PublishDate}"}</arg>
<arg>headers=${HEADERS}</arg>
<doc>*DEPRECATED* Please use `PUT On Session` instead.</doc>
<msg timestamp="20210707 14:31:28.800" level="WARN">Keyword 'RequestsLibrary.Put Request' is deprecated. Please use `PUT On Session` instead.</msg>
<msg timestamp="20210707 14:31:29.019" level="INFO">PUT Request : url=https://fakerestapi.azurewebsites.net/api/v1/Books/150 
 path_url=/api/v1/Books/150 
 headers={'User-Agent': 'python-requests/2.25.1', 'Accept-Encoding': 'gzip, deflate', 'Accept': '*/*', 'Connection': 'keep-alive', 'content-type': 'application/json', 'Content-Length': '188'} 
 body=b'{"ID": 150,"Title": "Book 150 alterado","Description": "Descri\xc3\xa7\xc3\xa3o do book 150 alteada","PageCount": 600,"Excerpt": "Resumo do book 150 alteado","PublishDate": "2017-04-26T15:58:14.765Z"}' 
 </msg>
<msg timestamp="20210707 14:31:29.020" level="INFO">PUT Response : url=https://fakerestapi.azurewebsites.net/api/v1/Books/150 
 status=200, reason=OK 
 headers={'Transfer-Encoding': 'chunked', 'Content-Type': 'application/json; charset=utf-8; v=1.0', 'Server': 'Kestrel', 'api-supported-versions': '1.0', 'Date': 'Wed, 07 Jul 2021 17:33:16 GMT'} 
 body={"id":150,"title":"Book 150 alterado","description":"Descrição do book 150 alteada","pageCount":600,"excerpt":"Resumo do book 150 alteado","publishDate":"2017-04-26T15:58:14.765Z"} 
 </msg>
<msg timestamp="20210707 14:31:29.020" level="INFO">c:\users\barbara\appdata\local\programs\python\python39\lib\site-packages\urllib3\connectionpool.py:1013: InsecureRequestWarning: Unverified HTTPS request is being made to host 'fakerestapi.azurewebsites.net'. Adding certificate verification is strongly advised. See: https://urllib3.readthedocs.io/en/1.26.x/advanced-usage.html#ssl-warnings
  warnings.warn(</msg>
<msg timestamp="20210707 14:31:29.024" level="INFO">${RESPOSTA} = &lt;Response [200]&gt;</msg>
<status status="PASS" starttime="20210707 14:31:28.800" endtime="20210707 14:31:29.024"/>
</kw>
<kw name="Log" library="BuiltIn">
<arg>${RESPOSTA.text}</arg>
<doc>Logs the given message with the given level.</doc>
<msg timestamp="20210707 14:31:29.026" level="INFO">{"id":150,"title":"Book 150 alterado","description":"Descrição do book 150 alteada","pageCount":600,"excerpt":"Resumo do book 150 alteado","publishDate":"2017-04-26T15:58:14.765Z"}</msg>
<status status="PASS" starttime="20210707 14:31:29.025" endtime="20210707 14:31:29.026"/>
</kw>
<kw name="Set Test Variable" library="BuiltIn">
<arg>${RESPOSTA}</arg>
<doc>Makes a variable available everywhere within the scope of the current test.</doc>
<msg timestamp="20210707 14:31:29.027" level="INFO">${RESPOSTA} = &lt;Response [200]&gt;</msg>
<status status="PASS" starttime="20210707 14:31:29.026" endtime="20210707 14:31:29.027"/>
</kw>
<status status="PASS" starttime="20210707 14:31:28.799" endtime="20210707 14:31:29.027"/>
</kw>
<kw name="Conferir o status code" library="ResourceAPI">
<arg>200</arg>
<kw name="Should Be Equal As Strings" library="BuiltIn">
<arg>${RESPOSTA.status_code}</arg>
<arg>${STATUSCODE_DESEJADO}</arg>
<doc>Fails if objects are unequal after converting them to strings.</doc>
<msg timestamp="20210707 14:31:29.029" level="INFO">Argument types are:
&lt;class 'int'&gt;
&lt;type 'unicode'&gt;</msg>
<status status="PASS" starttime="20210707 14:31:29.028" endtime="20210707 14:31:29.029"/>
</kw>
<status status="PASS" starttime="20210707 14:31:29.028" endtime="20210707 14:31:29.029"/>
</kw>
<kw name="Conferir o reason" library="ResourceAPI">
<arg>OK</arg>
<kw name="Should Be Equal As Strings" library="BuiltIn">
<arg>${RESPOSTA.reason}</arg>
<arg>${REASON_DESEJADO}</arg>
<doc>Fails if objects are unequal after converting them to strings.</doc>
<status status="PASS" starttime="20210707 14:31:29.030" endtime="20210707 14:31:29.031"/>
</kw>
<status status="PASS" starttime="20210707 14:31:29.029" endtime="20210707 14:31:29.031"/>
</kw>
<kw name="Conferir se retorna todos os dados alterados do livro &quot;150&quot;" library="ResourceAPI" sourcename="Conferir se retorna todos os dados alterados do livro &quot;${ID_LIVRO}&quot;">
<kw name="Conferir livro" library="ResourceAPI">
<arg>${ID_LIVRO}</arg>
<kw name="Dictionary Should Contain Item" library="Collections">
<arg>${RESPOSTA.json()}</arg>
<arg>id</arg>
<arg>${BOOK_${ID_LIVRO}.ID}</arg>
<doc>An item of ``key`` / ``value`` must be found in a ``dictionary``.</doc>
<status status="PASS" starttime="20210707 14:31:29.033" endtime="20210707 14:31:29.034"/>
</kw>
<kw name="Dictionary Should Contain Item" library="Collections">
<arg>${RESPOSTA.json()}</arg>
<arg>title</arg>
<arg>${BOOK_${ID_LIVRO}.Title}</arg>
<doc>An item of ``key`` / ``value`` must be found in a ``dictionary``.</doc>
<status status="PASS" starttime="20210707 14:31:29.034" endtime="20210707 14:31:29.035"/>
</kw>
<kw name="Dictionary Should Contain Item" library="Collections">
<arg>${RESPOSTA.json()}</arg>
<arg>description</arg>
<arg>${BOOK_${ID_LIVRO}.Description}</arg>
<doc>An item of ``key`` / ``value`` must be found in a ``dictionary``.</doc>
<status status="PASS" starttime="20210707 14:31:29.035" endtime="20210707 14:31:29.036"/>
</kw>
<kw name="Dictionary Should Contain Item" library="Collections">
<arg>${RESPOSTA.json()}</arg>
<arg>pageCount</arg>
<arg>${BOOK_${ID_LIVRO}.PageCount}</arg>
<doc>An item of ``key`` / ``value`` must be found in a ``dictionary``.</doc>
<status status="PASS" starttime="20210707 14:31:29.036" endtime="20210707 14:31:29.037"/>
</kw>
<kw name="Dictionary Should Contain Item" library="Collections">
<arg>${RESPOSTA.json()}</arg>
<arg>excerpt</arg>
<arg>${BOOK_${ID_LIVRO}.Excerpt}</arg>
<doc>An item of ``key`` / ``value`` must be found in a ``dictionary``.</doc>
<status status="PASS" starttime="20210707 14:31:29.037" endtime="20210707 14:31:29.038"/>
</kw>
<kw name="Dictionary Should Contain Item" library="Collections">
<arg>${RESPOSTA.json()}</arg>
<arg>publishDate</arg>
<arg>${BOOK_${ID_LIVRO}.PublishDate}</arg>
<doc>An item of ``key`` / ``value`` must be found in a ``dictionary``.</doc>
<status status="PASS" starttime="20210707 14:31:29.039" endtime="20210707 14:31:29.040"/>
</kw>
<status status="PASS" starttime="20210707 14:31:29.032" endtime="20210707 14:31:29.040"/>
</kw>
<status status="PASS" starttime="20210707 14:31:29.032" endtime="20210707 14:31:29.040"/>
</kw>
<status status="PASS" starttime="20210707 14:31:28.799" endtime="20210707 14:31:29.040"/>
</test>
<test id="s1-t5" name="Deletar um livro (DELETE)">
<kw name="Excluir o livro &quot;200&quot;" library="ResourceAPI" sourcename="Excluir o livro &quot;${ID_LIVRO}&quot;">
<kw name="Delete Request" library="RequestsLibrary">
<var>${RESPOSTA}</var>
<arg>fakeAPI</arg>
<arg>Books/${ID_LIVRO}</arg>
<doc>*DEPRECATED* Please use `DELETE On Session` instead.</doc>
<msg timestamp="20210707 14:31:29.042" level="WARN">Keyword 'RequestsLibrary.Delete Request' is deprecated. Please use `DELETE On Session` instead.</msg>
<msg timestamp="20210707 14:31:29.259" level="INFO">DELETE Request : url=https://fakerestapi.azurewebsites.net/api/v1/Books/200 
 path_url=/api/v1/Books/200 
 headers={'User-Agent': 'python-requests/2.25.1', 'Accept-Encoding': 'gzip, deflate', 'Accept': '*/*', 'Connection': 'keep-alive', 'Content-Length': '0'} 
 body=None 
 </msg>
<msg timestamp="20210707 14:31:29.259" level="INFO">DELETE Response : url=https://fakerestapi.azurewebsites.net/api/v1/Books/200 
 status=200, reason=OK 
 headers={'Server': 'Kestrel', 'api-supported-versions': '1.0', 'Date': 'Wed, 07 Jul 2021 17:33:16 GMT', 'Content-Length': '0'} 
 body=None 
 </msg>
<msg timestamp="20210707 14:31:29.259" level="INFO">c:\users\barbara\appdata\local\programs\python\python39\lib\site-packages\urllib3\connectionpool.py:1013: InsecureRequestWarning: Unverified HTTPS request is being made to host 'fakerestapi.azurewebsites.net'. Adding certificate verification is strongly advised. See: https://urllib3.readthedocs.io/en/1.26.x/advanced-usage.html#ssl-warnings
  warnings.warn(</msg>
<msg timestamp="20210707 14:31:29.262" level="INFO">${RESPOSTA} = &lt;Response [200]&gt;</msg>
<status status="PASS" starttime="20210707 14:31:29.042" endtime="20210707 14:31:29.262"/>
</kw>
<kw name="Log" library="BuiltIn">
<arg>${RESPOSTA.text}</arg>
<doc>Logs the given message with the given level.</doc>
<msg timestamp="20210707 14:31:29.265" level="INFO"/>
<status status="PASS" starttime="20210707 14:31:29.263" endtime="20210707 14:31:29.266"/>
</kw>
<kw name="Set Test Variable" library="BuiltIn">
<arg>${RESPOSTA}</arg>
<doc>Makes a variable available everywhere within the scope of the current test.</doc>
<msg timestamp="20210707 14:31:29.267" level="INFO">${RESPOSTA} = &lt;Response [200]&gt;</msg>
<status status="PASS" starttime="20210707 14:31:29.266" endtime="20210707 14:31:29.267"/>
</kw>
<status status="PASS" starttime="20210707 14:31:29.042" endtime="20210707 14:31:29.267"/>
</kw>
<kw name="Conferir o status code" library="ResourceAPI">
<arg>200</arg>
<kw name="Should Be Equal As Strings" library="BuiltIn">
<arg>${RESPOSTA.status_code}</arg>
<arg>${STATUSCODE_DESEJADO}</arg>
<doc>Fails if objects are unequal after converting them to strings.</doc>
<msg timestamp="20210707 14:31:29.269" level="INFO">Argument types are:
&lt;class 'int'&gt;
&lt;type 'unicode'&gt;</msg>
<status status="PASS" starttime="20210707 14:31:29.268" endtime="20210707 14:31:29.269"/>
</kw>
<status status="PASS" starttime="20210707 14:31:29.268" endtime="20210707 14:31:29.269"/>
</kw>
<kw name="Conferir o reason" library="ResourceAPI">
<arg>OK</arg>
<kw name="Should Be Equal As Strings" library="BuiltIn">
<arg>${RESPOSTA.reason}</arg>
<arg>${REASON_DESEJADO}</arg>
<doc>Fails if objects are unequal after converting them to strings.</doc>
<status status="PASS" starttime="20210707 14:31:29.270" endtime="20210707 14:31:29.271"/>
</kw>
<status status="PASS" starttime="20210707 14:31:29.269" endtime="20210707 14:31:29.271"/>
</kw>
<kw name="Conferir se excluiu o livro &quot;200&quot;" library="ResourceAPI" sourcename="Conferir se excluiu o livro &quot;${ID_LIVRO}&quot;">
<kw name="Should Be Empty" library="BuiltIn">
<arg>${RESPOSTA.content}</arg>
<doc>Verifies that the given item is empty.</doc>
<msg timestamp="20210707 14:31:29.272" level="INFO">Length is 0</msg>
<status status="PASS" starttime="20210707 14:31:29.272" endtime="20210707 14:31:29.272"/>
</kw>
<status status="PASS" starttime="20210707 14:31:29.271" endtime="20210707 14:31:29.272"/>
</kw>
<status status="PASS" starttime="20210707 14:31:29.042" endtime="20210707 14:31:29.273"/>
</test>
<doc>Documentação da API: https://fakerestapi.azurewebsites.net/swagger/ui/index#!/Books</doc>
<status status="PASS" starttime="20210707 14:31:25.482" endtime="20210707 14:31:29.274"/>
</suite>
<statistics>
<total>
<stat pass="5" fail="0" skip="0">All Tests</stat>
</total>
<tag>
</tag>
<suite>
<stat pass="5" fail="0" skip="0" id="s1" name="TestCasesAPIBooks">TestCasesAPIBooks</stat>
</suite>
</statistics>
<errors>
<msg timestamp="20210707 14:31:25.609" level="WARN">Keyword 'RequestsLibrary.Get Request' is deprecated. Please use `GET On Session` instead.</msg>
<msg timestamp="20210707 14:31:28.255" level="WARN">Keyword 'RequestsLibrary.Get Request' is deprecated. Please use `GET On Session` instead.</msg>
<msg timestamp="20210707 14:31:28.557" level="WARN">Keyword 'RequestsLibrary.Post Request' is deprecated. Please use `POST On Session` instead.</msg>
<msg timestamp="20210707 14:31:28.800" level="WARN">Keyword 'RequestsLibrary.Put Request' is deprecated. Please use `PUT On Session` instead.</msg>
<msg timestamp="20210707 14:31:29.042" level="WARN">Keyword 'RequestsLibrary.Delete Request' is deprecated. Please use `DELETE On Session` instead.</msg>
</errors>
</robot>
